{"numTotalTestSuites":701,"numPassedTestSuites":701,"numFailedTestSuites":0,"numPendingTestSuites":0,"numTotalTests":2018,"numPassedTests":2008,"numFailedTests":0,"numPendingTests":10,"numTodoTests":0,"snapshot":{"added":0,"failure":false,"filesAdded":0,"filesRemoved":0,"filesRemovedList":[],"filesUnmatched":0,"filesUpdated":0,"matched":0,"total":0,"unchecked":0,"uncheckedKeysByFile":[],"unmatched":0,"updated":0,"didUpdate":false},"startTime":1787779269794,"success":true,"testResults":[{"assertionResults":[{"ancestorTitles":["Access Control — Advisor Accounts & Trial System","Access Tier Logic"],"fullName":"Access Control — Advisor Accounts & Trial System Access Tier Logic legacy-trial-pass password should map to 'trial' access tier","status":"passed","title":"legacy-trial-pass password should map to 'trial' access tier","duration":1.7160890000000109,"failureMessages":[],"meta":{}},{"ancestorTitles":["Access Control — Advisor Accounts & Trial System","Access Tier Logic"],"fullName":"Access Control — Advisor Accounts & Trial System Access Tier Logic legacy-eternal-pass-b password should map to 'unlimited' access tier","status":"passed","title":"legacy-eternal-pass-b password should map to 'unlimited' access tier","duration":0.28621600000002445,"failureMessages":[],"meta":{}},{"ancestorTitles":["Access Control — Advisor Accounts & Trial System","Access Tier Logic"],"fullName":"Access Control — Advisor Accounts & Trial System Access Tier Logic Invalid password should be rejected","status":"passed","title":"Invalid password should be rejected","duration":0.19964399999997795,"failureMessages":[],"meta":{}},{"ancestorTitles":["Access Control — Advisor Accounts & Trial System","Access Tier Logic"],"fullName":"Access Control — Advisor Accounts & Trial System Access Tier Logic Empty password should be rejected","status":"passed","title":"Empty password should be rejected","duration":0.19940400000001546,"failureMessages":[],"meta":{}},{"ancestorTitles":["Access Control — Advisor Accounts & Trial System","Trial Time Tracking"],"fullName":"Access Control — Advisor Accounts & Trial System Trial Time Tracking should have a 3-hour (10800 second) trial limit","status":"passed","title":"should have a 3-hour (10800 second) trial limit","duration":0.29775300000000016,"failureMessages":[],"meta":{}},{"ancestorTitles":["Access Control — Advisor Accounts & Trial System","Trial Time Tracking"],"fullName":"Access Control — Advisor Accounts & Trial System Trial Time Tracking should not be expired when 0 seconds used","status":"passed","title":"should not be expired when 0 seconds used","duration":0.2321619999999598,"failureMessages":[],"meta":{}},{"ancestorTitles":["Access Control — Advisor Accounts & Trial System","Trial Time Tracking"],"fullName":"Access Control — Advisor Accounts & Trial System Trial Time Tracking should not be expired when 5400 seconds (1.5 hours) used","status":"passed","title":"should not be expired when 5400 seconds (1.5 hours) used","duration":0.17943300000001727,"failureMessages":[],"meta":{}},{"ancestorTitles":["Access Control — Advisor Accounts & Trial System","Trial Time Tracking"],"fullName":"Access Control — Advisor Accounts & Trial System Trial Time Tracking should be expired when exactly 10800 seconds used","status":"passed","title":"should be expired when exactly 10800 seconds used","duration":0.15997999999996182,"failureMessages":[],"meta":{}},{"ancestorTitles":["Access Control — Advisor Accounts & Trial System","Trial Time Tracking"],"fullName":"Access Control — Advisor Accounts & Trial System Trial Time Tracking should be expired when more than 10800 seconds used","status":"passed","title":"should be expired when more than 10800 seconds used","duration":0.33232299999997394,"failureMessages":[],"meta":{}},{"ancestorTitles":["Access Control — Advisor Accounts & Trial System","Trial Time Tracking"],"fullName":"Access Control — Advisor Accounts & Trial System Trial Time Tracking should correctly calculate remaining seconds","status":"passed","title":"should correctly calculate remaining seconds","duration":0.21334199999995462,"failureMessages":[],"meta":{}},{"ancestorTitles":["Access Control — Advisor Accounts & Trial System","Trial Time Tracking"],"fullName":"Access Control — Advisor Accounts & Trial System Trial Time Tracking should clamp remaining to 0 when over limit","status":"passed","title":"should clamp remaining to 0 when over limit","duration":0.1642259999999851,"failureMessages":[],"meta":{}},{"ancestorTitles":["Access Control — Advisor Accounts & Trial System","Trial Time Tracking"],"fullName":"Access Control — Advisor Accounts & Trial System Trial Time Tracking should accumulate heartbeat seconds correctly","status":"passed","title":"should accumulate heartbeat seconds correctly","duration":0.15317199999998365,"failureMessages":[],"meta":{}},{"ancestorTitles":["Access Control — Advisor Accounts & Trial System","30-Minute Notification Milestones"],"fullName":"Access Control — Advisor Accounts & Trial System 30-Minute Notification Milestones should trigger notification at 30-minute mark","status":"passed","title":"should trigger notification at 30-minute mark","duration":0.25994300000002113,"failureMessages":[],"meta":{}},{"ancestorTitles":["Access Control — Advisor Accounts & Trial System","30-Minute Notification Milestones"],"fullName":"Access Control — Advisor Accounts & Trial System 30-Minute Notification Milestones should not trigger notification within same 30-minute window","status":"passed","title":"should not trigger notification within same 30-minute window","duration":0.1656269999999722,"failureMessages":[],"meta":{}},{"ancestorTitles":["Access Control — Advisor Accounts & Trial System","30-Minute Notification Milestones"],"fullName":"Access Control — Advisor Accounts & Trial System 30-Minute Notification Milestones should trigger at 1-hour mark (second notification)","status":"passed","title":"should trigger at 1-hour mark (second notification)","duration":0.17171500000000606,"failureMessages":[],"meta":{}},{"ancestorTitles":["Access Control — Advisor Accounts & Trial System","30-Minute Notification Milestones"],"fullName":"Access Control — Advisor Accounts & Trial System 30-Minute Notification Milestones should trigger at 2.5-hour mark (fifth notification)","status":"passed","title":"should trigger at 2.5-hour mark (fifth notification)","duration":0.1732820000000288,"failureMessages":[],"meta":{}},{"ancestorTitles":["Access Control — Advisor Accounts & Trial System","Effective Access Tier"],"fullName":"Access Control — Advisor Accounts & Trial System Effective Access Tier Sam Russell always gets unlimited","status":"passed","title":"Sam Russell always gets unlimited","duration":0.19095699999996896,"failureMessages":[],"meta":{}},{"ancestorTitles":["Access Control — Advisor Accounts & Trial System","Effective Access Tier"],"fullName":"Access Control — Advisor Accounts & Trial System Effective Access Tier legacy-eternal-pass-b user gets unlimited regardless of account state","status":"passed","title":"legacy-eternal-pass-b user gets unlimited regardless of account state","duration":0.14328400000005104,"failureMessages":[],"meta":{}},{"ancestorTitles":["Access Control — Advisor Accounts & Trial System","Effective Access Tier"],"fullName":"Access Control — Advisor Accounts & Trial System Effective Access Tier Account previously upgraded to unlimited stays unlimited","status":"passed","title":"Account previously upgraded to unlimited stays unlimited","duration":0.1395390000000134,"failureMessages":[],"meta":{}},{"ancestorTitles":["Access Control — Advisor Accounts & Trial System","Effective Access Tier"],"fullName":"Access Control — Advisor Accounts & Trial System Effective Access Tier Active subscriber gets subscriber tier","status":"passed","title":"Active subscriber gets subscriber tier","duration":0.13358799999997473,"failureMessages":[],"meta":{}},{"ancestorTitles":["Access Control — Advisor Accounts & Trial System","Effective Access Tier"],"fullName":"Access Control — Advisor Accounts & Trial System Effective Access Tier Regular trial user gets trial tier","status":"passed","title":"Regular trial user gets trial tier","duration":0.13238699999999426,"failureMessages":[],"meta":{}},{"ancestorTitles":["Access Control — Advisor Accounts & Trial System","Effective Access Tier"],"fullName":"Access Control — Advisor Accounts & Trial System Effective Access Tier Canceled subscriber falls back to trial","status":"passed","title":"Canceled subscriber falls back to trial","duration":0.14237100000002556,"failureMessages":[],"meta":{}},{"ancestorTitles":["Access Control — Advisor Accounts & Trial System","Email Normalization"],"fullName":"Access Control — Advisor Accounts & Trial System Email Normalization should lowercase email","status":"passed","title":"should lowercase email","duration":0.1568369999999959,"failureMessages":[],"meta":{}},{"ancestorTitles":["Access Control — Advisor Accounts & Trial System","Email Normalization"],"fullName":"Access Control — Advisor Accounts & Trial System Email Normalization should trim whitespace","status":"passed","title":"should trim whitespace","duration":0.13835000000000264,"failureMessages":[],"meta":{}},{"ancestorTitles":["Access Control — Advisor Accounts & Trial System","Email Normalization"],"fullName":"Access Control — Advisor Accounts & Trial System Email Normalization should validate email format","status":"passed","title":"should validate email format","duration":0.27692899999999554,"failureMessages":[],"meta":{}},{"ancestorTitles":["Access Control — Advisor Accounts & Trial System","Trial Enforcement Rules"],"fullName":"Access Control — Advisor Accounts & Trial System Trial Enforcement Rules should NOT enforce trial for Sam Russell","status":"passed","title":"should NOT enforce trial for Sam Russell","duration":0.20695499999999356,"failureMessages":[],"meta":{}},{"ancestorTitles":["Access Control — Advisor Accounts & Trial System","Trial Enforcement Rules"],"fullName":"Access Control — Advisor Accounts & Trial System Trial Enforcement Rules should NOT enforce trial for legacy-eternal-pass-b users","status":"passed","title":"should NOT enforce trial for legacy-eternal-pass-b users","duration":0.14932899999996607,"failureMessages":[],"meta":{}},{"ancestorTitles":["Access Control — Advisor Accounts & Trial System","Trial Enforcement Rules"],"fullName":"Access Control — Advisor Accounts & Trial System Trial Enforcement Rules should NOT enforce trial for active subscribers","status":"passed","title":"should NOT enforce trial for active subscribers","duration":0.1398070000000189,"failureMessages":[],"meta":{}},{"ancestorTitles":["Access Control — Advisor Accounts & Trial System","Trial Enforcement Rules"],"fullName":"Access Control — Advisor Accounts & Trial System Trial Enforcement Rules should enforce trial for regular legacy-trial-pass users","status":"passed","title":"should enforce trial for regular legacy-trial-pass users","duration":0.13560599999999567,"failureMessages":[],"meta":{}},{"ancestorTitles":["Access Control — Advisor Accounts & Trial System","Trial Enforcement Rules"],"fullName":"Access Control — Advisor Accounts & Trial System Trial Enforcement Rules should enforce trial for canceled subscribers","status":"passed","title":"should enforce trial for canceled subscribers","duration":0.1334770000000276,"failureMessages":[],"meta":{}}],"startTime":1787779279613,"endTime":1787779279622.1335,"status":"passed","message":"","name":"/home/ubuntu/russell-capital-unified/server/accessControl.test.ts"},{"assertionResults":[{"ancestorTitles":["Admin Portal - Email Validation"],"fullName":"Admin Portal - Email Validation should accept sam@russellcapitalsystems.com as admin email","status":"passed","title":"should accept sam@russellcapitalsystems.com as admin email","duration":1.4316379999999924,"failureMessages":[],"meta":{}},{"ancestorTitles":["Admin Portal - Email Validation"],"fullName":"Admin Portal - Email Validation should accept samtheinsuranceman@gmail.com as admin email","status":"passed","title":"should accept samtheinsuranceman@gmail.com as admin email","duration":0.2952200000000005,"failureMessages":[],"meta":{}},{"ancestorTitles":["Admin Portal - Email Validation"],"fullName":"Admin Portal - Email Validation should accept emails case-insensitively","status":"passed","title":"should accept emails case-insensitively","duration":0.20746699999997986,"failureMessages":[],"meta":{}},{"ancestorTitles":["Admin Portal - Email Validation"],"fullName":"Admin Portal - Email Validation should reject non-admin emails","status":"passed","title":"should reject non-admin emails","duration":0.17330599999999663,"failureMessages":[],"meta":{}},{"ancestorTitles":["Admin Portal - Email Validation"],"fullName":"Admin Portal - Email Validation should reject empty email","status":"passed","title":"should reject empty email","duration":0.18273300000001313,"failureMessages":[],"meta":{}},{"ancestorTitles":["Admin Portal - Email Validation"],"fullName":"Admin Portal - Email Validation should reject similar but different emails","status":"passed","title":"should reject similar but different emails","duration":0.38257200000001035,"failureMessages":[],"meta":{}},{"ancestorTitles":["Admin Portal - PIN Generation"],"fullName":"Admin Portal - PIN Generation should generate a 4-digit PIN","status":"passed","title":"should generate a 4-digit PIN","duration":1.097867999999977,"failureMessages":[],"meta":{}},{"ancestorTitles":["Admin Portal - PIN Generation"],"fullName":"Admin Portal - PIN Generation should generate different PINs on subsequent calls","status":"passed","title":"should generate different PINs on subsequent calls","duration":0.27706000000000586,"failureMessages":[],"meta":{}},{"ancestorTitles":["Admin Portal - PIN Expiry"],"fullName":"Admin Portal - PIN Expiry should set expiry to 10 minutes from now","status":"passed","title":"should set expiry to 10 minutes from now","duration":0.30988199999998756,"failureMessages":[],"meta":{}},{"ancestorTitles":["Admin Portal - PIN Expiry"],"fullName":"Admin Portal - PIN Expiry should correctly detect expired PINs","status":"passed","title":"should correctly detect expired PINs","duration":0.18033900000000358,"failureMessages":[],"meta":{}},{"ancestorTitles":["Admin Portal - PIN Expiry"],"fullName":"Admin Portal - PIN Expiry should correctly detect valid PINs","status":"passed","title":"should correctly detect valid PINs","duration":0.1603849999999909,"failureMessages":[],"meta":{}},{"ancestorTitles":["Admin Portal - Attempt Limiting"],"fullName":"Admin Portal - Attempt Limiting should allow up to 5 attempts","status":"passed","title":"should allow up to 5 attempts","duration":0.24128400000000738,"failureMessages":[],"meta":{}},{"ancestorTitles":["Admin Portal - Attempt Limiting"],"fullName":"Admin Portal - Attempt Limiting should block after 5 attempts","status":"passed","title":"should block after 5 attempts","duration":0.12021300000000679,"failureMessages":[],"meta":{}},{"ancestorTitles":["Admin Portal - Owner Email Check (isOwnerEmail)"],"fullName":"Admin Portal - Owner Email Check (isOwnerEmail) should return true for sam@russellcapitalsystems.com","status":"passed","title":"should return true for sam@russellcapitalsystems.com","duration":0.14234400000000846,"failureMessages":[],"meta":{}},{"ancestorTitles":["Admin Portal - Owner Email Check (isOwnerEmail)"],"fullName":"Admin Portal - Owner Email Check (isOwnerEmail) should return true for samtheinsuranceman@gmail.com","status":"passed","title":"should return true for samtheinsuranceman@gmail.com","duration":0.11651299999999765,"failureMessages":[],"meta":{}},{"ancestorTitles":["Admin Portal - Owner Email Check (isOwnerEmail)"],"fullName":"Admin Portal - Owner Email Check (isOwnerEmail) should return true regardless of case","status":"passed","title":"should return true regardless of case","duration":0.14267299999997363,"failureMessages":[],"meta":{}},{"ancestorTitles":["Admin Portal - Owner Email Check (isOwnerEmail)"],"fullName":"Admin Portal - Owner Email Check (isOwnerEmail) should return false for non-owner emails","status":"passed","title":"should return false for non-owner emails","duration":0.14368400000000747,"failureMessages":[],"meta":{}},{"ancestorTitles":["Admin Portal - Owner Email Check (isOwnerEmail)"],"fullName":"Admin Portal - Owner Email Check (isOwnerEmail) should handle whitespace in email","status":"passed","title":"should handle whitespace in email","duration":0.12121300000001156,"failureMessages":[],"meta":{}},{"ancestorTitles":["Admin Portal - Session Duration"],"fullName":"Admin Portal - Session Duration should create session with 1-year expiry for admin","status":"passed","title":"should create session with 1-year expiry for admin","duration":0.11980299999999033,"failureMessages":[],"meta":{}},{"ancestorTitles":["Admin Portal - API Endpoint Structure"],"fullName":"Admin Portal - API Endpoint Structure should have correct admin login endpoint path","status":"passed","title":"should have correct admin login endpoint path","duration":0.13863900000001195,"failureMessages":[],"meta":{}},{"ancestorTitles":["Admin Portal - API Endpoint Structure"],"fullName":"Admin Portal - API Endpoint Structure should have correct admin verify-pin endpoint path","status":"passed","title":"should have correct admin verify-pin endpoint path","duration":0.1327449999999999,"failureMessages":[],"meta":{}},{"ancestorTitles":["Admin Portal - API Endpoint Structure"],"fullName":"Admin Portal - API Endpoint Structure should have correct admin stats endpoint path","status":"passed","title":"should have correct admin stats endpoint path","duration":0.12670899999997687,"failureMessages":[],"meta":{}},{"ancestorTitles":["Admin Portal - API Endpoint Structure"],"fullName":"Admin Portal - API Endpoint Structure should have correct admin users endpoint path","status":"passed","title":"should have correct admin users endpoint path","duration":0.11100300000001084,"failureMessages":[],"meta":{}}],"startTime":1787779285664,"endTime":1787779285671.1387,"status":"passed","message":"","name":"/home/ubuntu/russell-capital-unified/server/admin-portal.test.ts"},{"assertionResults":[{"ancestorTitles":["AI Slide Generator","ai.generateSlides — tool context export"],"fullName":"AI Slide Generator ai.generateSlides — tool context export generates slides from structured tool data","status":"passed","title":"generates slides from structured tool data","duration":23.12288699999999,"failureMessages":[],"meta":{}},{"ancestorTitles":["AI Slide Generator","ai.generateSlides — tool context export"],"fullName":"AI Slide Generator ai.generateSlides — tool context export handles missing optional fields gracefully","status":"passed","title":"handles missing optional fields gracefully","duration":0.9268610000001445,"failureMessages":[],"meta":{}},{"ancestorTitles":["AI Slide Generator","ai.generateSlides — tool context export"],"fullName":"AI Slide Generator ai.generateSlides — tool context export validates slide count bounds","status":"passed","title":"validates slide count bounds","duration":2.8948390000000472,"failureMessages":[],"meta":{}},{"ancestorTitles":["AI Slide Generator","ai.generateSlides — tool context export"],"fullName":"AI Slide Generator ai.generateSlides — tool context export validates audience enum","status":"passed","title":"validates audience enum","duration":0.7895989999999529,"failureMessages":[],"meta":{}},{"ancestorTitles":["AI Slide Generator","ai.generateSlides — tool context export"],"fullName":"AI Slide Generator ai.generateSlides — tool context export returns correct layout types","status":"passed","title":"returns correct layout types","duration":1.4909509999999955,"failureMessages":[],"meta":{}},{"ancestorTitles":["AI Slide Generator","ai.generateSlidesFromPrompt — freeform generation"],"fullName":"AI Slide Generator ai.generateSlidesFromPrompt — freeform generation generates slides from a natural language prompt","status":"passed","title":"generates slides from a natural language prompt","duration":1.0166189999999915,"failureMessages":[],"meta":{}},{"ancestorTitles":["AI Slide Generator","ai.generateSlidesFromPrompt — freeform generation"],"fullName":"AI Slide Generator ai.generateSlidesFromPrompt — freeform generation accepts optional topic preset","status":"passed","title":"accepts optional topic preset","duration":0.594541000000163,"failureMessages":[],"meta":{}},{"ancestorTitles":["AI Slide Generator","ai.generateSlidesFromPrompt — freeform generation"],"fullName":"AI Slide Generator ai.generateSlidesFromPrompt — freeform generation validates prompt minimum length","status":"passed","title":"validates prompt minimum length","duration":0.7554999999999836,"failureMessages":[],"meta":{}},{"ancestorTitles":["AI Slide Generator","ai.generateSlidesFromPrompt — freeform generation"],"fullName":"AI Slide Generator ai.generateSlidesFromPrompt — freeform generation validates prompt maximum length","status":"passed","title":"validates prompt maximum length","duration":0.8521459999999479,"failureMessages":[],"meta":{}},{"ancestorTitles":["AI Slide Generator","ai.generateSlidesFromPrompt — freeform generation"],"fullName":"AI Slide Generator ai.generateSlidesFromPrompt — freeform generation handles all audience types","status":"passed","title":"handles all audience types","duration":0.7651000000000749,"failureMessages":[],"meta":{}},{"ancestorTitles":["AI Slide Generator","slide structure validation"],"fullName":"AI Slide Generator slide structure validation all slides have required fields","status":"passed","title":"all slides have required fields","duration":0.8780350000001818,"failureMessages":[],"meta":{}},{"ancestorTitles":["AI Slide Generator","slide structure validation"],"fullName":"AI Slide Generator slide structure validation bullets are non-empty strings","status":"passed","title":"bullets are non-empty strings","duration":0.7124530000000959,"failureMessages":[],"meta":{}}],"startTime":1787779278298,"endTime":1787779278333.7124,"status":"passed","message":"","name":"/home/ubuntu/russell-capital-unified/server/ai-slides.test.ts"},{"assertionResults":[{"ancestorTitles":["Annuity Accumulation Database — Data Store"],"fullName":"Annuity Accumulation Database — Data Store US_STATES contains all 50 states + DC (51 entries)","status":"passed","title":"US_STATES contains all 50 states + DC (51 entries)","duration":2.833204999999907,"failureMessages":[],"meta":{}},{"ancestorTitles":["Annuity Accumulation Database — Data Store"],"fullName":"Annuity Accumulation Database — Data Store getTopProductsForState returns up to 10 growth products for any state","status":"passed","title":"getTopProductsForState returns up to 10 growth products for any state","duration":2.912016999999878,"failureMessages":[],"meta":{}},{"ancestorTitles":["Annuity Accumulation Database — Data Store"],"fullName":"Annuity Accumulation Database — Data Store growth products for NY exclude products with NY in excludedStates","status":"passed","title":"growth products for NY exclude products with NY in excludedStates","duration":1.008194999999887,"failureMessages":[],"meta":{}},{"ancestorTitles":["Annuity Accumulation Database — Data Store"],"fullName":"Annuity Accumulation Database — Data Store growth products have required fields for accumulation display","status":"passed","title":"growth products have required fields for accumulation display","duration":1.8913669999999456,"failureMessages":[],"meta":{}},{"ancestorTitles":["Annuity Accumulation Database — Data Store"],"fullName":"Annuity Accumulation Database — Data Store getStateGuaranty returns valid guaranty data for each state","status":"passed","title":"getStateGuaranty returns valid guaranty data for each state","duration":0.7683929999998327,"failureMessages":[],"meta":{}},{"ancestorTitles":["Annuity Accumulation Database — Data Store"],"fullName":"Annuity Accumulation Database — Data Store getStateName returns correct state names","status":"passed","title":"getStateName returns correct state names","duration":0.3256539999999859,"failureMessages":[],"meta":{}},{"ancestorTitles":["Annuity Accumulation Database — Data Store"],"fullName":"Annuity Accumulation Database — Data Store getCarrierSplitRecommendation returns single carrier when under limit","status":"passed","title":"getCarrierSplitRecommendation returns single carrier when under limit","duration":17.581140000000005,"failureMessages":[],"meta":{}},{"ancestorTitles":["Annuity Accumulation Database — Data Store"],"fullName":"Annuity Accumulation Database — Data Store getCarrierSplitRecommendation recommends split when over limit","status":"passed","title":"getCarrierSplitRecommendation recommends split when over limit","duration":0.5191579999998339,"failureMessages":[],"meta":{}},{"ancestorTitles":["Annuity Accumulation Database — Data Store"],"fullName":"Annuity Accumulation Database — Data Store products are ranked in order (rank 1 first)","status":"passed","title":"products are ranked in order (rank 1 first)","duration":0.5415769999999611,"failureMessages":[],"meta":{}},{"ancestorTitles":["Annuity Accumulation Database — Managed Admin Gate"],"fullName":"Annuity Accumulation Database — Managed Admin Gate hiddenMaterial.verifyPassword confirms managed admin access","status":"passed","title":"hiddenMaterial.verifyPassword confirms managed admin access","duration":2.0786729999999807,"failureMessages":[],"meta":{}},{"ancestorTitles":["Annuity Accumulation Database — Managed Admin Gate"],"fullName":"Annuity Accumulation Database — Managed Admin Gate legacy password values do not influence authorized admin access","status":"passed","title":"legacy password values do not influence authorized admin access","duration":0.8861169999997855,"failureMessages":[],"meta":{}}],"startTime":1787779286805,"endTime":1787779286836.8862,"status":"passed","message":"","name":"/home/ubuntu/russell-capital-unified/server/annuityAccumulationDB.test.ts"},{"assertionResults":[{"ancestorTitles":["auth.logout"],"fullName":"auth.logout clears the session cookie and reports success","status":"passed","title":"clears the session cookie and reports success","duration":4.273684000000003,"failureMessages":[],"meta":{}}],"startTime":1787779294427,"endTime":1787779294431.2737,"status":"passed","message":"","name":"/home/ubuntu/russell-capital-unified/server/auth.logout.test.ts"},{"assertionResults":[{"ancestorTitles":["Auto-Login Bypass","Owner email detection"],"fullName":"Auto-Login Bypass Owner email detection should recognize the owner email (case-insensitive)","status":"passed","title":"should recognize the owner email (case-insensitive)","duration":1.61853499999998,"failureMessages":[],"meta":{}},{"ancestorTitles":["Auto-Login Bypass","Owner email detection"],"fullName":"Auto-Login Bypass Owner email detection should reject non-owner emails","status":"passed","title":"should reject non-owner emails","duration":0.9818730000000073,"failureMessages":[],"meta":{}},{"ancestorTitles":["Auto-Login Bypass","Auto-login endpoint validation"],"fullName":"Auto-Login Bypass Auto-login endpoint validation should require email in request body","status":"passed","title":"should require email in request body","duration":0.264868000000007,"failureMessages":[],"meta":{}},{"ancestorTitles":["Auto-Login Bypass","Auto-login endpoint validation"],"fullName":"Auto-Login Bypass Auto-login endpoint validation should only allow the owner email","status":"passed","title":"should only allow the owner email","duration":0.2641999999999882,"failureMessages":[],"meta":{}},{"ancestorTitles":["Auto-Login Bypass","Auto-login endpoint validation"],"fullName":"Auto-Login Bypass Auto-login endpoint validation should not require a password for the owner","status":"passed","title":"should not require a password for the owner","duration":0.6610550000000046,"failureMessages":[],"meta":{}},{"ancestorTitles":["Auto-Login Bypass","Frontend login form behavior"],"fullName":"Auto-Login Bypass Frontend login form behavior should detect owner email and skip password field","status":"passed","title":"should detect owner email and skip password field","duration":0.2433680000000038,"failureMessages":[],"meta":{}},{"ancestorTitles":["Auto-Login Bypass","Frontend login form behavior"],"fullName":"Auto-Login Bypass Frontend login form behavior should show password field for non-owner emails","status":"passed","title":"should show password field for non-owner emails","duration":0.1852130000000045,"failureMessages":[],"meta":{}},{"ancestorTitles":["Auto-Login Bypass","Frontend login form behavior"],"fullName":"Auto-Login Bypass Frontend login form behavior should use /api/auto-login endpoint for owner, /api/trpc for others","status":"passed","title":"should use /api/auto-login endpoint for owner, /api/trpc for others","duration":0.209083000000021,"failureMessages":[],"meta":{}},{"ancestorTitles":["Auto-Login Bypass","Session creation"],"fullName":"Auto-Login Bypass Session creation should create a 1-year session for the owner","status":"passed","title":"should create a 1-year session for the owner","duration":0.31879099999997607,"failureMessages":[],"meta":{}},{"ancestorTitles":["Auto-Login Bypass","Session creation"],"fullName":"Auto-Login Bypass Session creation should set the session cookie with correct name","status":"passed","title":"should set the session cookie with correct name","duration":0.19734099999999444,"failureMessages":[],"meta":{}},{"ancestorTitles":["Auto-Login Bypass","Security"],"fullName":"Auto-Login Bypass Security should only allow the specific owner email, not partial matches","status":"passed","title":"should only allow the specific owner email, not partial matches","duration":0.25685699999999656,"failureMessages":[],"meta":{}},{"ancestorTitles":["Auto-Login Bypass","Security"],"fullName":"Auto-Login Bypass Security should not expose auto-login to other emails","status":"passed","title":"should not expose auto-login to other emails","duration":0.1817000000000064,"failureMessages":[],"meta":{}}],"startTime":1787779288796,"endTime":1787779288802.2568,"status":"passed","message":"","name":"/home/ubuntu/russell-capital-unified/server/autoLogin.test.ts"},{"assertionResults":[{"ancestorTitles":["Calendar Service"],"fullName":"Calendar Service should export all required functions","status":"passed","title":"should export all required functions","duration":23.471250999999995,"failureMessages":[],"meta":{}},{"ancestorTitles":["Calendar Service"],"fullName":"Calendar Service should handle MCP unavailability gracefully","status":"passed","title":"should handle MCP unavailability gracefully","duration":334.80654599999997,"failureMessages":[],"meta":{}},{"ancestorTitles":["Calendar Service"],"fullName":"Calendar Service should validate event creation parameters","status":"passed","title":"should validate event creation parameters","duration":69.66064400000005,"failureMessages":[],"meta":{}},{"ancestorTitles":["Report Generation"],"fullName":"Report Generation should define valid report section types","status":"passed","title":"should define valid report section types","duration":2.250536000000011,"failureMessages":[],"meta":{}},{"ancestorTitles":["Report Generation"],"fullName":"Report Generation should generate fallback HTML when LLM is unavailable","status":"passed","title":"should generate fallback HTML when LLM is unavailable","duration":19.977547999999956,"failureMessages":[],"meta":{}},{"ancestorTitles":["Report Generation"],"fullName":"Report Generation should limit bulk generation to 50 clients","status":"passed","title":"should limit bulk generation to 50 clients","duration":0.4712080000000469,"failureMessages":[],"meta":{}},{"ancestorTitles":["Error Tracking"],"fullName":"Error Tracking should structure error log data correctly","status":"passed","title":"should structure error log data correctly","duration":0.5857499999999618,"failureMessages":[],"meta":{}},{"ancestorTitles":["Error Tracking"],"fullName":"Error Tracking should truncate long stack traces","status":"passed","title":"should truncate long stack traces","duration":0.2928620000000137,"failureMessages":[],"meta":{}},{"ancestorTitles":["Error Tracking"],"fullName":"Error Tracking should handle error levels correctly","status":"passed","title":"should handle error levels correctly","duration":0.4862839999999551,"failureMessages":[],"meta":{}},{"ancestorTitles":["Error Tracking"],"fullName":"Error Tracking should allow public error reporting (no auth required)","status":"passed","title":"should allow public error reporting (no auth required)","duration":0.22381800000005114,"failureMessages":[],"meta":{}},{"ancestorTitles":["Deal Scoring"],"fullName":"Deal Scoring should calculate rule-based scores when LLM is unavailable","status":"passed","title":"should calculate rule-based scores when LLM is unavailable","duration":0.3621370000000752,"failureMessages":[],"meta":{}},{"ancestorTitles":["Deal Scoring"],"fullName":"Deal Scoring should limit scoring to 20 deals max","status":"passed","title":"should limit scoring to 20 deals max","duration":0.34531700000002274,"failureMessages":[],"meta":{}},{"ancestorTitles":["Deal Scoring"],"fullName":"Deal Scoring should persist score with required fields","status":"passed","title":"should persist score with required fields","duration":0.6029790000000048,"failureMessages":[],"meta":{}},{"ancestorTitles":["Monthly Report"],"fullName":"Monthly Report should format report content as markdown table","status":"passed","title":"should format report content as markdown table","duration":4.384856000000013,"failureMessages":[],"meta":{}},{"ancestorTitles":["Client Portal"],"fullName":"Client Portal should calculate scorecard correctly","status":"passed","title":"should calculate scorecard correctly","duration":0.40804800000000796,"failureMessages":[],"meta":{}},{"ancestorTitles":["Client Portal"],"fullName":"Client Portal should validate portal token format","status":"passed","title":"should validate portal token format","duration":0.3605719999999337,"failureMessages":[],"meta":{}},{"ancestorTitles":["Client Portal"],"fullName":"Client Portal should sanitize client data for portal view","status":"passed","title":"should sanitize client data for portal view","duration":0.8190589999999247,"failureMessages":[],"meta":{}},{"ancestorTitles":["Calculator Integration"],"fullName":"Calculator Integration should define all strategy types for cross-calculator sync","status":"passed","title":"should define all strategy types for cross-calculator sync","duration":0.22214900000005855,"failureMessages":[],"meta":{}},{"ancestorTitles":["Calculator Integration"],"fullName":"Calculator Integration should structure comparison slot data correctly","status":"passed","title":"should structure comparison slot data correctly","duration":2.923962000000074,"failureMessages":[],"meta":{}}],"startTime":1787779273152,"endTime":1787779273618.924,"status":"passed","message":"","name":"/home/ubuntu/russell-capital-unified/server/batch7Features.test.ts"},{"assertionResults":[{"ancestorTitles":["Batch 8 — Wire remaining 4 experience pages","Endgame"],"fullName":"Batch 8 — Wire remaining 4 experience pages Endgame exports a default component","status":"passed","title":"exports a default component","duration":1007.6130780000001,"failureMessages":[],"meta":{}},{"ancestorTitles":["Batch 8 — Wire remaining 4 experience pages","Endgame"],"fullName":"Batch 8 — Wire remaining 4 experience pages Endgame imports useCalculatorIntegration","status":"passed","title":"imports useCalculatorIntegration","duration":0.389131000000134,"failureMessages":[],"meta":{}},{"ancestorTitles":["Batch 8 — Wire remaining 4 experience pages","Endgame"],"fullName":"Batch 8 — Wire remaining 4 experience pages Endgame imports ClientSelectorBar","status":"passed","title":"imports ClientSelectorBar","duration":0.19185399999992114,"failureMessages":[],"meta":{}},{"ancestorTitles":["Batch 8 — Wire remaining 4 experience pages","Endgame"],"fullName":"Batch 8 — Wire remaining 4 experience pages Endgame imports CalculationSyncBar","status":"passed","title":"imports CalculationSyncBar","duration":0.1962020000000848,"failureMessages":[],"meta":{}},{"ancestorTitles":["Batch 8 — Wire remaining 4 experience pages","Endgame"],"fullName":"Batch 8 — Wire remaining 4 experience pages Endgame uses strategyType \"endgame\"","status":"passed","title":"uses strategyType \"endgame\"","duration":0.3829849999999624,"failureMessages":[],"meta":{}},{"ancestorTitles":["Batch 8 — Wire remaining 4 experience pages","Endgame"],"fullName":"Batch 8 — Wire remaining 4 experience pages Endgame renders ClientSelectorBar component","status":"passed","title":"renders ClientSelectorBar component","duration":0.24067100000002029,"failureMessages":[],"meta":{}},{"ancestorTitles":["Batch 8 — Wire remaining 4 experience pages","Endgame"],"fullName":"Batch 8 — Wire remaining 4 experience pages Endgame renders CalculationSyncBar component","status":"passed","title":"renders CalculationSyncBar component","duration":0.18533800000000156,"failureMessages":[],"meta":{}},{"ancestorTitles":["Batch 8 — Wire remaining 4 experience pages","Endgame"],"fullName":"Batch 8 — Wire remaining 4 experience pages Endgame passes calcIntegration props to ClientSelectorBar","status":"passed","title":"passes calcIntegration props to ClientSelectorBar","duration":0.27173999999990883,"failureMessages":[],"meta":{}},{"ancestorTitles":["Batch 8 — Wire remaining 4 experience pages","LiveCoPilot"],"fullName":"Batch 8 — Wire remaining 4 experience pages LiveCoPilot exports a default component","status":"passed","title":"exports a default component","duration":4.096526999999924,"failureMessages":[],"meta":{}},{"ancestorTitles":["Batch 8 — Wire remaining 4 experience pages","LiveCoPilot"],"fullName":"Batch 8 — Wire remaining 4 experience pages LiveCoPilot imports useCalculatorIntegration","status":"passed","title":"imports useCalculatorIntegration","duration":0.2577850000000126,"failureMessages":[],"meta":{}},{"ancestorTitles":["Batch 8 — Wire remaining 4 experience pages","LiveCoPilot"],"fullName":"Batch 8 — Wire remaining 4 experience pages LiveCoPilot imports ClientSelectorBar","status":"passed","title":"imports ClientSelectorBar","duration":0.15058300000009694,"failureMessages":[],"meta":{}},{"ancestorTitles":["Batch 8 — Wire remaining 4 experience pages","LiveCoPilot"],"fullName":"Batch 8 — Wire remaining 4 experience pages LiveCoPilot imports CalculationSyncBar","status":"passed","title":"imports CalculationSyncBar","duration":0.11682700000005752,"failureMessages":[],"meta":{}},{"ancestorTitles":["Batch 8 — Wire remaining 4 experience pages","LiveCoPilot"],"fullName":"Batch 8 — Wire remaining 4 experience pages LiveCoPilot uses strategyType \"live-copilot\"","status":"passed","title":"uses strategyType \"live-copilot\"","duration":0.11597000000006119,"failureMessages":[],"meta":{}},{"ancestorTitles":["Batch 8 — Wire remaining 4 experience pages","LiveCoPilot"],"fullName":"Batch 8 — Wire remaining 4 experience pages LiveCoPilot renders ClientSelectorBar component","status":"passed","title":"renders ClientSelectorBar component","duration":0.107291000000032,"failureMessages":[],"meta":{}},{"ancestorTitles":["Batch 8 — Wire remaining 4 experience pages","LiveCoPilot"],"fullName":"Batch 8 — Wire remaining 4 experience pages LiveCoPilot renders CalculationSyncBar component","status":"passed","title":"renders CalculationSyncBar component","duration":0.11052500000005239,"failureMessages":[],"meta":{}},{"ancestorTitles":["Batch 8 — Wire remaining 4 experience pages","LiveCoPilot"],"fullName":"Batch 8 — Wire remaining 4 experience pages LiveCoPilot passes calcIntegration props to ClientSelectorBar","status":"passed","title":"passes calcIntegration props to ClientSelectorBar","duration":0.15730099999996128,"failureMessages":[],"meta":{}},{"ancestorTitles":["Batch 8 — Wire remaining 4 experience pages","SocialNarcotic"],"fullName":"Batch 8 — Wire remaining 4 experience pages SocialNarcotic exports a default component","status":"passed","title":"exports a default component","duration":29.216645999999855,"failureMessages":[],"meta":{}},{"ancestorTitles":["Batch 8 — Wire remaining 4 experience pages","SocialNarcotic"],"fullName":"Batch 8 — Wire remaining 4 experience pages SocialNarcotic imports useCalculatorIntegration","status":"passed","title":"imports useCalculatorIntegration","duration":0.1583140000000185,"failureMessages":[],"meta":{}},{"ancestorTitles":["Batch 8 — Wire remaining 4 experience pages","SocialNarcotic"],"fullName":"Batch 8 — Wire remaining 4 experience pages SocialNarcotic imports ClientSelectorBar","status":"passed","title":"imports ClientSelectorBar","duration":0.11474299999986215,"failureMessages":[],"meta":{}},{"ancestorTitles":["Batch 8 — Wire remaining 4 experience pages","SocialNarcotic"],"fullName":"Batch 8 — Wire remaining 4 experience pages SocialNarcotic imports CalculationSyncBar","status":"passed","title":"imports CalculationSyncBar","duration":0.1124170000000504,"failureMessages":[],"meta":{}},{"ancestorTitles":["Batch 8 — Wire remaining 4 experience pages","SocialNarcotic"],"fullName":"Batch 8 — Wire remaining 4 experience pages SocialNarcotic uses strategyType \"social-narcotic\"","status":"passed","title":"uses strategyType \"social-narcotic\"","duration":0.1295150000000831,"failureMessages":[],"meta":{}},{"ancestorTitles":["Batch 8 — Wire remaining 4 experience pages","SocialNarcotic"],"fullName":"Batch 8 — Wire remaining 4 experience pages SocialNarcotic renders ClientSelectorBar component","status":"passed","title":"renders ClientSelectorBar component","duration":0.12050899999985631,"failureMessages":[],"meta":{}},{"ancestorTitles":["Batch 8 — Wire remaining 4 experience pages","SocialNarcotic"],"fullName":"Batch 8 — Wire remaining 4 experience pages SocialNarcotic renders CalculationSyncBar component","status":"passed","title":"renders CalculationSyncBar component","duration":0.1133479999998599,"failureMessages":[],"meta":{}},{"ancestorTitles":["Batch 8 — Wire remaining 4 experience pages","SocialNarcotic"],"fullName":"Batch 8 — Wire remaining 4 experience pages SocialNarcotic passes calcIntegration props to ClientSelectorBar","status":"passed","title":"passes calcIntegration props to ClientSelectorBar","duration":0.18913199999997232,"failureMessages":[],"meta":{}},{"ancestorTitles":["Batch 8 — Wire remaining 4 experience pages","WarRoom"],"fullName":"Batch 8 — Wire remaining 4 experience pages WarRoom exports a default component","status":"passed","title":"exports a default component","duration":32.66727900000001,"failureMessages":[],"meta":{}},{"ancestorTitles":["Batch 8 — Wire remaining 4 experience pages","WarRoom"],"fullName":"Batch 8 — Wire remaining 4 experience pages WarRoom imports useCalculatorIntegration","status":"passed","title":"imports useCalculatorIntegration","duration":0.14969799999994393,"failureMessages":[],"meta":{}},{"ancestorTitles":["Batch 8 — Wire remaining 4 experience pages","WarRoom"],"fullName":"Batch 8 — Wire remaining 4 experience pages WarRoom imports ClientSelectorBar","status":"passed","title":"imports ClientSelectorBar","duration":0.15866400000004433,"failureMessages":[],"meta":{}},{"ancestorTitles":["Batch 8 — Wire remaining 4 experience pages","WarRoom"],"fullName":"Batch 8 — Wire remaining 4 experience pages WarRoom imports CalculationSyncBar","status":"passed","title":"imports CalculationSyncBar","duration":0.16990199999986544,"failureMessages":[],"meta":{}},{"ancestorTitles":["Batch 8 — Wire remaining 4 experience pages","WarRoom"],"fullName":"Batch 8 — Wire remaining 4 experience pages WarRoom uses strategyType \"war-room\"","status":"passed","title":"uses strategyType \"war-room\"","duration":0.1958839999999782,"failureMessages":[],"meta":{}},{"ancestorTitles":["Batch 8 — Wire remaining 4 experience pages","WarRoom"],"fullName":"Batch 8 — Wire remaining 4 experience pages WarRoom renders ClientSelectorBar component","status":"passed","title":"renders ClientSelectorBar component","duration":0.18576400000006288,"failureMessages":[],"meta":{}},{"ancestorTitles":["Batch 8 — Wire remaining 4 experience pages","WarRoom"],"fullName":"Batch 8 — Wire remaining 4 experience pages WarRoom renders CalculationSyncBar component","status":"passed","title":"renders CalculationSyncBar component","duration":0.16489400000000387,"failureMessages":[],"meta":{}},{"ancestorTitles":["Batch 8 — Wire remaining 4 experience pages","WarRoom"],"fullName":"Batch 8 — Wire remaining 4 experience pages WarRoom passes calcIntegration props to ClientSelectorBar","status":"passed","title":"passes calcIntegration props to ClientSelectorBar","duration":0.44164200000000164,"failureMessages":[],"meta":{}},{"ancestorTitles":["Batch 8 — Wire remaining 4 experience pages","StrategyContext includes new types"],"fullName":"Batch 8 — Wire remaining 4 experience pages StrategyContext includes new types STRATEGY_LABELS includes live-copilot, social-narcotic, war-room","status":"passed","title":"STRATEGY_LABELS includes live-copilot, social-narcotic, war-room","duration":0.47308799999996154,"failureMessages":[],"meta":{}},{"ancestorTitles":["Batch 8 — Wire remaining 4 experience pages","StrategyContext includes new types"],"fullName":"Batch 8 — Wire remaining 4 experience pages StrategyContext includes new types STRATEGY_COLORS includes live-copilot, social-narcotic, war-room","status":"passed","title":"STRATEGY_COLORS includes live-copilot, social-narcotic, war-room","duration":0.43862699999999677,"failureMessages":[],"meta":{}},{"ancestorTitles":["Batch 8 — Wire remaining 4 experience pages","StrategyContext includes new types"],"fullName":"Batch 8 — Wire remaining 4 experience pages StrategyContext includes new types STRATEGY_PATHS includes live-copilot, social-narcotic, war-room","status":"passed","title":"STRATEGY_PATHS includes live-copilot, social-narcotic, war-room","duration":0.46797700000001896,"failureMessages":[],"meta":{}},{"ancestorTitles":["Batch 8 — Wire remaining 4 experience pages","GenerateOutcomeTab wiring"],"fullName":"Batch 8 — Wire remaining 4 experience pages GenerateOutcomeTab wiring SocialNarcotic has GenerateOutcomeTab","status":"passed","title":"SocialNarcotic has GenerateOutcomeTab","duration":0.42368099999998776,"failureMessages":[],"meta":{}},{"ancestorTitles":["Batch 8 — Wire remaining 4 experience pages","GenerateOutcomeTab wiring"],"fullName":"Batch 8 — Wire remaining 4 experience pages GenerateOutcomeTab wiring WarRoom has GenerateOutcomeTab","status":"passed","title":"WarRoom has GenerateOutcomeTab","duration":0.43257999999991625,"failureMessages":[],"meta":{}},{"ancestorTitles":["Batch 8 — Wire remaining 4 experience pages","GenerateOutcomeTab wiring"],"fullName":"Batch 8 — Wire remaining 4 experience pages GenerateOutcomeTab wiring Endgame has GenerateOutcomeTab","status":"passed","title":"Endgame has GenerateOutcomeTab","duration":0.34433899999999085,"failureMessages":[],"meta":{}}],"startTime":1787779287494,"endTime":1787779288577.4326,"status":"passed","message":"","name":"/home/ubuntu/russell-capital-unified/server/batch8-wiring.test.ts"},{"assertionResults":[{"ancestorTitles":["LiveCoPilot — Real LLM Integration"],"fullName":"LiveCoPilot — Real LLM Integration should have a liveCoPilot router in appRouter","status":"passed","title":"should have a liveCoPilot router in appRouter","duration":1.644457999999986,"failureMessages":[],"meta":{}},{"ancestorTitles":["LiveCoPilot — Real LLM Integration"],"fullName":"LiveCoPilot — Real LLM Integration should have a chat mutation that calls invokeLLM","status":"passed","title":"should have a chat mutation that calls invokeLLM","duration":0.592064999999991,"failureMessages":[],"meta":{}},{"ancestorTitles":["LiveCoPilot — Real LLM Integration"],"fullName":"LiveCoPilot — Real LLM Integration should accept messages array and mode in the chat mutation","status":"passed","title":"should accept messages array and mode in the chat mutation","duration":0.530194999999992,"failureMessages":[],"meta":{}},{"ancestorTitles":["LiveCoPilot — Real LLM Integration"],"fullName":"LiveCoPilot — Real LLM Integration frontend should use trpc.liveCoPilot.chat mutation","status":"passed","title":"frontend should use trpc.liveCoPilot.chat mutation","duration":0.17828500000001668,"failureMessages":[],"meta":{}},{"ancestorTitles":["LiveCoPilot — Real LLM Integration"],"fullName":"LiveCoPilot — Real LLM Integration frontend should NOT have hardcoded canned responses","status":"passed","title":"frontend should NOT have hardcoded canned responses","duration":0.2874300000000005,"failureMessages":[],"meta":{}},{"ancestorTitles":["LiveCoPilot — Real LLM Integration"],"fullName":"LiveCoPilot — Real LLM Integration frontend should render messages with whitespace-pre-wrap for formatting","status":"passed","title":"frontend should render messages with whitespace-pre-wrap for formatting","duration":0.1997389999999939,"failureMessages":[],"meta":{}},{"ancestorTitles":["WarRoom — Database Persistence"],"fullName":"WarRoom — Database Persistence should have predictionQuestions table in schema","status":"passed","title":"should have predictionQuestions table in schema","duration":0.2741180000000156,"failureMessages":[],"meta":{}},{"ancestorTitles":["WarRoom — Database Persistence"],"fullName":"WarRoom — Database Persistence should have warStories table in schema","status":"passed","title":"should have warStories table in schema","duration":0.2203360000000032,"failureMessages":[],"meta":{}},{"ancestorTitles":["WarRoom — Database Persistence"],"fullName":"WarRoom — Database Persistence should have predictionBets table in schema","status":"passed","title":"should have predictionBets table in schema","duration":0.3127010000000041,"failureMessages":[],"meta":{}},{"ancestorTitles":["WarRoom — Database Persistence"],"fullName":"WarRoom — Database Persistence frontend should use trpc for war stories CRUD","status":"passed","title":"frontend should use trpc for war stories CRUD","duration":0.30923799999999346,"failureMessages":[],"meta":{}},{"ancestorTitles":["WarRoom — Database Persistence"],"fullName":"WarRoom — Database Persistence frontend should use trpc for prediction questions","status":"passed","title":"frontend should use trpc for prediction questions","duration":0.15512300000000323,"failureMessages":[],"meta":{}},{"ancestorTitles":["WarRoom — Database Persistence"],"fullName":"WarRoom — Database Persistence frontend should use trpc for prediction votes","status":"passed","title":"frontend should use trpc for prediction votes","duration":0.1423379999999952,"failureMessages":[],"meta":{}},{"ancestorTitles":["WarRoom — Database Persistence"],"fullName":"WarRoom — Database Persistence frontend should NOT have hardcoded mock war stories","status":"passed","title":"frontend should NOT have hardcoded mock war stories","duration":0.17563100000000986,"failureMessages":[],"meta":{}},{"ancestorTitles":["Open Access — All Users Get Full Access"],"fullName":"Open Access — All Users Get Full Access canAccess should be derived from managed authentication","status":"passed","title":"canAccess should be derived from managed authentication","duration":0.1648879999999906,"failureMessages":[],"meta":{}},{"ancestorTitles":["Open Access — All Users Get Full Access"],"fullName":"Open Access — All Users Get Full Access session expiry should be managed by OAuth rather than a client timer","status":"passed","title":"session expiry should be managed by OAuth rather than a client timer","duration":0.1653710000000217,"failureMessages":[],"meta":{}},{"ancestorTitles":["Open Access — All Users Get Full Access"],"fullName":"Open Access — All Users Get Full Access SubscriptionGuard should NOT show trial banner","status":"passed","title":"SubscriptionGuard should NOT show trial banner","duration":0.1605470000000082,"failureMessages":[],"meta":{}},{"ancestorTitles":["Open Access — All Users Get Full Access"],"fullName":"Open Access — All Users Get Full Access SubscriptionGuard should NOT show trial expired screen","status":"passed","title":"SubscriptionGuard should NOT show trial expired screen","duration":0.15296800000001554,"failureMessages":[],"meta":{}},{"ancestorTitles":["Open Access — All Users Get Full Access"],"fullName":"Open Access — All Users Get Full Access slide generation limit should be effectively unlimited (999)","status":"passed","title":"slide generation limit should be effectively unlimited (999)","duration":0.11669800000001374,"failureMessages":[],"meta":{}},{"ancestorTitles":["Open Access — All Users Get Full Access"],"fullName":"Open Access — All Users Get Full Access server should not block trial users from logging in","status":"passed","title":"server should not block trial users from logging in","duration":0.1524649999999781,"failureMessages":[],"meta":{}},{"ancestorTitles":["Open Access — All Users Get Full Access"],"fullName":"Open Access — All Users Get Full Access heartbeat should require managed authentication","status":"passed","title":"heartbeat should require managed authentication","duration":0.2616899999999873,"failureMessages":[],"meta":{}},{"ancestorTitles":["Open Access — All Users Get Full Access"],"fullName":"Open Access — All Users Get Full Access passwordGate should be retired in favor of secure sign in","status":"passed","title":"passwordGate should be retired in favor of secure sign in","duration":0.172300000000007,"failureMessages":[],"meta":{}},{"ancestorTitles":["Open Access — All Users Get Full Access"],"fullName":"Open Access — All Users Get Full Access executive access should use managed OAuth with no bypass endpoint","status":"passed","title":"executive access should use managed OAuth with no bypass endpoint","duration":0.1491670000000056,"failureMessages":[],"meta":{}},{"ancestorTitles":["HeyGen — Quota Endpoint Fix"],"fullName":"HeyGen — Quota Endpoint Fix should use v2 API for quota endpoint","status":"passed","title":"should use v2 API for quota endpoint","duration":0.14895899999999074,"failureMessages":[],"meta":{}},{"ancestorTitles":["HeyGen — Quota Endpoint Fix"],"fullName":"HeyGen — Quota Endpoint Fix should handle v2 quota response with details","status":"passed","title":"should handle v2 quota response with details","duration":0.1344050000000152,"failureMessages":[],"meta":{}},{"ancestorTitles":["HeyGen — Quota Endpoint Fix"],"fullName":"HeyGen — Quota Endpoint Fix should sum generative and plan credits when remaining_quota is 0","status":"passed","title":"should sum generative and plan credits when remaining_quota is 0","duration":0.1317680000000223,"failureMessages":[],"meta":{}},{"ancestorTitles":["Strategy Types — New Experience Pages"],"fullName":"Strategy Types — New Experience Pages should include live-copilot strategy type","status":"passed","title":"should include live-copilot strategy type","duration":0.11584600000000478,"failureMessages":[],"meta":{}},{"ancestorTitles":["Strategy Types — New Experience Pages"],"fullName":"Strategy Types — New Experience Pages should include social-narcotic strategy type","status":"passed","title":"should include social-narcotic strategy type","duration":0.1296660000000145,"failureMessages":[],"meta":{}},{"ancestorTitles":["Strategy Types — New Experience Pages"],"fullName":"Strategy Types — New Experience Pages should include war-room strategy type","status":"passed","title":"should include war-room strategy type","duration":0.10969699999998284,"failureMessages":[],"meta":{}},{"ancestorTitles":["Strategy Types — New Experience Pages"],"fullName":"Strategy Types — New Experience Pages should have labels for all new strategy types","status":"passed","title":"should have labels for all new strategy types","duration":0.19601399999999103,"failureMessages":[],"meta":{}}],"startTime":1787779282869,"endTime":1787779282877.196,"status":"passed","message":"","name":"/home/ubuntu/russell-capital-unified/server/batch9-features.test.ts"},{"assertionResults":[{"ancestorTitles":["client and dashboard UI integration"],"fullName":"client and dashboard UI integration loads the client directory and detail modules","status":"passed","title":"loads the client directory and detail modules","duration":901.1968550000001,"failureMessages":[],"meta":{}},{"ancestorTitles":["client and dashboard UI integration"],"fullName":"client and dashboard UI integration wires the directory to real client list and create procedures with complete states","status":"passed","title":"wires the directory to real client list and create procedures with complete states","duration":1.0816379999998844,"failureMessages":[],"meta":{}},{"ancestorTitles":["client and dashboard UI integration"],"fullName":"client and dashboard UI integration wires profile load and update to persistence confirmation after refetch","status":"passed","title":"wires profile load and update to persistence confirmation after refetch","duration":0.9508140000000367,"failureMessages":[],"meta":{}},{"ancestorTitles":["client and dashboard UI integration"],"fullName":"client and dashboard UI integration handles every dashboard source as loading, empty, or failed and omits live AUM","status":"passed","title":"handles every dashboard source as loading, empty, or failed and omits live AUM","duration":1.0282310000000052,"failureMessages":[],"meta":{}},{"ancestorTitles":["client and dashboard UI integration"],"fullName":"client and dashboard UI integration keeps actual client procedures protected and workspace-scoped","status":"passed","title":"keeps actual client procedures protected and workspace-scoped","duration":2.338224999999966,"failureMessages":[],"meta":{}}],"startTime":1787779289397,"endTime":1787779290304.3381,"status":"passed","message":"","name":"/home/ubuntu/russell-capital-unified/server/client-dashboard-ui.integration.test.ts"},{"assertionResults":[{"ancestorTitles":["client workflow persistence"],"fullName":"client workflow persistence creates, reads, and updates a client inside a rolled-back transaction","status":"passed","title":"creates, reads, and updates a client inside a rolled-back transaction","duration":402.320258,"failureMessages":[],"meta":{}}],"startTime":1787779293185,"endTime":1787779293587.3203,"status":"passed","message":"","name":"/home/ubuntu/russell-capital-unified/server/client-workflow.integration.test.ts"},{"assertionResults":[{"ancestorTitles":["complianceTracking","hasSignedThisSession"],"fullName":"complianceTracking hasSignedThisSession returns signed: false when no session exists","status":"passed","title":"returns signed: false when no session exists","duration":315.036034,"failureMessages":[],"meta":{}},{"ancestorTitles":["complianceTracking","sign"],"fullName":"complianceTracking sign creates a compliance signature and session","status":"passed","title":"creates a compliance signature and session","duration":66.67326900000012,"failureMessages":[],"meta":{}},{"ancestorTitles":["complianceTracking","logPageVisit"],"fullName":"complianceTracking logPageVisit logs a page visit for an active session","status":"passed","title":"logs a page visit for an active session","duration":72.82306599999993,"failureMessages":[],"meta":{}},{"ancestorTitles":["complianceTracking","endSession"],"fullName":"complianceTracking endSession ends an active session","status":"passed","title":"ends an active session","duration":59.80699300000015,"failureMessages":[],"meta":{}},{"ancestorTitles":["websiteUsage","managed authorization"],"fullName":"websiteUsage managed authorization rejects non-admin users","status":"passed","title":"rejects non-admin users","duration":1.8200160000001233,"failureMessages":[],"meta":{}},{"ancestorTitles":["websiteUsage","managed authorization"],"fullName":"websiteUsage managed authorization accepts an authenticated managed admin without a secondary password","status":"passed","title":"accepts an authenticated managed admin without a secondary password","duration":0.49630600000000413,"failureMessages":[],"meta":{}},{"ancestorTitles":["websiteUsage","getSummary"],"fullName":"websiteUsage getSummary rejects non-admin users","status":"passed","title":"rejects non-admin users","duration":0.4747549999999592,"failureMessages":[],"meta":{}},{"ancestorTitles":["websiteUsage","getSummary"],"fullName":"websiteUsage getSummary returns summary stats for a managed admin","status":"passed","title":"returns summary stats for a managed admin","duration":27.051153000000113,"failureMessages":[],"meta":{}},{"ancestorTitles":["websiteUsage","listUsers"],"fullName":"websiteUsage listUsers returns a list of users for a managed admin","status":"passed","title":"returns a list of users for a managed admin","duration":7.239906000000019,"failureMessages":[],"meta":{}}],"startTime":1787779286538,"endTime":1787779287090.24,"status":"passed","message":"","name":"/home/ubuntu/russell-capital-unified/server/complianceTracking.test.ts"},{"assertionResults":[{"ancestorTitles":["core portal table bootstrap"],"fullName":"core portal table bootstrap contains the exact reviewed 24-table creation list","status":"passed","title":"contains the exact reviewed 24-table creation list","duration":3.0396110000000363,"failureMessages":[],"meta":{}},{"ancestorTitles":["core portal table bootstrap"],"fullName":"core portal table bootstrap queries every bootstrapped table without inserting data","status":"passed","title":"queries every bootstrapped table without inserting data","duration":481.69063399999993,"failureMessages":[],"meta":{}}],"startTime":1787779294144,"endTime":1787779294628.6907,"status":"passed","message":"","name":"/home/ubuntu/russell-capital-unified/server/core-table-queryability.test.ts"},{"assertionResults":[{"ancestorTitles":["Crypto Cycle Engine"],"fullName":"Crypto Cycle Engine has correct historical cycle data","status":"passed","title":"has correct historical cycle data","duration":1.8752749999999878,"failureMessages":[],"meta":{}},{"ancestorTitles":["Crypto Cycle Engine"],"fullName":"Crypto Cycle Engine calculates correct drawdown percentages","status":"passed","title":"calculates correct drawdown percentages","duration":0.5689559999999858,"failureMessages":[],"meta":{}},{"ancestorTitles":["Crypto Cycle Engine"],"fullName":"Crypto Cycle Engine predicts future cycles","status":"passed","title":"predicts future cycles","duration":1.3489769999999908,"failureMessages":[],"meta":{}},{"ancestorTitles":["Crypto Cycle Engine"],"fullName":"Crypto Cycle Engine runs accumulation simulation with default inputs","status":"passed","title":"runs accumulation simulation with default inputs","duration":2.0699659999999938,"failureMessages":[],"meta":{}},{"ancestorTitles":["Crypto Cycle Engine"],"fullName":"Crypto Cycle Engine generates real estate spreadsheets with correct structure","status":"passed","title":"generates real estate spreadsheets with correct structure","duration":0.7342930000000081,"failureMessages":[],"meta":{}},{"ancestorTitles":["Crypto Cycle Engine"],"fullName":"Crypto Cycle Engine thirty year synthesis tracks all properties","status":"passed","title":"thirty year synthesis tracks all properties","duration":0.6356110000000115,"failureMessages":[],"meta":{}}],"startTime":1787779288942,"endTime":1787779288948.7344,"status":"passed","message":"","name":"/home/ubuntu/russell-capital-unified/server/cryptoCycle.test.ts"},{"assertionResults":[{"ancestorTitles":["strategies.json data integrity"],"fullName":"strategies.json data integrity has exactly 100 strategies","status":"passed","title":"has exactly 100 strategies","duration":2.141817999999944,"failureMessages":[],"meta":{}},{"ancestorTitles":["strategies.json data integrity"],"fullName":"strategies.json data integrity each strategy has required fields","status":"passed","title":"each strategy has required fields","duration":17.1139290000001,"failureMessages":[],"meta":{}},{"ancestorTitles":["strategies.json data integrity"],"fullName":"strategies.json data integrity all net worths are between $4M and $50M (randomized, independent)","status":"passed","title":"all net worths are between $4M and $50M (randomized, independent)","duration":3.869570999999951,"failureMessages":[],"meta":{}},{"ancestorTitles":["strategies.json data integrity"],"fullName":"strategies.json data integrity net worths are NOT sequential/chained — they vary wildly","status":"passed","title":"net worths are NOT sequential/chained — they vary wildly","duration":0.40276699999992616,"failureMessages":[],"meta":{}},{"ancestorTitles":["strategies.json data integrity"],"fullName":"strategies.json data integrity net worths have real variety (std dev > $5M)","status":"passed","title":"net worths have real variety (std dev > $5M)","duration":0.3041089999999258,"failureMessages":[],"meta":{}},{"ancestorTitles":["strategies.json data integrity"],"fullName":"strategies.json data integrity each strategy has unique family names","status":"passed","title":"each strategy has unique family names","duration":0.4202470000000176,"failureMessages":[],"meta":{}},{"ancestorTitles":["strategies.json data integrity"],"fullName":"strategies.json data integrity each strategy has house value, original mortgage, and home equity","status":"passed","title":"each strategy has house value, original mortgage, and home equity","duration":5.662044999999921,"failureMessages":[],"meta":{}},{"ancestorTitles":["strategies.json data integrity"],"fullName":"strategies.json data integrity each strategy has 5-12 financial steps with aggressive deployments","status":"passed","title":"each strategy has 5-12 financial steps with aggressive deployments","duration":81.48785099999998,"failureMessages":[],"meta":{}},{"ancestorTitles":["strategies.json data integrity"],"fullName":"strategies.json data integrity each step has HELOC draw and mortgage balance fields","status":"passed","title":"each step has HELOC draw and mortgage balance fields","duration":39.32695799999999,"failureMessages":[],"meta":{}},{"ancestorTitles":["strategies.json data integrity"],"fullName":"strategies.json data integrity every strategy ends with mortgage at $0 (paid off)","status":"passed","title":"every strategy ends with mortgage at $0 (paid off)","duration":1.8313810000000785,"failureMessages":[],"meta":{}},{"ancestorTitles":["strategies.json data integrity"],"fullName":"strategies.json data integrity finalNetWorth equals the last step's netWorthAfter","status":"passed","title":"finalNetWorth equals the last step's netWorthAfter","duration":1.8043310000000474,"failureMessages":[],"meta":{}},{"ancestorTitles":["strategies.json data integrity"],"fullName":"strategies.json data integrity totalTaxSaved is the sum of all step taxSaved values","status":"passed","title":"totalTaxSaved is the sum of all step taxSaved values","duration":1.5672149999999192,"failureMessages":[],"meta":{}},{"ancestorTitles":["strategies.json data integrity"],"fullName":"strategies.json data integrity average deployment per step is above $750K","status":"passed","title":"average deployment per step is above $750K","duration":0.5298070000000052,"failureMessages":[],"meta":{}},{"ancestorTitles":["combos.json data integrity"],"fullName":"combos.json data integrity has exactly 100 combos","status":"passed","title":"has exactly 100 combos","duration":0.45528200000001107,"failureMessages":[],"meta":{}},{"ancestorTitles":["combos.json data integrity"],"fullName":"combos.json data integrity each combo has required fields","status":"passed","title":"each combo has required fields","duration":12.70103800000004,"failureMessages":[],"meta":{}},{"ancestorTitles":["combos.json data integrity"],"fullName":"combos.json data integrity each combo has unique family names","status":"passed","title":"each combo has unique family names","duration":0.41315400000007685,"failureMessages":[],"meta":{}},{"ancestorTitles":["combos.json data integrity"],"fullName":"combos.json data integrity each combo has 8-12 sequential steps with financial data","status":"passed","title":"each combo has 8-12 sequential steps with financial data","duration":64.26809000000003,"failureMessages":[],"meta":{}}],"startTime":1787779285182,"endTime":1787779285417.268,"status":"passed","message":"","name":"/home/ubuntu/russell-capital-unified/server/data-integrity.test.ts"},{"assertionResults":[{"ancestorTitles":["Data Isolation: Workspace Ownership Verification"],"fullName":"Data Isolation: Workspace Ownership Verification should find client-accessing procedures in the codebase","status":"passed","title":"should find client-accessing procedures in the codebase","duration":1.3405270000000087,"failureMessages":[],"meta":{}},{"ancestorTitles":["Data Isolation: Workspace Ownership Verification"],"fullName":"Data Isolation: Workspace Ownership Verification every procedure accessing clientId MUST verify workspace ownership","status":"passed","title":"every procedure accessing clientId MUST verify workspace ownership","duration":1.0929089999999917,"failureMessages":[],"meta":{}},{"ancestorTitles":["Data Isolation: No Direct DB Queries Without Workspace Filter"],"fullName":"Data Isolation: No Direct DB Queries Without Workspace Filter should not have unscoped clientId queries in inline DB calls","status":"passed","title":"should not have unscoped clientId queries in inline DB calls","duration":2.3517999999999972,"failureMessages":[],"meta":{}},{"ancestorTitles":["Data Isolation: DB Helper Functions Accept Workspace Parameter"],"fullName":"Data Isolation: DB Helper Functions Accept Workspace Parameter getStrategiesByClient should accept workspaceId parameter","status":"passed","title":"getStrategiesByClient should accept workspaceId parameter","duration":0.4891070000000184,"failureMessages":[],"meta":{}},{"ancestorTitles":["Data Isolation: DB Helper Functions Accept Workspace Parameter"],"fullName":"Data Isolation: DB Helper Functions Accept Workspace Parameter acknowledgeRebalanceAlert should accept workspaceId parameter","status":"passed","title":"acknowledgeRebalanceAlert should accept workspaceId parameter","duration":0.37124399999999014,"failureMessages":[],"meta":{}},{"ancestorTitles":["Data Isolation: DB Helper Functions Accept Workspace Parameter"],"fullName":"Data Isolation: DB Helper Functions Accept Workspace Parameter resolveRebalanceAlert should accept workspaceId parameter","status":"passed","title":"resolveRebalanceAlert should accept workspaceId parameter","duration":0.3143840000000182,"failureMessages":[],"meta":{}},{"ancestorTitles":["Data Isolation: DB Helper Functions Accept Workspace Parameter"],"fullName":"Data Isolation: DB Helper Functions Accept Workspace Parameter revokePortalToken should accept workspaceId parameter","status":"passed","title":"revokePortalToken should accept workspaceId parameter","duration":0.25930200000001946,"failureMessages":[],"meta":{}},{"ancestorTitles":["Data Isolation: DB Helper Functions Accept Workspace Parameter"],"fullName":"Data Isolation: DB Helper Functions Accept Workspace Parameter dismissComplianceAlert should accept workspaceId parameter","status":"passed","title":"dismissComplianceAlert should accept workspaceId parameter","duration":0.3314409999999839,"failureMessages":[],"meta":{}},{"ancestorTitles":["Data Isolation: DB Helper Functions Accept Workspace Parameter"],"fullName":"Data Isolation: DB Helper Functions Accept Workspace Parameter resolveComplianceAlert should accept workspaceId parameter","status":"passed","title":"resolveComplianceAlert should accept workspaceId parameter","duration":0.39833600000000047,"failureMessages":[],"meta":{}},{"ancestorTitles":["Data Isolation: Protected Procedures Use ctx.user"],"fullName":"Data Isolation: Protected Procedures Use ctx.user procedures with alertId should verify workspace before modifying alerts","status":"passed","title":"procedures with alertId should verify workspace before modifying alerts","duration":10.314495999999991,"failureMessages":[],"meta":{}}],"startTime":1787779286708,"endTime":1787779286725.3145,"status":"passed","message":"","name":"/home/ubuntu/russell-capital-unified/server/data-isolation.test.ts"},{"assertionResults":[{"ancestorTitles":["unified visual system"],"fullName":"unified visual system uses a persistent high-resolution city hero instead of the broken external URL","status":"passed","title":"uses a persistent high-resolution city hero instead of the broken external URL","duration":1.8598560000000077,"failureMessages":[],"meta":{}},{"ancestorTitles":["unified visual system"],"fullName":"unified visual system preserves the homepage emerald lighting and dark readability masks","status":"passed","title":"preserves the homepage emerald lighting and dark readability masks","duration":0.42909199999999714,"failureMessages":[],"meta":{}},{"ancestorTitles":["unified visual system"],"fullName":"unified visual system scopes the purple visual system to AppShell portal interiors","status":"passed","title":"scopes the purple visual system to AppShell portal interiors","duration":0.5457700000000045,"failureMessages":[],"meta":{}}],"startTime":1787779293691,"endTime":1787779293694.5457,"status":"passed","message":"","name":"/home/ubuntu/russell-capital-unified/server/design-system.test.ts"},{"assertionResults":[{"ancestorTitles":["Canonical Domain Redirect Middleware"],"fullName":"Canonical Domain Redirect Middleware redirects www.russellcap.com to canonical domain","status":"passed","title":"redirects www.russellcap.com to canonical domain","duration":1.6144600000000082,"failureMessages":[],"meta":{}},{"ancestorTitles":["Canonical Domain Redirect Middleware"],"fullName":"Canonical Domain Redirect Middleware redirects bare russellcap.com to canonical domain","status":"passed","title":"redirects bare russellcap.com to canonical domain","duration":0.3532950000000028,"failureMessages":[],"meta":{}},{"ancestorTitles":["Canonical Domain Redirect Middleware"],"fullName":"Canonical Domain Redirect Middleware redirects non-www russellcapitalsystems.com to canonical","status":"passed","title":"redirects non-www russellcapitalsystems.com to canonical","duration":0.2533130000000199,"failureMessages":[],"meta":{}},{"ancestorTitles":["Canonical Domain Redirect Middleware"],"fullName":"Canonical Domain Redirect Middleware redirects random third-party domain","status":"passed","title":"redirects random third-party domain","duration":0.16161800000000426,"failureMessages":[],"meta":{}},{"ancestorTitles":["Canonical Domain Redirect Middleware"],"fullName":"Canonical Domain Redirect Middleware preserves URL path during redirect","status":"passed","title":"preserves URL path during redirect","duration":0.26998199999999883,"failureMessages":[],"meta":{}},{"ancestorTitles":["Canonical Domain Redirect Middleware"],"fullName":"Canonical Domain Redirect Middleware preserves query strings during redirect","status":"passed","title":"preserves query strings during redirect","duration":0.24507600000001162,"failureMessages":[],"meta":{}},{"ancestorTitles":["Canonical Domain Redirect Middleware"],"fullName":"Canonical Domain Redirect Middleware handles host with port number","status":"passed","title":"handles host with port number","duration":0.169037000000003,"failureMessages":[],"meta":{}},{"ancestorTitles":["Canonical Domain Redirect Middleware"],"fullName":"Canonical Domain Redirect Middleware is case-insensitive","status":"passed","title":"is case-insensitive","duration":0.14043600000002243,"failureMessages":[],"meta":{}},{"ancestorTitles":["Canonical Domain Redirect Middleware"],"fullName":"Canonical Domain Redirect Middleware does NOT redirect canonical domain","status":"passed","title":"does NOT redirect canonical domain","duration":0.3607279999999946,"failureMessages":[],"meta":{}},{"ancestorTitles":["Canonical Domain Redirect Middleware"],"fullName":"Canonical Domain Redirect Middleware does NOT redirect localhost","status":"passed","title":"does NOT redirect localhost","duration":0.18548200000000747,"failureMessages":[],"meta":{}},{"ancestorTitles":["Canonical Domain Redirect Middleware"],"fullName":"Canonical Domain Redirect Middleware does NOT redirect 127.0.0.1","status":"passed","title":"does NOT redirect 127.0.0.1","duration":0.1481849999999838,"failureMessages":[],"meta":{}},{"ancestorTitles":["Canonical Domain Redirect Middleware"],"fullName":"Canonical Domain Redirect Middleware does NOT redirect empty host","status":"passed","title":"does NOT redirect empty host","duration":0.12718499999999722,"failureMessages":[],"meta":{}},{"ancestorTitles":["Canonical Domain Redirect Middleware"],"fullName":"Canonical Domain Redirect Middleware does NOT redirect *.manus.computer (dev preview proxy)","status":"passed","title":"does NOT redirect *.manus.computer (dev preview proxy)","duration":0.11957100000000764,"failureMessages":[],"meta":{}},{"ancestorTitles":["Canonical Domain Redirect Middleware"],"fullName":"Canonical Domain Redirect Middleware does NOT redirect *.manus.space (published site)","status":"passed","title":"does NOT redirect *.manus.space (published site)","duration":0.11546899999999027,"failureMessages":[],"meta":{}},{"ancestorTitles":["Canonical Domain Redirect Middleware"],"fullName":"Canonical Domain Redirect Middleware does NOT redirect 169.254.* (link-local)","status":"passed","title":"does NOT redirect 169.254.* (link-local)","duration":0.13330799999999954,"failureMessages":[],"meta":{}},{"ancestorTitles":["Canonical Domain Redirect Middleware"],"fullName":"Canonical Domain Redirect Middleware does NOT redirect in development mode","status":"passed","title":"does NOT redirect in development mode","duration":0.11407200000002149,"failureMessages":[],"meta":{}}],"startTime":1787779287215,"endTime":1787779287220.1482,"status":"passed","message":"","name":"/home/ubuntu/russell-capital-unified/server/domainRedirect.test.ts"},{"assertionResults":[{"ancestorTitles":["Dynamic Tax Bracket Projection Engine"],"fullName":"Dynamic Tax Bracket Projection Engine should produce 20 years of projections","status":"passed","title":"should produce 20 years of projections","duration":3.556171000000006,"failureMessages":[],"meta":{}},{"ancestorTitles":["Dynamic Tax Bracket Projection Engine"],"fullName":"Dynamic Tax Bracket Projection Engine should show income growing each year","status":"passed","title":"should show income growing each year","duration":1.1252460000000042,"failureMessages":[],"meta":{}},{"ancestorTitles":["Dynamic Tax Bracket Projection Engine"],"fullName":"Dynamic Tax Bracket Projection Engine should calculate after-tax income correctly","status":"passed","title":"should calculate after-tax income correctly","duration":0.896588999999949,"failureMessages":[],"meta":{}},{"ancestorTitles":["Dynamic Tax Bracket Projection Engine"],"fullName":"Dynamic Tax Bracket Projection Engine should have cumulative tax savings that increase monotonically","status":"passed","title":"should have cumulative tax savings that increase monotonically","duration":0.8853090000000066,"failureMessages":[],"meta":{}},{"ancestorTitles":["Dynamic Tax Bracket Projection Engine"],"fullName":"Dynamic Tax Bracket Projection Engine should show effective rate below marginal rate","status":"passed","title":"should show effective rate below marginal rate","duration":1.3185969999999543,"failureMessages":[],"meta":{}},{"ancestorTitles":["Dynamic Tax Bracket Projection Engine","O&G Deduction Integration"],"fullName":"Dynamic Tax Bracket Projection Engine O&G Deduction Integration should reduce taxable income with O&G deductions","status":"passed","title":"should reduce taxable income with O&G deductions","duration":3.631266000000039,"failureMessages":[],"meta":{}},{"ancestorTitles":["Dynamic Tax Bracket Projection Engine","O&G Deduction Integration"],"fullName":"Dynamic Tax Bracket Projection Engine O&G Deduction Integration sho
[...]
.263196999999991,"failureMessages":[],"meta":{}},{"ancestorTitles":["Time Machine AG49 — Core Engine","Rate comparison table"],"fullName":"Time Machine AG49 — Core Engine Rate comparison table should have 16 rate entries","status":"passed","title":"should have 16 rate entries","duration":0.13977299999999104,"failureMessages":[],"meta":{}},{"ancestorTitles":["Time Machine AG49 — Core Engine","Rate comparison table"],"fullName":"Time Machine AG49 — Core Engine Rate comparison table should have rates from 0.1% to 7.5%","status":"passed","title":"should have rates from 0.1% to 7.5%","duration":0.1543879999999831,"failureMessages":[],"meta":{}},{"ancestorTitles":["Time Machine AG49 — Core Engine","Rate comparison table"],"fullName":"Time Machine AG49 — Core Engine Rate comparison table should show higher rates reaching targets faster","status":"passed","title":"should show higher rates reaching targets faster","duration":0.18318899999999871,"failureMessages":[],"meta":{}},{"ancestorTitles":["Time Machine AG49 — Core Engine","Rate comparison table"],"fullName":"Time Machine AG49 — Core Engine Rate comparison table should show 80% target takes longer than 50% which takes longer than 28%","status":"passed","title":"should show 80% target takes longer than 50% which takes longer than 28%","duration":0.20500700000002325,"failureMessages":[],"meta":{}},{"ancestorTitles":["Time Machine AG49 — Core Engine","Rate comparison table"],"fullName":"Time Machine AG49 — Core Engine Rate comparison table should return null for targets not reachable within maxYears at low rates","status":"passed","title":"should return null for targets not reachable within maxYears at low rates","duration":0.15124700000001212,"failureMessages":[],"meta":{}},{"ancestorTitles":["Time Machine AG49 — Core Engine","Rate comparison table"],"fullName":"Time Machine AG49 — Core Engine Rate comparison table should match simulation results for 6.5%","status":"passed","title":"should match simulation results for 6.5%","duration":0.2541740000000061,"failureMessages":[],"meta":{}},{"ancestorTitles":["Time Machine AG49 — Core Engine","Formula verification"],"fullName":"Time Machine AG49 — Core Engine Formula verification should satisfy: effectiveReturn = (AV * R) / totalPremiums * 100 for every row","status":"passed","title":"should satisfy: effectiveReturn = (AV * R) / totalPremiums * 100 for every row","duration":1.121422000000024,"failureMessages":[],"meta":{}},{"ancestorTitles":["Time Machine AG49 — Core Engine","Formula verification"],"fullName":"Time Machine AG49 — Core Engine Formula verification should satisfy: interestCredit = beginningValue * rate for every row","status":"passed","title":"should satisfy: interestCredit = beginningValue * rate for every row","duration":1.1433429999999873,"failureMessages":[],"meta":{}},{"ancestorTitles":["Time Machine AG49 — Core Engine","Formula verification"],"fullName":"Time Machine AG49 — Core Engine Formula verification should satisfy: endingValue = beginningValue + interestCredit for every row","status":"passed","title":"should satisfy: endingValue = beginningValue + interestCredit for every row","duration":1.060338999999999,"failureMessages":[],"meta":{}},{"ancestorTitles":["Time Machine AG49 — Core Engine","Formula verification"],"fullName":"Time Machine AG49 — Core Engine Formula verification Rule of 72 approximation: account should roughly double every 72/rate years after funding","status":"passed","title":"Rule of 72 approximation: account should roughly double every 72/rate years after funding","duration":0.24183800000000133,"failureMessages":[],"meta":{}}],"startTime":1787779275021,"endTime":1787779275040.242,"status":"passed","message":"","name":"/home/ubuntu/russell-capital-unified/server/time-machine-ag49.test.ts"},{"assertionResults":[{"ancestorTitles":["Time Machine Engine — Core via Dual Illustration"],"fullName":"Time Machine Engine — Core via Dual Illustration generateDualIllustration produces boring and historical illustrations","status":"passed","title":"generateDualIllustration produces boring and historical illustrations","duration":3.582708000000025,"failureMessages":[],"meta":{}},{"ancestorTitles":["Time Machine Engine — Core via Dual Illustration"],"fullName":"Time Machine Engine — Core via Dual Illustration boring illustration has constant crediting rate","status":"passed","title":"boring illustration has constant crediting rate","duration":1.5249689999999987,"failureMessages":[],"meta":{}},{"ancestorTitles":["Time Machine Engine — Core via Dual Illustration"],"fullName":"Time Machine Engine — Core via Dual Illustration historical illustration has varying crediting rates","status":"passed","title":"historical illustration has varying crediting rates","duration":0.5420970000000125,"failureMessages":[],"meta":{}},{"ancestorTitles":["Time Machine Engine — Core via Dual Illustration"],"fullName":"Time Machine Engine — Core via Dual Illustration account value grows during funding years","status":"passed","title":"account value grows during funding years","duration":0.5222070000000372,"failureMessages":[],"meta":{}},{"ancestorTitles":["Time Machine Engine — Core via Dual Illustration"],"fullName":"Time Machine Engine — Core via Dual Illustration benchmarks are computed for boring and historical","status":"passed","title":"benchmarks are computed for boring and historical","duration":1.539242999999999,"failureMessages":[],"meta":{}},{"ancestorTitles":["Time Machine Engine — Overlay Generation"],"fullName":"Time Machine Engine — Overlay Generation generateTimeMachineOverlay returns correct length","status":"passed","title":"generateTimeMachineOverlay returns correct length","duration":2.0460729999999785,"failureMessages":[],"meta":{}},{"ancestorTitles":["Time Machine Engine — Overlay Generation"],"fullName":"Time Machine Engine — Overlay Generation overlay uses historical crediting rates","status":"passed","title":"overlay uses historical crediting rates","duration":0.405715999999984,"failureMessages":[],"meta":{}},{"ancestorTitles":["Time Machine Engine — Overlay Generation"],"fullName":"Time Machine Engine — Overlay Generation overlay with multiple indices blends rates","status":"passed","title":"overlay with multiple indices blends rates","duration":1.0623850000000061,"failureMessages":[],"meta":{}},{"ancestorTitles":["Time Machine Engine — Overlay Generation"],"fullName":"Time Machine Engine — Overlay Generation overlay with loan parameters returns data","status":"passed","title":"overlay with loan parameters returns data","duration":1.0542820000000006,"failureMessages":[],"meta":{}},{"ancestorTitles":["Time Machine Engine — Overlay Generation"],"fullName":"Time Machine Engine — Overlay Generation $400K/yr x 5 years at 6.5% eventually reaches 28% effective return","status":"passed","title":"$400K/yr x 5 years at 6.5% eventually reaches 28% effective return","duration":0.6474299999999857,"failureMessages":[],"meta":{}},{"ancestorTitles":["Time Machine Engine — Index Data"],"fullName":"Time Machine Engine — Index Data ALL_INDEX_OPTIONS has entries","status":"passed","title":"ALL_INDEX_OPTIONS has entries","duration":0.15889900000001944,"failureMessages":[],"meta":{}},{"ancestorTitles":["Time Machine Engine — Index Data"],"fullName":"Time Machine Engine — Index Data getPopularIndexOptions returns subset","status":"passed","title":"getPopularIndexOptions returns subset","duration":0.3554280000000176,"failureMessages":[],"meta":{}},{"ancestorTitles":["Time Machine Engine — Index Data"],"fullName":"Time Machine Engine — Index Data getCreditingHistory returns 25+ years for SP500","status":"passed","title":"getCreditingHistory returns 25+ years for SP500","duration":0.19060799999999745,"failureMessages":[],"meta":{}},{"ancestorTitles":["Time Machine Engine — Index Data"],"fullName":"Time Machine Engine — Index Data getCreditedRate returns a number for SP500 option","status":"passed","title":"getCreditedRate returns a number for SP500 option","duration":0.18907800000005182,"failureMessages":[],"meta":{}},{"ancestorTitles":["Time Machine Engine — Index Data"],"fullName":"Time Machine Engine — Index Data getCreditedRate respects cap for high-return years","status":"passed","title":"getCreditedRate respects cap for high-return years","duration":0.1668369999999868,"failureMessages":[],"meta":{}},{"ancestorTitles":["Time Machine — Mortgage Killer Scenario"],"fullName":"Time Machine — Mortgage Killer Scenario overlay sized for typical mortgage killer premium","status":"passed","title":"overlay sized for typical mortgage killer premium","duration":0.36395799999996825,"failureMessages":[],"meta":{}},{"ancestorTitles":["Time Machine — Mortgage Killer Scenario"],"fullName":"Time Machine — Mortgage Killer Scenario overlay for large premium ($400K/yr x 5)","status":"passed","title":"overlay for large premium ($400K/yr x 5)","duration":0.22456099999999424,"failureMessages":[],"meta":{}},{"ancestorTitles":["Time Machine Engine — Edge Cases"],"fullName":"Time Machine Engine — Edge Cases handles 1-year funding via overlay","status":"passed","title":"handles 1-year funding via overlay","duration":0.36280800000002955,"failureMessages":[],"meta":{}},{"ancestorTitles":["Time Machine Engine — Edge Cases"],"fullName":"Time Machine Engine — Edge Cases handles very young age (25)","status":"passed","title":"handles very young age (25)","duration":0.5287519999999972,"failureMessages":[],"meta":{}},{"ancestorTitles":["Time Machine Engine — Edge Cases"],"fullName":"Time Machine Engine — Edge Cases handles very old age (70)","status":"passed","title":"handles very old age (70)","duration":0.2763549999999668,"failureMessages":[],"meta":{}}],"startTime":1787779279037,"endTime":1787779279053.5288,"status":"passed","message":"","name":"/home/ubuntu/russell-capital-unified/server/time-machine-integration.test.ts"},{"assertionResults":[{"ancestorTitles":["Managed OAuth — trial password API retirement"],"fullName":"Managed OAuth — trial password API retirement rejects the former trial password in the compatibility helper","status":"passed","title":"rejects the former trial password in the compatibility helper","duration":2.9232709999999997,"failureMessages":[],"meta":{}},{"ancestorTitles":["Managed OAuth — trial password API retirement"],"fullName":"Managed OAuth — trial password API retirement does not mount trial login or status endpoints","status":"passed","title":"does not mount trial login or status endpoints","duration":1.719966999999997,"failureMessages":[],"meta":{}},{"ancestorTitles":["Managed OAuth — trial password API retirement"],"fullName":"Managed OAuth — trial password API retirement keeps the public trial route as managed-OAuth guidance","status":"passed","title":"keeps the public trial route as managed-OAuth guidance","duration":0.6596099999999865,"failureMessages":[],"meta":{}},{"ancestorTitles":["Commission Tracker Data Integrity"],"fullName":"Commission Tracker Data Integrity should have exactly 14 tools","status":"passed","title":"should have exactly 14 tools","duration":0.29522099999999796,"failureMessages":[],"meta":{}},{"ancestorTitles":["Commission Tracker Data Integrity"],"fullName":"Commission Tracker Data Integrity should have unique IDs for all tools","status":"passed","title":"should have unique IDs for all tools","duration":0.19428199999998697,"failureMessages":[],"meta":{}},{"ancestorTitles":["Commission Tracker Data Integrity"],"fullName":"Commission Tracker Data Integrity should have total monthly commission of $1,570,000","status":"passed","title":"should have total monthly commission of $1,570,000","duration":0.2405040000000156,"failureMessages":[],"meta":{}},{"ancestorTitles":["Commission Tracker Data Integrity"],"fullName":"Commission Tracker Data Integrity should have Mortgage Killer at $40,000/month life commissions","status":"passed","title":"should have Mortgage Killer at $40,000/month life commissions","duration":0.23297999999999774,"failureMessages":[],"meta":{}},{"ancestorTitles":["Commission Tracker Data Integrity"],"fullName":"Commission Tracker Data Integrity should have Estate Flow Chart at $70,000/month annuity commissions","status":"passed","title":"should have Estate Flow Chart at $70,000/month annuity commissions","duration":0.18844299999997816,"failureMessages":[],"meta":{}},{"ancestorTitles":["Commission Tracker Data Integrity"],"fullName":"Commission Tracker Data Integrity should have Income Gap Analyzer at $70,000/month annuity commissions","status":"passed","title":"should have Income Gap Analyzer at $70,000/month annuity commissions","duration":0.3702470000000062,"failureMessages":[],"meta":{}},{"ancestorTitles":["Commission Tracker Data Integrity"],"fullName":"Commission Tracker Data Integrity should have Real Estate Mogul at $300,000/month life commissions","status":"passed","title":"should have Real Estate Mogul at $300,000/month life commissions","duration":0.24584000000001538,"failureMessages":[],"meta":{}},{"ancestorTitles":["Commission Tracker Data Integrity"],"fullName":"Commission Tracker Data Integrity should have House Recycling at $200,000/month life commissions","status":"passed","title":"should have House Recycling at $200,000/month life commissions","duration":0.18554000000000315,"failureMessages":[],"meta":{}},{"ancestorTitles":["Commission Tracker Data Integrity"],"fullName":"Commission Tracker Data Integrity should have all valid commission types","status":"passed","title":"should have all valid commission types","duration":1.7313990000000103,"failureMessages":[],"meta":{}},{"ancestorTitles":["Commission Tracker Data Integrity"],"fullName":"Commission Tracker Data Integrity annual potential should be 12x monthly","status":"passed","title":"annual potential should be 12x monthly","duration":0.18739999999999668,"failureMessages":[],"meta":{}}],"startTime":1787779286847,"endTime":1787779286856.7314,"status":"passed","message":"","name":"/home/ubuntu/russell-capital-unified/server/trialAndCommission.test.ts"},{"assertionResults":[{"ancestorTitles":["Video Script Generator"],"fullName":"Video Script Generator should define all 5 chapter types","status":"passed","title":"should define all 5 chapter types","duration":2.767606999999998,"failureMessages":[],"meta":{}},{"ancestorTitles":["Video Script Generator"],"fullName":"Video Script Generator should generate chapter titles from types","status":"passed","title":"should generate chapter titles from types","duration":0.7363459999999975,"failureMessages":[],"meta":{}},{"ancestorTitles":["Video Script Generator"],"fullName":"Video Script Generator should estimate duration for each chapter type","status":"passed","title":"should estimate duration for each chapter type","duration":0.41993199999998865,"failureMessages":[],"meta":{}},{"ancestorTitles":["HeyGen Service Configuration"],"fullName":"HeyGen Service Configuration should construct correct API URL for video generation","status":"passed","title":"should construct correct API URL for video generation","duration":0.2672670000000039,"failureMessages":[],"meta":{}},{"ancestorTitles":["HeyGen Service Configuration"],"fullName":"HeyGen Service Configuration should construct correct API URL for video status","status":"passed","title":"should construct correct API URL for video status","duration":0.19189600000001406,"failureMessages":[],"meta":{}},{"ancestorTitles":["HeyGen Service Configuration"],"fullName":"HeyGen Service Configuration should construct correct API URL for avatar listing","status":"passed","title":"should construct correct API URL for avatar listing","duration":0.2015169999999955,"failureMessages":[],"meta":{}},{"ancestorTitles":["HeyGen Service Configuration"],"fullName":"HeyGen Service Configuration should construct correct API URL for voice listing","status":"passed","title":"should construct correct API URL for voice listing","duration":0.1625230000000215,"failureMessages":[],"meta":{}},{"ancestorTitles":["Video Proposal Data Structures"],"fullName":"Video Proposal Data Structures should validate proposal status transitions","status":"passed","title":"should validate proposal status transitions","duration":0.9975499999999897,"failureMessages":[],"meta":{}},{"ancestorTitles":["Video Proposal Data Structures"],"fullName":"Video Proposal Data Structures should validate engagement event types","status":"passed","title":"should validate engagement event types","duration":0.7194190000000162,"failureMessages":[],"meta":{}},{"ancestorTitles":["Video Proposal Data Structures"],"fullName":"Video Proposal Data Structures should calculate total duration from chapters","status":"passed","title":"should calculate total duration from chapters","duration":0.22556800000000976,"failureMessages":[],"meta":{}},{"ancestorTitles":["Video Proposal Data Structures"],"fullName":"Video Proposal Data Structures should generate a valid share token format","status":"passed","title":"should generate a valid share token format","duration":0.37440200000000345,"failureMessages":[],"meta":{}},{"ancestorTitles":["Video Proposal Data Structures"],"fullName":"Video Proposal Data Structures should validate percent watched is between 0 and 100","status":"passed","title":"should validate percent watched is between 0 and 100","duration":0.295439000000016,"failureMessages":[],"meta":{}},{"ancestorTitles":["Script Prompt Building"],"fullName":"Script Prompt Building should build a client context string from client data","status":"passed","title":"should build a client context string from client data","duration":17.482962999999984,"failureMessages":[],"meta":{}},{"ancestorTitles":["Script Prompt Building"],"fullName":"Script Prompt Building should build strategy data context from calculation results","status":"passed","title":"should build strategy data context from calculation results","duration":0.261131000000006,"failureMessages":[],"meta":{}},{"ancestorTitles":["Script Prompt Building"],"fullName":"Script Prompt Building should handle missing client data gracefully","status":"passed","title":"should handle missing client data gracefully","duration":0.14232000000001221,"failureMessages":[],"meta":{}},{"ancestorTitles":["Script Prompt Building"],"fullName":"Script Prompt Building should handle missing strategy data gracefully","status":"passed","title":"should handle missing strategy data gracefully","duration":0.13694300000000226,"failureMessages":[],"meta":{}},{"ancestorTitles":["Engagement Analytics"],"fullName":"Engagement Analytics should calculate average watch time from events","status":"passed","title":"should calculate average watch time from events","duration":0.26183800000001156,"failureMessages":[],"meta":{}},{"ancestorTitles":["Engagement Analytics"],"fullName":"Engagement Analytics should calculate completion rate from events","status":"passed","title":"should calculate completion rate from events","duration":0.18189499999999725,"failureMessages":[],"meta":{}},{"ancestorTitles":["Engagement Analytics"],"fullName":"Engagement Analytics should identify most rewatched chapters","status":"passed","title":"should identify most rewatched chapters","duration":0.2395050000000083,"failureMessages":[],"meta":{}},{"ancestorTitles":["Engagement Analytics"],"fullName":"Engagement Analytics should calculate drop-off points","status":"passed","title":"should calculate drop-off points","duration":0.2013689999999997,"failureMessages":[],"meta":{}}],"startTime":1787779279301,"endTime":1787779279328.2014,"status":"passed","message":"","name":"/home/ubuntu/russell-capital-unified/server/videoProposal.test.ts"},{"assertionResults":[{"ancestorTitles":["XAI_API_KEY"],"fullName":"XAI_API_KEY authenticates with a funded xAI Grok chat completion","status":"skipped","title":"authenticates with a funded xAI Grok chat completion","failureMessages":[],"meta":{}}],"startTime":1787779269794,"endTime":1787779269794,"status":"passed","message":"","name":"/home/ubuntu/russell-capital-unified/server/xai.secret.test.ts"}]}