{"numTotalTestSuites":685,"numPassedTestSuites":679,"numFailedTestSuites":6,"numPendingTestSuites":0,"numTotalTests":1962,"numPassedTests":1949,"numFailedTests":6,"numPendingTests":7,"numTodoTests":0,"snapshot":{"added":0,"failure":false,"filesAdded":0,"filesRemoved":0,"filesRemovedList":[],"filesUnmatched":0,"filesUpdated":0,"matched":0,"total":0,"unchecked":0,"uncheckedKeysByFile":[],"unmatched":0,"updated":0,"didUpdate":false},"startTime":1787778167938,"success":false,"testResults":[{"assertionResults":[{"ancestorTitles":["Access Control — Advisor Accounts & Trial System","Access Tier Logic"],"fullName":"Access Control — Advisor Accounts & Trial System Access Tier Logic legacy-trial-pass password should map to 'trial' access tier","status":"passed","title":"legacy-trial-pass password should map to 'trial' access tier","duration":1.3610029999999824,"failureMessages":[],"meta":{}},{"ancestorTitles":["Access Control — Advisor Accounts & Trial System","Access Tier Logic"],"fullName":"Access Control — Advisor Accounts & Trial System Access Tier Logic legacy-eternal-pass-b password should map to 'unlimited' access tier","status":"passed","title":"legacy-eternal-pass-b password should map to 'unlimited' access tier","duration":0.25636199999996734,"failureMessages":[],"meta":{}},{"ancestorTitles":["Access Control — Advisor Accounts & Trial System","Access Tier Logic"],"fullName":"Access Control — Advisor Accounts & Trial System Access Tier Logic Invalid password should be rejected","status":"passed","title":"Invalid password should be rejected","duration":0.20668100000000322,"failureMessages":[],"meta":{}},{"ancestorTitles":["Access Control — Advisor Accounts & Trial System","Access Tier Logic"],"fullName":"Access Control — Advisor Accounts & Trial System Access Tier Logic Empty password should be rejected","status":"passed","title":"Empty password should be rejected","duration":0.1927959999999871,"failureMessages":[],"meta":{}},{"ancestorTitles":["Access Control — Advisor Accounts & Trial System","Trial Time Tracking"],"fullName":"Access Control — Advisor Accounts & Trial System Trial Time Tracking should have a 3-hour (10800 second) trial limit","status":"passed","title":"should have a 3-hour (10800 second) trial limit","duration":0.27958300000000236,"failureMessages":[],"meta":{}},{"ancestorTitles":["Access Control — Advisor Accounts & Trial System","Trial Time Tracking"],"fullName":"Access Control — Advisor Accounts & Trial System Trial Time Tracking should not be expired when 0 seconds used","status":"passed","title":"should not be expired when 0 seconds used","duration":0.2451560000000086,"failureMessages":[],"meta":{}},{"ancestorTitles":["Access Control — Advisor Accounts & Trial System","Trial Time Tracking"],"fullName":"Access Control — Advisor Accounts & Trial System Trial Time Tracking should not be expired when 5400 seconds (1.5 hours) used","status":"passed","title":"should not be expired when 5400 seconds (1.5 hours) used","duration":0.17324899999999843,"failureMessages":[],"meta":{}},{"ancestorTitles":["Access Control — Advisor Accounts & Trial System","Trial Time Tracking"],"fullName":"Access Control — Advisor Accounts & Trial System Trial Time Tracking should be expired when exactly 10800 seconds used","status":"passed","title":"should be expired when exactly 10800 seconds used","duration":0.15488999999996622,"failureMessages":[],"meta":{}},{"ancestorTitles":["Access Control — Advisor Accounts & Trial System","Trial Time Tracking"],"fullName":"Access Control — Advisor Accounts & Trial System Trial Time Tracking should be expired when more than 10800 seconds used","status":"passed","title":"should be expired when more than 10800 seconds used","duration":0.32179700000000366,"failureMessages":[],"meta":{}},{"ancestorTitles":["Access Control — Advisor Accounts & Trial System","Trial Time Tracking"],"fullName":"Access Control — Advisor Accounts & Trial System Trial Time Tracking should correctly calculate remaining seconds","status":"passed","title":"should correctly calculate remaining seconds","duration":0.23702100000002702,"failureMessages":[],"meta":{}},{"ancestorTitles":["Access Control — Advisor Accounts & Trial System","Trial Time Tracking"],"fullName":"Access Control — Advisor Accounts & Trial System Trial Time Tracking should clamp remaining to 0 when over limit","status":"passed","title":"should clamp remaining to 0 when over limit","duration":0.16249399999998104,"failureMessages":[],"meta":{}},{"ancestorTitles":["Access Control — Advisor Accounts & Trial System","Trial Time Tracking"],"fullName":"Access Control — Advisor Accounts & Trial System Trial Time Tracking should accumulate heartbeat seconds correctly","status":"passed","title":"should accumulate heartbeat seconds correctly","duration":0.1545770000000175,"failureMessages":[],"meta":{}},{"ancestorTitles":["Access Control — Advisor Accounts & Trial System","30-Minute Notification Milestones"],"fullName":"Access Control — Advisor Accounts & Trial System 30-Minute Notification Milestones should trigger notification at 30-minute mark","status":"passed","title":"should trigger notification at 30-minute mark","duration":0.230150999999978,"failureMessages":[],"meta":{}},{"ancestorTitles":["Access Control — Advisor Accounts & Trial System","30-Minute Notification Milestones"],"fullName":"Access Control — Advisor Accounts & Trial System 30-Minute Notification Milestones should not trigger notification within same 30-minute window","status":"passed","title":"should not trigger notification within same 30-minute window","duration":0.18405100000001084,"failureMessages":[],"meta":{}},{"ancestorTitles":["Access Control — Advisor Accounts & Trial System","30-Minute Notification Milestones"],"fullName":"Access Control — Advisor Accounts & Trial System 30-Minute Notification Milestones should trigger at 1-hour mark (second notification)","status":"passed","title":"should trigger at 1-hour mark (second notification)","duration":0.1715159999999969,"failureMessages":[],"meta":{}},{"ancestorTitles":["Access Control — Advisor Accounts & Trial System","30-Minute Notification Milestones"],"fullName":"Access Control — Advisor Accounts & Trial System 30-Minute Notification Milestones should trigger at 2.5-hour mark (fifth notification)","status":"passed","title":"should trigger at 2.5-hour mark (fifth notification)","duration":0.16290600000002087,"failureMessages":[],"meta":{}},{"ancestorTitles":["Access Control — Advisor Accounts & Trial System","Effective Access Tier"],"fullName":"Access Control — Advisor Accounts & Trial System Effective Access Tier Sam Russell always gets unlimited","status":"passed","title":"Sam Russell always gets unlimited","duration":0.18600599999996348,"failureMessages":[],"meta":{}},{"ancestorTitles":["Access Control — Advisor Accounts & Trial System","Effective Access Tier"],"fullName":"Access Control — Advisor Accounts & Trial System Effective Access Tier legacy-eternal-pass-b user gets unlimited regardless of account state","status":"passed","title":"legacy-eternal-pass-b user gets unlimited regardless of account state","duration":0.14305000000001655,"failureMessages":[],"meta":{}},{"ancestorTitles":["Access Control — Advisor Accounts & Trial System","Effective Access Tier"],"fullName":"Access Control — Advisor Accounts & Trial System Effective Access Tier Account previously upgraded to unlimited stays unlimited","status":"passed","title":"Account previously upgraded to unlimited stays unlimited","duration":0.1485749999999939,"failureMessages":[],"meta":{}},{"ancestorTitles":["Access Control — Advisor Accounts & Trial System","Effective Access Tier"],"fullName":"Access Control — Advisor Accounts & Trial System Effective Access Tier Active subscriber gets subscriber tier","status":"passed","title":"Active subscriber gets subscriber tier","duration":0.13622700000001942,"failureMessages":[],"meta":{}},{"ancestorTitles":["Access Control — Advisor Accounts & Trial System","Effective Access Tier"],"fullName":"Access Control — Advisor Accounts & Trial System Effective Access Tier Regular trial user gets trial tier","status":"passed","title":"Regular trial user gets trial tier","duration":0.14836400000001504,"failureMessages":[],"meta":{}},{"ancestorTitles":["Access Control — Advisor Accounts & Trial System","Effective Access Tier"],"fullName":"Access Control — Advisor Accounts & Trial System Effective Access Tier Canceled subscriber falls back to trial","status":"passed","title":"Canceled subscriber falls back to trial","duration":0.1377029999999877,"failureMessages":[],"meta":{}},{"ancestorTitles":["Access Control — Advisor Accounts & Trial System","Email Normalization"],"fullName":"Access Control — Advisor Accounts & Trial System Email Normalization should lowercase email","status":"passed","title":"should lowercase email","duration":0.14733099999995147,"failureMessages":[],"meta":{}},{"ancestorTitles":["Access Control — Advisor Accounts & Trial System","Email Normalization"],"fullName":"Access Control — Advisor Accounts & Trial System Email Normalization should trim whitespace","status":"passed","title":"should trim whitespace","duration":0.13339600000000473,"failureMessages":[],"meta":{}},{"ancestorTitles":["Access Control — Advisor Accounts & Trial System","Email Normalization"],"fullName":"Access Control — Advisor Accounts & Trial System Email Normalization should validate email format","status":"passed","title":"should validate email format","duration":0.2861650000000395,"failureMessages":[],"meta":{}},{"ancestorTitles":["Access Control — Advisor Accounts & Trial System","Trial Enforcement Rules"],"fullName":"Access Control — Advisor Accounts & Trial System Trial Enforcement Rules should NOT enforce trial for Sam Russell","status":"passed","title":"should NOT enforce trial for Sam Russell","duration":0.1938639999999623,"failureMessages":[],"meta":{}},{"ancestorTitles":["Access Control — Advisor Accounts & Trial System","Trial Enforcement Rules"],"fullName":"Access Control — Advisor Accounts & Trial System Trial Enforcement Rules should NOT enforce trial for legacy-eternal-pass-b users","status":"passed","title":"should NOT enforce trial for legacy-eternal-pass-b users","duration":0.14269500000000335,"failureMessages":[],"meta":{}},{"ancestorTitles":["Access Control — Advisor Accounts & Trial System","Trial Enforcement Rules"],"fullName":"Access Control — Advisor Accounts & Trial System Trial Enforcement Rules should NOT enforce trial for active subscribers","status":"passed","title":"should NOT enforce trial for active subscribers","duration":0.1358549999999923,"failureMessages":[],"meta":{}},{"ancestorTitles":["Access Control — Advisor Accounts & Trial System","Trial Enforcement Rules"],"fullName":"Access Control — Advisor Accounts & Trial System Trial Enforcement Rules should enforce trial for regular legacy-trial-pass users","status":"passed","title":"should enforce trial for regular legacy-trial-pass users","duration":0.13241599999997788,"failureMessages":[],"meta":{}},{"ancestorTitles":["Access Control — Advisor Accounts & Trial System","Trial Enforcement Rules"],"fullName":"Access Control — Advisor Accounts & Trial System Trial Enforcement Rules should enforce trial for canceled subscribers","status":"passed","title":"should enforce trial for canceled subscribers","duration":0.13839400000000524,"failureMessages":[],"meta":{}}],"startTime":1787778177184,"endTime":1787778177192.1426,"status":"passed","message":"","name":"/home/ubuntu/russell-capital-unified/server/accessControl.test.ts"},{"assertionResults":[{"ancestorTitles":["Admin Portal - Email Validation"],"fullName":"Admin Portal - Email Validation should accept sam@russellcapitalsystems.com as admin email","status":"passed","title":"should accept sam@russellcapitalsystems.com as admin email","duration":1.3992889999999818,"failureMessages":[],"meta":{}},{"ancestorTitles":["Admin Portal - Email Validation"],"fullName":"Admin Portal - Email Validation should accept samtheinsuranceman@gmail.com as admin email","status":"passed","title":"should accept samtheinsuranceman@gmail.com as admin email","duration":0.3087859999999978,"failureMessages":[],"meta":{}},{"ancestorTitles":["Admin Portal - Email Validation"],"fullName":"Admin Portal - Email Validation should accept emails case-insensitively","status":"passed","title":"should accept emails case-insensitively","duration":0.20945299999999634,"failureMessages":[],"meta":{}},{"ancestorTitles":["Admin Portal - Email Validation"],"fullName":"Admin Portal - Email Validation should reject non-admin emails","status":"passed","title":"should reject non-admin emails","duration":0.1902729999999906,"failureMessages":[],"meta":{}},{"ancestorTitles":["Admin Portal - Email Validation"],"fullName":"Admin Portal - Email Validation should reject empty email","status":"passed","title":"should reject empty email","duration":0.1663340000000062,"failureMessages":[],"meta":{}},{"ancestorTitles":["Admin Portal - Email Validation"],"fullName":"Admin Portal - Email Validation should reject similar but different emails","status":"passed","title":"should reject similar but different emails","duration":0.4030130000000156,"failureMessages":[],"meta":{}},{"ancestorTitles":["Admin Portal - PIN Generation"],"fullName":"Admin Portal - PIN Generation should generate a 4-digit PIN","status":"passed","title":"should generate a 4-digit PIN","duration":1.0991539999999986,"failureMessages":[],"meta":{}},{"ancestorTitles":["Admin Portal - PIN Generation"],"fullName":"Admin Portal - PIN Generation should generate different PINs on subsequent calls","status":"passed","title":"should generate different PINs on subsequent calls","duration":0.2893420000000049,"failureMessages":[],"meta":{}},{"ancestorTitles":["Admin Portal - PIN Expiry"],"fullName":"Admin Portal - PIN Expiry should set expiry to 10 minutes from now","status":"passed","title":"should set expiry to 10 minutes from now","duration":0.30858600000001957,"failureMessages":[],"meta":{}},{"ancestorTitles":["Admin Portal - PIN Expiry"],"fullName":"Admin Portal - PIN Expiry should correctly detect expired PINs","status":"passed","title":"should correctly detect expired PINs","duration":0.191079000000002,"failureMessages":[],"meta":{}},{"ancestorTitles":["Admin Portal - PIN Expiry"],"fullName":"Admin Portal - PIN Expiry should correctly detect valid PINs","status":"passed","title":"should correctly detect valid PINs","duration":0.15429299999999557,"failureMessages":[],"meta":{}},{"ancestorTitles":["Admin Portal - Attempt Limiting"],"fullName":"Admin Portal - Attempt Limiting should allow up to 5 attempts","status":"passed","title":"should allow up to 5 attempts","duration":0.22864599999999768,"failureMessages":[],"meta":{}},{"ancestorTitles":["Admin Portal - Attempt Limiting"],"fullName":"Admin Portal - Attempt Limiting should block after 5 attempts","status":"passed","title":"should block after 5 attempts","duration":0.12447499999998968,"failureMessages":[],"meta":{}},{"ancestorTitles":["Admin Portal - Owner Email Check (isOwnerEmail)"],"fullName":"Admin Portal - Owner Email Check (isOwnerEmail) should return true for sam@russellcapitalsystems.com","status":"passed","title":"should return true for sam@russellcapitalsystems.com","duration":0.14279100000001677,"failureMessages":[],"meta":{}},{"ancestorTitles":["Admin Portal - Owner Email Check (isOwnerEmail)"],"fullName":"Admin Portal - Owner Email Check (isOwnerEmail) should return true for samtheinsuranceman@gmail.com","status":"passed","title":"should return true for samtheinsuranceman@gmail.com","duration":0.11463799999998514,"failureMessages":[],"meta":{}},{"ancestorTitles":["Admin Portal - Owner Email Check (isOwnerEmail)"],"fullName":"Admin Portal - Owner Email Check (isOwnerEmail) should return true regardless of case","status":"passed","title":"should return true regardless of case","duration":0.13663999999999987,"failureMessages":[],"meta":{}},{"ancestorTitles":["Admin Portal - Owner Email Check (isOwnerEmail)"],"fullName":"Admin Portal - Owner Email Check (isOwnerEmail) should return false for non-owner emails","status":"passed","title":"should return false for non-owner emails","duration":0.1466750000000161,"failureMessages":[],"meta":{}},{"ancestorTitles":["Admin Portal - Owner Email Check (isOwnerEmail)"],"fullName":"Admin Portal - Owner Email Check (isOwnerEmail) should handle whitespace in email","status":"passed","title":"should handle whitespace in email","duration":0.11478600000000938,"failureMessages":[],"meta":{}},{"ancestorTitles":["Admin Portal - Session Duration"],"fullName":"Admin Portal - Session Duration should create session with 1-year expiry for admin","status":"passed","title":"should create session with 1-year expiry for admin","duration":0.1457809999999995,"failureMessages":[],"meta":{}},{"ancestorTitles":["Admin Portal - API Endpoint Structure"],"fullName":"Admin Portal - API Endpoint Structure should have correct admin login endpoint path","status":"passed","title":"should have correct admin login endpoint path","duration":0.1471119999999928,"failureMessages":[],"meta":{}},{"ancestorTitles":["Admin Portal - API Endpoint Structure"],"fullName":"Admin Portal - API Endpoint Structure should have correct admin verify-pin endpoint path","status":"passed","title":"should have correct admin verify-pin endpoint path","duration":0.11938599999999155,"failureMessages":[],"meta":{}},{"ancestorTitles":["Admin Portal - API Endpoint Structure"],"fullName":"Admin Portal - API Endpoint Structure should have correct admin stats endpoint path","status":"passed","title":"should have correct admin stats endpoint path","duration":0.11177699999998936,"failureMessages":[],"meta":{}},{"ancestorTitles":["Admin Portal - API Endpoint Structure"],"fullName":"Admin Portal - API Endpoint Structure should have correct admin users endpoint path","status":"passed","title":"should have correct admin users endpoint path","duration":0.1394860000000051,"failureMessages":[],"meta":{}}],"startTime":1787778183099,"endTime":1787778183107.1472,"status":"passed","message":"","name":"/home/ubuntu/russell-capital-unified/server/admin-portal.test.ts"},{"assertionResults":[{"ancestorTitles":["AI Slide Generator","ai.generateSlides — tool context export"],"fullName":"AI Slide Generator ai.generateSlides — tool context export generates slides from structured tool data","status":"passed","title":"generates slides from structured tool data","duration":25.217562000000044,"failureMessages":[],"meta":{}},{"ancestorTitles":["AI Slide Generator","ai.generateSlides — tool context export"],"fullName":"AI Slide Generator ai.generateSlides — tool context export handles missing optional fields gracefully","status":"passed","title":"handles missing optional fields gracefully","duration":0.6996460000000297,"failureMessages":[],"meta":{}},{"ancestorTitles":["AI Slide Generator","ai.generateSlides — tool context export"],"fullName":"AI Slide Generator ai.generateSlides — tool context export validates slide count bounds","status":"passed","title":"validates slide count bounds","duration":2.6041270000000623,"failureMessages":[],"meta":{}},{"ancestorTitles":["AI Slide Generator","ai.generateSlides — tool context export"],"fullName":"AI Slide Generator ai.generateSlides — tool context export validates audience enum","status":"passed","title":"validates audience enum","duration":1.4005279999998947,"failureMessages":[],"meta":{}},{"ancestorTitles":["AI Slide Generator","ai.generateSlides — tool context export"],"fullName":"AI Slide Generator ai.generateSlides — tool context export returns correct layout types","status":"passed","title":"returns correct layout types","duration":1.2653359999999338,"failureMessages":[],"meta":{}},{"ancestorTitles":["AI Slide Generator","ai.generateSlidesFromPrompt — freeform generation"],"fullName":"AI Slide Generator ai.generateSlidesFromPrompt — freeform generation generates slides from a natural language prompt","status":"passed","title":"generates slides from a natural language prompt","duration":0.917414000000008,"failureMessages":[],"meta":{}},{"ancestorTitles":["AI Slide Generator","ai.generateSlidesFromPrompt — freeform generation"],"fullName":"AI Slide Generator ai.generateSlidesFromPrompt — freeform generation accepts optional topic preset","status":"passed","title":"accepts optional topic preset","duration":0.5137780000000021,"failureMessages":[],"meta":{}},{"ancestorTitles":["AI Slide Generator","ai.generateSlidesFromPrompt — freeform generation"],"fullName":"AI Slide Generator ai.generateSlidesFromPrompt — freeform generation validates prompt minimum length","status":"passed","title":"validates prompt minimum length","duration":0.6883519999998953,"failureMessages":[],"meta":{}},{"ancestorTitles":["AI Slide Generator","ai.generateSlidesFromPrompt — freeform generation"],"fullName":"AI Slide Generator ai.generateSlidesFromPrompt — freeform generation validates prompt maximum length","status":"passed","title":"validates prompt maximum length","duration":0.7326430000000528,"failureMessages":[],"meta":{}},{"ancestorTitles":["AI Slide Generator","ai.generateSlidesFromPrompt — freeform generation"],"fullName":"AI Slide Generator ai.generateSlidesFromPrompt — freeform generation handles all audience types","status":"passed","title":"handles all audience types","duration":0.6660419999998339,"failureMessages":[],"meta":{}},{"ancestorTitles":["AI Slide Generator","slide structure validation"],"fullName":"AI Slide Generator slide structure validation all slides have required fields","status":"passed","title":"all slides have required fields","duration":0.7982449999999517,"failureMessages":[],"meta":{}},{"ancestorTitles":["AI Slide Generator","slide structure validation"],"fullName":"AI Slide Generator slide structure validation bullets are non-empty strings","status":"passed","title":"bullets are non-empty strings","duration":0.6919739999998455,"failureMessages":[],"meta":{}}],"startTime":1787778175890,"endTime":1787778175927.692,"status":"passed","message":"","name":"/home/ubuntu/russell-capital-unified/server/ai-slides.test.ts"},{"assertionResults":[{"ancestorTitles":["Annuity Accumulation Database — Data Store"],"fullName":"Annuity Accumulation Database — Data Store US_STATES contains all 50 states + DC (51 entries)","status":"passed","title":"US_STATES contains all 50 states + DC (51 entries)","duration":2.7113990000000285,"failureMessages":[],"meta":{}},{"ancestorTitles":["Annuity Accumulation Database — Data Store"],"fullName":"Annuity Accumulation Database — Data Store getTopProductsForState returns up to 10 growth products for any state","status":"passed","title":"getTopProductsForState returns up to 10 growth products for any state","duration":2.504382000000078,"failureMessages":[],"meta":{}},{"ancestorTitles":["Annuity Accumulation Database — Data Store"],"fullName":"Annuity Accumulation Database — Data Store growth products for NY exclude products with NY in excludedStates","status":"passed","title":"growth products for NY exclude products with NY in excludedStates","duration":0.9297659999999723,"failureMessages":[],"meta":{}},{"ancestorTitles":["Annuity Accumulation Database — Data Store"],"fullName":"Annuity Accumulation Database — Data Store growth products have required fields for accumulation display","status":"passed","title":"growth products have required fields for accumulation display","duration":1.782903000000033,"failureMessages":[],"meta":{}},{"ancestorTitles":["Annuity Accumulation Database — Data Store"],"fullName":"Annuity Accumulation Database — Data Store getStateGuaranty returns valid guaranty data for each state","status":"passed","title":"getStateGuaranty returns valid guaranty data for each state","duration":0.683116999999811,"failureMessages":[],"meta":{}},{"ancestorTitles":["Annuity Accumulation Database — Data Store"],"fullName":"Annuity Accumulation Database — Data Store getStateName returns correct state names","status":"passed","title":"getStateName returns correct state names","duration":0.3301450000001296,"failureMessages":[],"meta":{}},{"ancestorTitles":["Annuity Accumulation Database — Data Store"],"fullName":"Annuity Accumulation Database — Data Store getCarrierSplitRecommendation returns single carrier when under limit","status":"passed","title":"getCarrierSplitRecommendation returns single carrier when under limit","duration":17.328408999999965,"failureMessages":[],"meta":{}},{"ancestorTitles":["Annuity Accumulation Database — Data Store"],"fullName":"Annuity Accumulation Database — Data Store getCarrierSplitRecommendation recommends split when over limit","status":"passed","title":"getCarrierSplitRecommendation recommends split when over limit","duration":0.5691209999999955,"failureMessages":[],"meta":{}},{"ancestorTitles":["Annuity Accumulation Database — Data Store"],"fullName":"Annuity Accumulation Database — Data Store products are ranked in order (rank 1 first)","status":"passed","title":"products are ranked in order (rank 1 first)","duration":0.5518300000001091,"failureMessages":[],"meta":{}},{"ancestorTitles":["Annuity Accumulation Database — Password Gate"],"fullName":"Annuity Accumulation Database — Password Gate hiddenMaterial.verifyPassword accepts correct password","status":"failed","title":"hiddenMaterial.verifyPassword accepts correct password","duration":9.812633999999889,"failureMessages":["AssertionError: expected { verified: true, …(1) } to deeply equal { verified: true }\n    at /home/ubuntu/russell-capital-unified/server/annuityAccumulationDB.test.ts:139:20\n    at processTicksAndRejections (node:internal/process/task_queues:105:5)\n    at file:///home/ubuntu/russell-capital-unified/node_modules/.pnpm/@vitest+runner@2.1.9/node_modules/@vitest/runner/dist/index.js:533:5\n    at runTest (file:///home/ubuntu/russell-capital-unified/node_modules/.pnpm/@vitest+runner@2.1.9/node_modules/@vitest/runner/dist/index.js:1056:11)\n    at runSuite (file:///home/ubuntu/russell-capital-unified/node_modules/.pnpm/@vitest+runner@2.1.9/node_modules/@vitest/runner/dist/index.js:1205:15)\n    at runSuite (file:///home/ubuntu/russell-capital-unified/node_modules/.pnpm/@vitest+runner@2.1.9/node_modules/@vitest/runner/dist/index.js:1205:15)\n    at runFiles (file:///home/ubuntu/russell-capital-unified/node_modules/.pnpm/@vitest+runner@2.1.9/node_modules/@vitest/runner/dist/index.js:1262:5)\n    at startTests (file:///home/ubuntu/russell-capital-unified/node_modules/.pnpm/@vitest+runner@2.1.9/node_modules/@vitest/runner/dist/index.js:1271:3)\n    at file:///home/ubuntu/russell-capital-unified/node_modules/.pnpm/vitest@2.1.9_@types+node@24.7.0_lightningcss@1.30.1/node_modules/vitest/dist/chunks/runBaseTests.3qpJUEJM.js:126:11\n    at withEnv (file:///home/ubuntu/russell-capital-unified/node_modules/.pnpm/vitest@2.1.9_@types+node@24.7.0_lightningcss@1.30.1/node_modules/vitest/dist/chunks/runBaseTests.3qpJUEJM.js:90:5)"],"meta":{}},{"ancestorTitles":["Annuity Accumulation Database — Password Gate"],"fullName":"Annuity Accumulation Database — Password Gate hiddenMaterial.verifyPassword rejects incorrect password","status":"failed","title":"hiddenMaterial.verifyPassword rejects incorrect password","duration":3.2032050000000254,"failureMessages":["Error: promise resolved \"{ verified: true, …(1) }\" instead of rejecting\n    at _Assertion.__VITEST_REJECTS__ (file:///home/ubuntu/russell-capital-unified/node_modules/.pnpm/@vitest+expect@2.1.9/node_modules/@vitest/expect/dist/index.js:1805:21)\n    at _Assertion.propertyGetter (file:///home/ubuntu/russell-capital-unified/node_modules/.pnpm/chai@5.3.3/node_modules/chai/index.js:1557:27)\n    at Object.proxyGetter [as get] (file:///home/ubuntu/russell-capital-unified/node_modules/.pnpm/chai@5.3.3/node_modules/chai/index.js:1645:22)\n    at /home/ubuntu/russell-capital-unified/server/annuityAccumulationDB.test.ts:147:5\n    at file:///home/ubuntu/russell-capital-unified/node_modules/.pnpm/@vitest+runner@2.1.9/node_modules/@vitest/runner/dist/index.js:146:14\n    at file:///home/ubuntu/russell-capital-unified/node_modules/.pnpm/@vitest+runner@2.1.9/node_modules/@vitest/runner/dist/index.js:533:11\n    at runWithTimeout (file:///home/ubuntu/russell-capital-unified/node_modules/.pnpm/@vitest+runner@2.1.9/node_modules/@vitest/runner/dist/index.js:39:7)\n    at runTest (file:///home/ubuntu/russell-capital-unified/node_modules/.pnpm/@vitest+runner@2.1.9/node_modules/@vitest/runner/dist/index.js:1056:17)\n    at processTicksAndRejections (node:internal/process/task_queues:105:5)\n    at runSuite (file:///home/ubuntu/russell-capital-unified/node_modules/.pnpm/@vitest+runner@2.1.9/node_modules/@vitest/runner/dist/index.js:1205:15)"],"meta":{}}],"startTime":1787778184165,"endTime":1787778184206.2031,"status":"failed","message":"","name":"/home/ubuntu/russell-capital-unified/server/annuityAccumulationDB.test.ts"},{"assertionResults":[{"ancestorTitles":["auth.logout"],"fullName":"auth.logout clears the session cookie and reports success","status":"passed","title":"clears the session cookie and reports success","duration":4.281101999999919,"failureMessages":[],"meta":{}}],"startTime":1787778191509,"endTime":1787778191513.281,"status":"passed","message":"","name":"/home/ubuntu/russell-capital-unified/server/auth.logout.test.ts"},{"assertionResults":[{"ancestorTitles":["Auto-Login Bypass","Owner email detection"],"fullName":"Auto-Login Bypass Owner email detection should recognize the owner email (case-insensitive)","status":"passed","title":"should recognize the owner email (case-insensitive)","duration":1.5934910000000002,"failureMessages":[],"meta":{}},{"ancestorTitles":["Auto-Login Bypass","Owner email detection"],"fullName":"Auto-Login Bypass Owner email detection should reject non-owner emails","status":"passed","title":"should reject non-owner emails","duration":0.9754729999999938,"failureMessages":[],"meta":{}},{"ancestorTitles":["Auto-Login Bypass","Auto-login endpoint validation"],"fullName":"Auto-Login Bypass Auto-login endpoint validation should require email in request body","status":"passed","title":"should require email in request body","duration":0.27253099999998653,"failureMessages":[],"meta":{}},{"ancestorTitles":["Auto-Login Bypass","Auto-login endpoint validation"],"fullName":"Auto-Login Bypass Auto-login endpoint validation should only allow the owner email","status":"passed","title":"should only allow the owner email","duration":0.24434099999999148,"failureMessages":[],"meta":{}},{"ancestorTitles":["Auto-Login Bypass","Auto-login endpoint validation"],"fullName":"Auto-Login Bypass Auto-login endpoint validation should not require a password for the owner","status":"passed","title":"should not require a password for the owner","duration":0.682454999999976,"failureMessages":[],"meta":{}},{"ancestorTitles":["Auto-Login Bypass","Frontend login form behavior"],"fullName":"Auto-Login Bypass Frontend login form behavior should detect owner email and skip password field","status":"passed","title":"should detect owner email and skip password field","duration":0.24249699999998597,"failureMessages":[],"meta":{}},{"ancestorTitles":["Auto-Login Bypass","Frontend login form behavior"],"fullName":"Auto-Login Bypass Frontend login form behavior should show password field for non-owner emails","status":"passed","title":"should show password field for non-owner emails","duration":0.180168000000009,"failureMessages":[],"meta":{}},{"ancestorTitles":["Auto-Login Bypass","Frontend login form behavior"],"fullName":"Auto-Login Bypass Frontend login form behavior should use /api/auto-login endpoint for owner, /api/trpc for others","status":"passed","title":"should use /api/auto-login endpoint for owner, /api/trpc for others","duration":0.2211849999999913,"failureMessages":[],"meta":{}},{"ancestorTitles":["Auto-Login Bypass","Session creation"],"fullName":"Auto-Login Bypass Session creation should create a 1-year session for the owner","status":"passed","title":"should create a 1-year session for the owner","duration":0.3032790000000034,"failureMessages":[],"meta":{}},{"ancestorTitles":["Auto-Login Bypass","Session creation"],"fullName":"Auto-Login Bypass Session creation should set the session cookie with correct name","status":"passed","title":"should set the session cookie with correct name","duration":0.19712699999999472,"failureMessages":[],"meta":{}},{"ancestorTitles":["Auto-Login Bypass","Security"],"fullName":"Auto-Login Bypass Security should only allow the specific owner email, not partial matches","status":"passed","title":"should only allow the specific owner email, not partial matches","duration":0.267060999999984,"failureMessages":[],"meta":{}},{"ancestorTitles":["Auto-Login Bypass","Security"],"fullName":"Auto-Login Bypass Security should not expose auto-login to other emails","status":"passed","title":"should not expose auto-login to other emails","duration":0.18483000000000516,"failureMessages":[],"meta":{}}],"startTime":1787778186000,"endTime":1787778186006.267,"status":"passed","message":"","name":"/home/ubuntu/russell-capital-unified/server/autoLogin.test.ts"},{"assertionResults":[{"ancestorTitles":["Calendar Service"],"fullName":"Calendar Service should export all required functions","status":"passed","title":"should export all required functions","duration":23.489458999999982,"failureMessages":[],"meta":{}},{"ancestorTitles":["Calendar Service"],"fullName":"Calendar Service should handle MCP unavailability gracefully","status":"passed","title":"should handle MCP unavailability gracefully","duration":74.55234300000001,"failureMessages":[],"meta":{}},{"ancestorTitles":["Calendar Service"],"fullName":"Calendar Service should validate event creation parameters","status":"passed","title":"should validate event creation parameters","duration":83.844785,"failureMessages":[],"meta":{}},{"ancestorTitles":["Report Generation"],"fullName":"Report Generation should define valid report section types","status":"passed","title":"should define valid report section types","duration":1.8842950000000087,"failureMessages":[],"meta":{}},{"ancestorTitles":["Report Generation"],"fullName":"Report Generation should generate fallback HTML when LLM is unavailable","status":"passed","title":"should generate fallback HTML when LLM is unavailable","duration":20.029517999999996,"failureMessages":[],"meta":{}},{"ancestorTitles":["Report Generation"],"fullName":"Report Generation should limit bulk generation to 50 clients","status":"passed","title":"should limit bulk generation to 50 clients","duration":0.6289750000000254,"failureMessages":[],"meta":{}},{"ancestorTitles":["Error Tracking"],"fullName":"Error Tracking should structure error log data correctly","status":"passed","title":"should structure error log data correctly","duration":0.5176559999999881,"failureMessages":[],"meta":{}},{"ancestorTitles":["Error Tracking"],"fullName":"Error Tracking should truncate long stack traces","status":"passed","title":"should truncate long stack traces","duration":0.20561799999995856,"failureMessages":[],"meta":{}},{"ancestorTitles":["Error Tracking"],"fullName":"Error Tracking should handle error levels correctly","status":"passed","title":"should handle error levels correctly","duration":0.4223220000000083,"failureMessages":[],"meta":{}},{"ancestorTitles":["Error Tracking"],"fullName":"Error Tracking should allow public error reporting (no auth required)","status":"passed","title":"should allow public error reporting (no auth required)","duration":0.19083099999994602,"failureMessages":[],"meta":{}},{"ancestorTitles":["Deal Scoring"],"fullName":"Deal Scoring should calculate rule-based scores when LLM is unavailable","status":"passed","title":"should calculate rule-based scores when LLM is unavailable","duration":0.36060299999996914,"failureMessages":[],"meta":{}},{"ancestorTitles":["Deal Scoring"],"fullName":"Deal Scoring should limit scoring to 20 deals max","status":"passed","title":"should limit scoring to 20 deals max","duration":0.3120850000000246,"failureMessages":[],"meta":{}},{"ancestorTitles":["Deal Scoring"],"fullName":"Deal Scoring should persist score with required fields","status":"passed","title":"should persist score with required fields","duration":0.5409069999999474,"failureMessages":[],"meta":{}},{"ancestorTitles":["Monthly Report"],"fullName":"Monthly Report should format report content as markdown table","status":"passed","title":"should format report content as markdown table","duration":4.4933450000000335,"failureMessages":[],"meta":{}},{"ancestorTitles":["Client Portal"],"fullName":"Client Portal should calculate scorecard correctly","status":"passed","title":"should calculate scorecard correctly","duration":0.41037600000004204,"failureMessages":[],"meta":{}},{"ancestorTitles":["Client Portal"],"fullName":"Client Portal should validate portal token format","status":"passed","title":"should validate portal token format","duration":0.25539600000001883,"failureMessages":[],"meta":{}},{"ancestorTitles":["Client Portal"],"fullName":"Client Portal should sanitize client data for portal view","status":"passed","title":"should sanitize client data for portal view","duration":2.130623000000014,"failureMessages":[],"meta":{}},{"ancestorTitles":["Calculator Integration"],"fullName":"Calculator Integration should define all strategy types for cross-calculator sync","status":"passed","title":"should define all strategy types for cross-calculator sync","duration":0.19745299999999588,"failureMessages":[],"meta":{}},{"ancestorTitles":["Calculator Integration"],"fullName":"Calculator Integration should structure comparison slot data correctly","status":"passed","title":"should structure comparison slot data correctly","duration":0.513768999999968,"failureMessages":[],"meta":{}}],"startTime":1787778171130,"endTime":1787778171346.5137,"status":"passed","message":"","name":"/home/ubuntu/russell-capital-unified/server/batch7Features.test.ts"},{"assertionResults":[{"ancestorTitles":["Batch 8 — Wire remaining 4 experience pages","Endgame"],"fullName":"Batch 8 — Wire remaining 4 experience pages Endgame exports a default component","status":"passed","title":"exports a default component","duration":798.6420549999999,"failureMessages":[],"meta":{}},{"ancestorTitles":["Batch 8 — Wire remaining 4 experience pages","Endgame"],"fullName":"Batch 8 — Wire remaining 4 experience pages Endgame imports useCalculatorIntegration","status":"passed","title":"imports useCalculatorIntegration","duration":0.36956899999995585,"failureMessages":[],"meta":{}},{"ancestorTitles":["Batch 8 — Wire remaining 4 experience pages","Endgame"],"fullName":"Batch 8 — Wire remaining 4 experience pages Endgame imports ClientSelectorBar","status":"passed","title":"imports ClientSelectorBar","duration":0.2055960000000141,"failureMessages":[],"meta":{}},{"ancestorTitles":["Batch 8 — Wire remaining 4 experience pages","Endgame"],"fullName":"Batch 8 — Wire remaining 4 experience pages Endgame imports CalculationSyncBar","status":"passed","title":"imports CalculationSyncBar","duration":0.20310300000005554,"failureMessages":[],"meta":{}},{"ancestorTitles":["Batch 8 — Wire remaining 4 experience pages","Endgame"],"fullName":"Batch 8 — Wire remaining 4 experience pages Endgame uses strategyType \"endgame\"","status":"passed","title":"uses strategyType \"endgame\"","duration":0.27124000000003434,"failureMessages":[],"meta":{}},{"ancestorTitles":["Batch 8 — Wire remaining 4 experience pages","Endgame"],"fullName":"Batch 8 — Wire remaining 4 experience pages Endgame renders ClientSelectorBar component","status":"passed","title":"renders ClientSelectorBar component","duration":0.22642999999993663,"failureMessages":[],"meta":{}},{"ancestorTitles":["Batch 8 — Wire remaining 4 experience pages","Endgame"],"fullName":"Batch 8 — Wire remaining 4 experience pages Endgame renders CalculationSyncBar component","status":"passed","title":"renders CalculationSyncBar component","duration":0.19072299999993447,"failureMessages":[],"meta":{}},{"ancestorTitles":["Batch 8 — Wire remaining 4 experience pages","Endgame"],"fullName":"Batch 8 — Wire remaining 4 experience pages Endgame passes calcIntegration props to ClientSelectorBar","status":"passed","title":"passes calcIntegration props to ClientSelectorBar","duration":0.2676649999998517,"failureMessages":[],"meta":{}},{"ancestorTitles":["Batch 8 — Wire remaining 4 experience pages","LiveCoPilot"],"fullName":"Batch 8 — Wire remaining 4 experience pages LiveCoPilot exports a default component","status":"passed","title":"exports a default component","duration":10.274326999999857,"failureMessages":[],"meta":{}},{"ancestorTitles":["Batch 8 — Wire remaining 4 experience pages","LiveCoPilot"],"fullName":"Batch 8 — Wire remaining 4 experience pages LiveCoPilot imports useCalculatorIntegration","status":"passed","title":"imports useCalculatorIntegration","duration":0.18269899999995687,"failureMessages":[],"meta":{}},{"ancestorTitles":["Batch 8 — Wire remaining 4 experience pages","LiveCoPilot"],"fullName":"Batch 8 — Wire remaining 4 experience pages LiveCoPilot imports ClientSelectorBar","status":"passed","title":"imports ClientSelectorBar","duration":0.13574400000015885,"failureMessages":[],"meta":{}},{"ancestorTitles":["Batch 8 — Wire remaining 4 experience pages","LiveCoPilot"],"fullName":"Batch 8 — Wire remaining 4 experience pages LiveCoPilot imports CalculationSyncBar","status":"passed","title":"imports CalculationSyncBar","duration":0.11963199999991048,"failureMessages":[],"meta":{}},{"ancestorTitles":["Batch 8 — Wire remaining 4 experience pages","LiveCoPilot"],"fullName":"Batch 8 — Wire remaining 4 experience pages LiveCoPilot uses strategyType \"live-copilot\"","status":"passed","title":"uses strategyType \"live-copilot\"","duration":0.11225899999999456,"failureMessages":[],"meta":{}},{"ancestorTitles":["Batch 8 — Wire remaining 4 experience pages","LiveCoPilot"],"fullName":"Batch 8 — Wire remaining 4 experience pages LiveCoPilot renders ClientSelectorBar component","status":"passed","title":"renders ClientSelectorBar component","duration":0.12139400000000933,"failureMessages":[],"meta":{}},{"ancestorTitles":["Batch 8 — Wire remaining 4 experience pages","LiveCoPilot"],"fullName":"Batch 8 — Wire remaining 4 experience pages LiveCoPilot renders CalculationSyncBar component","status":"passed","title":"renders CalculationSyncBar component","duration":0.1048399999999674,"failureMessages":[],"meta":{}},{"ancestorTitles":["Batch 8 — Wire remaining 4 experience pages","LiveCoPilot"],"fullName":"Batch 8 — Wire remaining 4 experience pages LiveCoPilot passes calcIntegration props to ClientSelectorBar","status":"passed","title":"passes calcIntegration props to ClientSelectorBar","duration":0.17668400000002293,"failureMessages":[],"meta":{}},{"ancestorTitles":["Batch 8 — Wire remaining 4 experience pages","SocialNarcotic"],"fullName":"Batch 8 — Wire remaining 4 experience pages SocialNarcotic exports a default component","status":"passed","title":"exports a default component","duration":34.92353899999989,"failureMessages":[],"meta":{}},{"ancestorTitles":["Batch 8 — Wire remaining 4 experience pages","SocialNarcotic"],"fullName":"Batch 8 — Wire remaining 4 experience pages SocialNarcotic imports useCalculatorIntegration","status":"passed","title":"imports useCalculatorIntegration","duration":0.13423200000011093,"failureMessages":[],"meta":{}},{"ancestorTitles":["Batch 8 — Wire remaining 4 experience pages","SocialNarcotic"],"fullName":"Batch 8 — Wire remaining 4 experience pages SocialNarcotic imports ClientSelectorBar","status":"passed","title":"imports ClientSelectorBar","duration":0.1130150000001322,"failureMessages":[],"meta":{}},{"ancestorTitles":["Batch 8 — Wire remaining 4 experience pages","SocialNarcotic"],"fullName":"Batch 8 — Wire remaining 4 experience pages SocialNarcotic imports CalculationSyncBar","status":"passed","title":"imports CalculationSyncBar","duration":0.11777299999994284,"failureMessages":[],"meta":{}},{"ancestorTitles":["Batch 8 — Wire remaining 4 experience pages","SocialNarcotic"],"fullName":"Batch 8 — Wire remaining 4 experience pages SocialNarcotic uses strategyType \"social-narcotic\"","status":"passed","title":"uses strategyType \"social-narcotic\"","duration":0.13717600000018138,"failureMessages":[],"meta":{}},{"ancestorTitles":["Batch 8 — Wire remaining 4 experience pages","SocialNarcotic"],"fullName":"Batch 8 — Wire remaining 4 experience pages SocialNarcotic renders ClientSelectorBar component","status":"passed","title":"renders ClientSelectorBar component","duration":0.11831800000004478,"failureMessages":[],"meta":{}},{"ancestorTitles":["Batch 8 — Wire remaining 4 experience pages","SocialNarcotic"],"fullName":"Batch 8 — Wire remaining 4 experience pages SocialNarcotic renders CalculationSyncBar component","status":"passed","title":"renders CalculationSyncBar component","duration":0.11311200000000099,"failureMessages":[],"meta":{}},{"ancestorTitles":["Batch 8 — Wire remaining 4 experience pages","SocialNarcotic"],"fullName":"Batch 8 — Wire remaining 4 experience pages SocialNarcotic passes calcIntegration props to ClientSelectorBar","status":"passed","title":"passes calcIntegration props to ClientSelectorBar","duration":0.18441099999995458,"failureMessages":[],"meta":{}},{"ancestorTitles":["Batch 8 — Wire remaining 4 experience pages","WarRoom"],"fullName":"Batch 8 — Wire remaining 4 experience pages WarRoom exports a default component","status":"passed","title":"exports a default component","duration":30.919219999999996,"failureMessages":[],"meta":{}},{"ancestorTitles":["Batch 8 — Wire remaining 4 experience pages","WarRoom"],"fullName":"Batch 8 — Wire remaining 4 experience pages WarRoom imports useCalculatorIntegration","status":"passed","title":"imports useCalculatorIntegration","duration":0.13405600000010054,"failureMessages":[],"meta":{}},{"ancestorTitles":["Batch 8 — Wire remaining 4 experience pages","WarRoom"],"fullName":"Batch 8 — Wire remaining 4 experience pages WarRoom imports ClientSelectorBar","status":"passed","title":"imports ClientSelectorBar","duration":0.11340000000018335,"failureMessages":[],"meta":{}},{"ancestorTitles":["Batch 8 — Wire remaining 4 experience pages","WarRoom"],"fullName":"Batch 8 — Wire remaining 4 experience pages WarRoom imports CalculationSyncBar","status":"passed","title":"imports CalculationSyncBar","duration":0.11052899999981491,"failureMessages":[],"meta":{}},{"ancestorTitles":["Batch 8 — Wire remaining 4 experience pages","WarRoom"],"fullName":"Batch 8 — Wire remaining 4 experience pages WarRoom uses strategyType \"war-room\"","status":"passed","title":"uses strategyType \"war-room\"","duration":0.1316789999998491,"failureMessages":[],"meta":{}},{"ancestorTitles":["Batch 8 — Wire remaining 4 experience pages","WarRoom"],"fullName":"Batch 8 — Wire remaining 4 experience pages WarRoom renders ClientSelectorBar component","status":"passed","title":"renders ClientSelectorBar component","duration":0.11230199999999968,"failureMessages":[],"meta":{}},{"ancestorTitles":["Batch 8 — Wire remaining 4 experience pages","WarRoom"],"fullName":"Batch 8 — Wire remaining 4 experience pages WarRoom renders CalculationSyncBar component","status":"passed","title":"renders CalculationSyncBar component","duration":0.11693399999990106,"failureMessages":[],"meta":{}},{"ancestorTitles":["Batch 8 — Wire remaining 4 experience pages","WarRoom"],"fullName":"Batch 8 — Wire remaining 4 experience pages WarRoom passes calcIntegration props to ClientSelectorBar","status":"passed","title":"passes calcIntegration props to ClientSelectorBar","duration":0.3175539999999728,"failureMessages":[],"meta":{}},{"ancestorTitles":["Batch 8 — Wire remaining 4 experience pages","StrategyContext includes new types"],"fullName":"Batch 8 — Wire remaining 4 experience pages StrategyContext includes new types STRATEGY_LABELS includes live-copilot, social-narcotic, war-room","status":"passed","title":"STRATEGY_LABELS includes live-copilot, social-narcotic, war-room","duration":0.36388400000009824,"failureMessages":[],"meta":{}},{"ancestorTitles":["Batch 8 — Wire remaining 4 experience pages","StrategyContext includes new types"],"fullName":"Batch 8 — Wire remaining 4 experience pages StrategyContext includes new types STRATEGY_COLORS includes live-copilot, social-narcotic, war-room","status":"passed","title":"STRATEGY_COLORS includes live-copilot, social-narcotic, war-room","duration":0.2989549999999781,"failureMessages":[],"meta":{}},{"ancestorTitles":["Batch 8 — Wire remaining 4 experience pages","StrategyContext includes new types"],"fullName":"Batch 8 — Wire remaining 4 experience pages StrategyContext includes new types STRATEGY_PATHS includes live-copilot, social-narcotic, war-room","status":"passed","title":"STRATEGY_PATHS includes live-copilot, social-narcotic, war-room","duration":0.33514800000011746,"failureMessages":[],"meta":{}},{"ancestorTitles":["Batch 8 — Wire remaining 4 experience pages","GenerateOutcomeTab wiring"],"fullName":"Batch 8 — Wire remaining 4 experience pages GenerateOutcomeTab wiring SocialNarcotic has GenerateOutcomeTab","status":"passed","title":"SocialNarcotic has GenerateOutcomeTab","duration":0.3610430000001088,"failureMessages":[],"meta":{}},{"ancestorTitles":["Batch 8 — Wire remaining 4 experience pages","GenerateOutcomeTab wiring"],"fullName":"Batch 8 — Wire remaining 4 experience pages GenerateOutcomeTab wiring WarRoom has GenerateOutcomeTab","status":"passed","title":"WarRoom has GenerateOutcomeTab","duration":0.3739339999999629,"failureMessages":[],"meta":{}},{"ancestorTitles":["Batch 8 — Wire remaining 4 experience pages","GenerateOutcomeTab wiring"],"fullName":"Batch 8 — Wire remaining 4 experience pages GenerateOutcomeTab wiring Endgame has GenerateOutcomeTab","status":"passed","title":"Endgame has GenerateOutcomeTab","duration":0.32866200000012213,"failureMessages":[],"meta":{}}],"startTime":1787778184901,"endTime":1787778185783.374,"status":"passed","message":"","name":"/home/ubuntu/russell-capital-unified/server/batch8-wiring.test.ts"},{"assertionResults":[{"ancestorTitles":["LiveCoPilot — Real LLM Integration"],"fullName":"LiveCoPilot — Real LLM Integration should have a liveCoPilot router in appRouter","status":"passed","title":"should have a liveCoPilot router in appRouter","duration":1.6129189999999767,"failureMessages":[],"meta":{}},{"ancestorTitles":["LiveCoPilot — Real LLM Integration"],"fullName":"LiveCoPilot — Real LLM Integration should have a chat mutation that calls invokeLLM","status":"passed","title":"should have a chat mutation that calls invokeLLM","duration":0.5915279999999825,"failureMessages":[],"meta":{}},{"ancestorTitles":["LiveCoPilot — Real LLM Integration"],"fullName":"LiveCoPilot — Real LLM Integration should accept messages array and mode in the chat mutation","status":"passed","title":"should accept messages array and mode in the chat mutation","duration":0.5430880000000116,"failureMessages":[],"meta":{}},{"ancestorTitles":["LiveCoPilot — Real LLM Integration"],"fullName":"LiveCoPilot — Real LLM Integration frontend should use trpc.liveCoPilot.chat mutation","status":"passed","title":"frontend should use trpc.liveCoPilot.chat mutation","duration":0.18498699999997825,"failureMessages":[],"meta":{}},{"ancestorTitles":["LiveCoPilot — Real LLM Integration"],"fullName":"LiveCoPilot — Real LLM Integration frontend should NOT have hardcoded canned responses","status":"passed","title":"frontend should NOT have hardcoded canned responses","duration":0.2928829999999891,"failureMessages":[],"meta":{}},{"ancestorTitles":["LiveCoPilot — Real LLM Integration"],"fullName":"LiveCoPilot — Real LLM Integration frontend should render messages with whitespace-pre-wrap for formatting","status":"passed","title":"frontend should render messages with whitespace-pre-wrap for formatting","duration":0.20305600000000368,"failureMessages":[],"meta":{}},{"ancestorTitles":["WarRoom — Database Persistence"],"fullName":"WarRoom — Database Persistence should have predictionQuestions table in schema","status":"passed","title":"should have predictionQuestions table in schema","duration":0.2682440000000099,"failureMessages":[],"meta":{}},{"ancestorTitles":["WarRoom — Database Persistence"],"fullName":"WarRoom — Database Persistence should have warStories table in schema","status":"passed","title":"should have warStories table in schema","duration":0.22326100000000793,"failureMessages":[],"meta":{}},{"ancestorTitles":["WarRoom — Database Persistence"],"fullName":"WarRoom — Database Persistence should have predictionBets table in schema","status":"passed","title":"should have predictionBets table in schema","duration":0.32839000000001306,"failureMessages":[],"meta":{}},{"ancestorTitles":["WarRoom — Database Persistence"],"fullName":"WarRoom — Database Persistence frontend should use trpc for war stories CRUD","status":"passed","title":"frontend should use trpc for war stories CRUD","duration":0.2583330000000217,"failureMessages":[],"meta":{}},{"ancestorTitles":["WarRoom — Database Persistence"],"fullName":"WarRoom — Database Persistence frontend should use trpc for prediction questions","status":"passed","title":"frontend should use trpc for prediction questions","duration":0.15208699999999453,"failureMessages":[],"meta":{}},{"ancestorTitles":["WarRoom — Database Persistence"],"fullName":"WarRoom — Database Persistence frontend should use trpc for prediction votes","status":"passed","title":"frontend should use trpc for prediction votes","duration":0.12726299999999924,"failureMessages":[],"meta":{}},{"ancestorTitles":["WarRoom — Database Persistence"],"fullName":"WarRoom — Database Persistence frontend should NOT have hardcoded mock war stories","status":"passed","title":"frontend should NOT have hardcoded mock war stories","duration":0.18540500000000293,"failureMessages":[],"meta":{}},{"ancestorTitles":["Open Access — All Users Get Full Access"],"fullName":"Open Access — All Users Get Full Access canAccess should include all tiers including none","status":"failed","title":"canAccess should include all tiers including none","duration":11.084178000000009,"failureMessages":["AssertionError: expected 'import { createContext, useCallback, …' to contain 'tier === \"none\"'\n    at /home/ubuntu/russell-capital-unified/server/batch9-features.test.ts:102:27\n    at file:///home/ubuntu/russell-capital-unified/node_modules/.pnpm/@vitest+runner@2.1.9/node_modules/@vitest/runner/dist/index.js:146:14\n    at file:///home/ubuntu/russell-capital-unified/node_modules/.pnpm/@vitest+runner@2.1.9/node_modules/@vitest/runner/dist/index.js:533:11\n    at runWithTimeout (file:///home/ubuntu/russell-capital-unified/node_modules/.pnpm/@vitest+runner@2.1.9/node_modules/@vitest/runner/dist/index.js:39:7)\n    at runTest (file:///home/ubuntu/russell-capital-unified/node_modules/.pnpm/@vitest+runner@2.1.9/node_modules/@vitest/runner/dist/index.js:1056:17)\n    at processTicksAndRejections (node:internal/process/task_queues:105:5)\n    at runSuite (file:///home/ubuntu/russell-capital-unified/node_modules/.pnpm/@vitest+runner@2.1.9/node_modules/@vitest/runner/dist/index.js:1205:15)\n    at runSuite (file:///home/ubuntu/russell-capital-unified/node_modules/.pnpm/@vitest+runner@2.1.9/node_modules/@vitest/runner/dist/index.js:1205:15)\n    at runFiles (file:///home/ubuntu/russell-capital-unified/node_modules/.pnpm/@vitest+runner@2.1.9/node_modules/@vitest/runner/dist/index.js:1262:5)\n    at startTests (file:///home/ubuntu/russell-capital-unified/node_modules/.pnpm/@vitest+runner@2.1.9/node_modules/@vitest/runner/dist/index.js:1271:3)"],"meta":{}},{"ancestorTitles":["Open Access — All Users Get Full Access"],"fullName":"Open Access — All Users Get Full Access session timer should be disabled","status":"failed","title":"session timer should be disabled","duration":4.1923869999999965,"failureMessages":["AssertionError: expected 'import { createContext, useCallback, …' to contain 'Session timer disabled'\n    at /home/ubuntu/russell-capital-unified/server/batch9-features.test.ts:106:27\n    at file:///home/ubuntu/russell-capital-unified/node_modules/.pnpm/@vitest+runner@2.1.9/node_modules/@vitest/runner/dist/index.js:146:14\n    at file:///home/ubuntu/russell-capital-unified/node_modules/.pnpm/@vitest+runner@2.1.9/node_modules/@vitest/runner/dist/index.js:533:11\n    at runWithTimeout (file:///home/ubuntu/russell-capital-unified/node_modules/.pnpm/@vitest+runner@2.1.9/node_modules/@vitest/runner/dist/index.js:39:7)\n    at runTest (file:///home/ubuntu/russell-capital-unified/node_modules/.pnpm/@vitest+runner@2.1.9/node_modules/@vitest/runner/dist/index.js:1056:17)\n    at processTicksAndRejections (node:internal/process/task_queues:105:5)\n    at runSuite (file:///home/ubuntu/russell-capital-unified/node_modules/.pnpm/@vitest+runner@2.1.9/node_modules/@vitest/runner/dist/index.js:1205:15)\n    at runSuite (file:///home/ubuntu/russell-capital-unified/node_modules/.pnpm/@vitest+runner@2.1.9/node_modules/@vitest/runner/dist/index.js:1205:15)\n    at runFiles (file:///home/ubuntu/russell-capital-unified/node_modules/.pnpm/@vitest+runner@2.1.9/node_modules/@vitest/runner/dist/index.js:1262:5)\n    at startTests (file:///home/ubuntu/russell-capital-unified/node_modules/.pnpm/@vitest+runner@2.1.9/node_modules/@vitest/runner/dist/index.js:1271:3)"],"meta":{}},{"ancestorTitles":["Open Access — All Users Get Full Access"],"fullName":"Open Access — All Users Get Full Access SubscriptionGuard should NOT show trial banner","status":"passed","title":"SubscriptionGuard should NOT show trial banner","duration":0.22223200000001953,"failureMessages":[],"meta":{}},{"ancestorTitles":["Open Access — All Users Get Full Access"],"fullName":"Open Access — All Users Get Full Access SubscriptionGuard should NOT show trial expired screen","status":"passed","title":"SubscriptionGuard should NOT show trial expired screen","duration":0.16560000000001196,"failureMessages":[],"meta":{}},{"ancestorTitles":["Open Access — All Users Get Full Access"],"fullName":"Open Access — All Users Get Full Access slide generation limit should be effectively unlimited (999)","status":"passed","title":"slide generation limit should be effectively unlimited (999)","duration":0.1286230000000046,"failureMessages":[],"meta":{}},{"ancestorTitles":["Open Access — All Users Get Full Access"],"fullName":"Open Access — All Users Get Full Access server should not block trial users from logging in","status":"passed","title":"server should not block trial users from logging in","duration":1.3848460000000102,"failureMessages":[],"meta":{}},{"ancestorTitles":["Open Access — All Users Get Full Access"],"fullName":"Open Access — All Users Get Full Access heartbeat should never return expired=true","status":"failed","title":"heartbeat should never return expired=true","duration":1.3692630000000179,"failureMessages":["AssertionError: expected 'import \"dotenv/config\";\\nimport expre…' to contain 'expired: false'\n    at /home/ubuntu/russell-capital-unified/server/batch9-features.test.ts:132:26\n    at file:///home/ubuntu/russell-capital-unified/node_modules/.pnpm/@vitest+runner@2.1.9/node_modules/@vitest/runner/dist/index.js:146:14\n    at file:///home/ubuntu/russell-capital-unified/node_modules/.pnpm/@vitest+runner@2.1.9/node_modules/@vitest/runner/dist/index.js:533:11\n    at runWithTimeout (file:///home/ubuntu/russell-capital-unified/node_modules/.pnpm/@vitest+runner@2.1.9/node_modules/@vitest/runner/dist/index.js:39:7)\n    at runTest (file:///home/ubuntu/russell-capital-unified/node_modules/.pnpm/@vitest+runner@2.1.9/node_modules/@vitest/runner/dist/index.js:1056:17)\n    at processTicksAndRejections (node:internal/process/task_queues:105:5)\n    at runSuite (file:///home/ubuntu/russell-capital-unified/node_modules/.pnpm/@vitest+runner@2.1.9/node_modules/@vitest/runner/dist/index.js:1205:15)\n    at runSuite (file:///home/ubuntu/russell-capital-unified/node_modules/.pnpm/@vitest+runner@2.1.9/node_modules/@vitest/runner/dist/index.js:1205:15)\n    at runFiles (file:///home/ubuntu/russell-capital-unified/node_modules/.pnpm/@vitest+runner@2.1.9/node_modules/@vitest/runner/dist/index.js:1262:5)\n    at startTests (file:///home/ubuntu/russell-capital-unified/node_modules/.pnpm/@vitest+runner@2.1.9/node_modules/@vitest/runner/dist/index.js:1271:3)"],"meta":{}},{"ancestorTitles":["Open Access — All Users Get Full Access"],"fullName":"Open Access — All Users Get Full Access passwordGate should grant full access without limits","status":"failed","title":"passwordGate should grant full access without limits","duration":27.486405999999988,"failureMessages":["AssertionError: expected 'import { TRPCError } from \"@trpc/serv…' to contain 'Welcome! You have full access to all …'\n    at /home/ubuntu/russell-capital-unified/server/batch9-features.test.ts:137:28\n    at file:///home/ubuntu/russell-capital-unified/node_modules/.pnpm/@vitest+runner@2.1.9/node_modules/@vitest/runner/dist/index.js:146:14\n    at file:///home/ubuntu/russell-capital-unified/node_modules/.pnpm/@vitest+runner@2.1.9/node_modules/@vitest/runner/dist/index.js:533:11\n    at runWithTimeout (file:///home/ubuntu/russell-capital-unified/node_modules/.pnpm/@vitest+runner@2.1.9/node_modules/@vitest/runner/dist/index.js:39:7)\n    at runTest (file:///home/ubuntu/russell-capital-unified/node_modules/.pnpm/@vitest+runner@2.1.9/node_modules/@vitest/runner/dist/index.js:1056:17)\n    at processTicksAndRejections (node:internal/process/task_queues:105:5)\n    at runSuite (file:///home/ubuntu/russell-capital-unified/node_modules/.pnpm/@vitest+runner@2.1.9/node_modules/@vitest/runner/dist/index.js:1205:15)\n    at runSuite (file:///home/ubuntu/russell-capital-unified/node_modules/.pnpm/@vitest+runner@2.1.9/node_modules/@vitest/runner/dist/index.js:1205:15)\n    at runFiles (file:///home/ubuntu/russell-capital-unified/node_modules/.pnpm/@vitest+runner@2.1.9/node_modules/@vitest/runner/dist/index.js:1262:5)\n    at startTests (file:///home/ubuntu/russell-capital-unified/node_modules/.pnpm/@vitest+runner@2.1.9/node_modules/@vitest/runner/dist/index.js:1271:3)"],"meta":{}},{"ancestorTitles":["Open Access — All Users Get Full Access"],"fullName":"Open Access — All Users Get Full Access executive access should use managed OAuth with no bypass endpoint","status":"passed","title":"executive access should use managed OAuth with no bypass endpoint","duration":0.24820400000004383,"failureMessages":[],"meta":{}},{"ancestorTitles":["HeyGen — Quota Endpoint Fix"],"fullName":"HeyGen — Quota Endpoint Fix should use v2 API for quota endpoint","status":"passed","title":"should use v2 API for quota endpoint","duration":0.17304699999999684,"failureMessages":[],"meta":{}},{"ancestorTitles":["HeyGen — Quota Endpoint Fix"],"fullName":"HeyGen — Quota Endpoint Fix should handle v2 quota response with details","status":"passed","title":"should handle v2 quota response with details","duration":0.15094599999997627,"failureMessages":[],"meta":{}},{"ancestorTitles":["HeyGen — Quota Endpoint Fix"],"fullName":"HeyGen — Quota Endpoint Fix should sum generative and plan credits when remaining_quota is 0","status":"passed","title":"should sum generative and plan credits when remaining_quota is 0","duration":0.15020900000001802,"failureMessages":[],"meta":{}},{"ancestorTitles":["Strategy Types — New Experience Pages"],"fullName":"Strategy Types — New Experience Pages should include live-copilot strategy type","status":"passed","title":"should include live-copilot strategy type","duration":0.1267530000000079,"failureMessages":[],"meta":{}},{"ancestorTitles":["Strategy Types — New Experience Pages"],"fullName":"Strategy Types — New Experience Pages should include social-narcotic strategy type","status":"passed","title":"should include social-narcotic strategy type","duration":0.12026099999997086,"failureMessages":[],"meta":{}},{"ancestorTitles":["Strategy Types — New Experience Pages"],"fullName":"Strategy Types — New Experience Pages should include war-room strategy type","status":"passed","title":"should include war-room strategy type","duration":0.10930700000000115,"failureMessages":[],"meta":{}},{"ancestorTitles":["Strategy Types — New Experience Pages"],"fullName":"Strategy Types — New Experience Pages should have labels for all new strategy types","status":"passed","title":"should have labels for all new strategy types","duration":0.20050499999996418,"failureMessages":[],"meta":{}}],"startTime":1787778180115,"endTime":1787778180169.2004,"status":"failed","message":"","name":"/home/ubuntu/russell-capital-unified/server/batch9-features.test.ts"},{"assertionResults":[{"ancestorTitles":["client and dashboard UI integration"],"fullName":"client and dashboard UI integration loads the client directory and detail modules","status":"passed","title":"loads the client directory and detail modules","duration":804.8653999999999,"failureMessages":[],"meta":{}},{"ancestorTitles":["client and dashboard UI integration"],"fullName":"client and dashboard UI integration wires the directory to real client list and create procedures with complete states","status":"passed","title":"wires the directory to real client list and create procedures with complete states","duration":1.0230949999998984,"failureMessages":[],"meta":{}},{"ancestorTitles":["client and dashboard UI integration"],"fullName":"client and dashboard UI integration wires profile load and update to persistence confirmation after refetch","status":"passed","title":"wires profile load and update to persistence confirmation after refetch","duration":1.059755999999993,"failureMessages":[],"meta":{}},{"ancestorTitles":["client and dashboard UI integration"],"fullName":"client and dashboard UI integration handles every dashboard source as loading, empty, or failed and omits live AUM","status":"passed","title":"handles every dashboard source as loading, empty, or failed and omits live AUM","duration":0.8885980000000018,"failureMessages":[],"meta":{}},{"ancestorTitles":["client and dashboard UI integration"],"fullName":"client and dashboard UI integration keeps actual client procedures protected and workspace-scoped","status":"passed","title":"keeps actual client procedures protected and workspace-scoped","duration":2.182986000000028,"failureMessages":[],"meta":{}}],"startTime":1787778186683,"endTime":1787778187493.183,"status":"passed","message":"","name":"/home/ubuntu/russell-capital-unified/server/client-dashboard-ui.integration.test.ts"},{"assertionResults":[{"ancestorTitles":["client workflow persistence"],"fullName":"client workflow persistence creates, reads, and updates a client inside a rolled-back transaction","status":"passed","title":"creates, reads, and updates a client inside a rolled-back transaction","duration":363.34298100000007,"failureMessages":[],"meta":{}}],"startTime":1787778190318,"endTime":1787778190681.343,"status":"passed","message":"","name":"/home/ubuntu/russell-capital-unified/server/client-workflow.integration.test.ts"},{"assertionResults":[{"ancestorTitles":["complianceTracking","hasSignedThisSession"],"fullName":"complianceTracking hasSignedThisSession returns signed: false when no session exists","status":"passed","title":"returns signed: false when no session exists","duration":324.2472140000002,"failureMessages":[],"meta":{}},{"ancestorTitles":["complianceTracking","sign"],"fullName":"complianceTracking sign creates a compliance signature and session","status":"passed","title":"creates a compliance signature and session","duration":93.33375099999989,"failureMessages":[],"meta":{}},{"ancestorTitles":["complianceTracking","logPageVisit"],"fullName":"complianceTracking logPageVisit logs a page visit for an active session","status":"passed","title":"logs a page visit for an active session","duration":81.5061659999999,"failureMessages":[],"meta":{}},{"ancestorTitles":["complianceTracking","endSession"],"fullName":"complianceTracking endSession ends an active session","status":"passed","title":"ends an active session","duration":67.13629300000002,"failureMessages":[],"meta":{}},{"ancestorTitles":["websiteUsage","managed authorization"],"fullName":"websiteUsage managed authorization rejects non-admin users","status":"passed","title":"rejects non-admin users","duration":1.928278999999975,"failureMessages":[],"meta":{}},{"ancestorTitles":["websiteUsage","managed authorization"],"fullName":"websiteUsage managed authorization accepts an authenticated managed admin without a secondary password","status":"passed","title":"accepts an authenticated managed admin without a secondary password","duration":0.5186409999998887,"failureMessages":[],"meta":{}},{"ancestorTitles":["websiteUsage","getSummary"],"fullName":"websiteUsage getSummary rejects non-admin users","status":"passed","title":"rejects non-admin users","duration":0.49119199999995544,"failureMessages":[],"meta":{}},{"ancestorTitles":["websiteUsage","getSummary"],"fullName":"websiteUsage getSummary returns summary stats for a managed admin","status":"passed","title":"returns summary stats for a managed admin","duration":12.937419999999975,"failureMessages":[],"meta":{}},{"ancestorTitles":["websiteUsage","listUsers"],"fullName":"websiteUsage listUsers returns a list of users for a managed admin","status":"passed","title":"returns a list of users for a managed admin","duration":6.935045999999829,"failureMessages":[],"meta":{}}],"startTime":1787778184033,"endTime":1787778184622.935,"status":"passed","message":"","name":"/home/ubuntu/russell-capital-unified/server/complianceTracking.test.ts"},{"assertionResults":[{"ancestorTitles":["core portal table bootstrap"],"fullName":"core portal table bootstrap contains the exact reviewed 24-table creation list","status":"passed","title":"contains the exact reviewed 24-table creation list","duration":2.2045949999999266,"failureMessages":[],"meta":{}},{"ancestorTitles":["core portal table bootstrap"],"fullName":"core portal table bootstrap queries every bootstrapped table without inserting data","status":"passed","title":"queries every bootstrapped table without inserting data","duration":520.633871,"failureMessages":[],"meta":{}}],"startTime":1787778191310,"endTime":1787778191832.6338,"status":"passed","message":"","name":"/home/ubuntu/russell-capital-unified/server/core-table-queryability.test.ts"},{"assertionResults":[{"ancestorTitles":["Crypto Cycle Engine"],"fullName":"Crypto Cycle Engine has correct historical cycle data","status":"passed","title":"has correct historical cycle data","duration":1.8449709999999868,"failureMessages":[],"meta":{}},{"ancestorTitles":["Crypto Cycle Engine"],"fullName":"Crypto Cycle Engine calculates correct drawdown percentages","status":"passed","title":"calculates correct drawdown percentages","duration":0.5365840000000048,"failureMessages":[],"meta":{}},{"ancestorTitles":["Crypto Cycle Engine"],"fullName":"Crypto Cycle Engine predicts future cycles","status":"passed","title":"predicts future cycles","duration":1.2928710000000194,"failureMessages":[],"meta":{}},{"ancestorTitles":["Crypto Cycle Engine"],"fullName":"Crypto Cycle Engine runs accumulation simulation with default inputs","status":"passed","title":"runs accumulation simulation with default inputs","duration":1.9789779999999837,"failureMessages":[],"meta":{}},{"ancestorTitles":["Crypto Cycle Engine"],"fullName":"Crypto Cycle Engine generates real estate spreadsheets with correct structure","status":"passed","title":"generates real estate spreadsheets with correct structure","duration":0.690954000000005,"failureMessages":[],"meta":{}},{"ancestorTitles":["Crypto Cycle Engine"],"fullName":"Crypto Cycle Engine thirty year synthesis tracks all properties","status":"passed","title":"thirty year synthesis tracks all properties","duration":0.6382220000000132,"failureMessages":[],"meta":{}}],"startTime":1787778186215,"endTime":1787778186222.6382,"status":"passed","message":"","name":"/home/ubuntu/russell-capital-unified/server/cryptoCycle.test.ts"},{"assertionResults":[{"ancestorTitles":["strategies.json data integrity"],"fullName":"strategies.json data integrity has exactly 100 strategies","status":"passed","title":"has exactly 100 strategies","duration":2.0449439999999868,"failureMessages":[],"meta":{}},{"ancestorTitles":["strategies.json data integrity"],"fullName":"strategies.json data integrity each strategy has required fields","status":"passed","title":"each strategy has required fields","duration":16.869537000000037,"failureMessages":[],"meta":{}},{"ancestorTitles":["strategies.json data integrity"],"fullName":"strategies.json data integrity all net worths are between $4M and $50M (randomized, independent)","status":"passed","title":"all net worths are between $4M and $50M (randomized, independent)","duration":3.735546999999997,"failureMessages":[],"meta":{}},{"ancestorTitles":["strategies.json data integrity"],"fullName":"strategies.json data integrity net worths are NOT sequential/chained — they vary wildly","status":"passed","title":"net worths are NOT sequential/chained — they vary wildly","duration":0.34723299999996016,"failureMessages":[],"meta":{}},{"ancestorTitles":["strategies.json data integrity"],"fullName":"strategies.json data integrity net worths have real variety (std dev > $5M)","status":"passed","title":"net worths have real variety (std dev > $5M)","duration":0.29347100000006776,"failureMessages":[],"meta":{}},{"ancestorTitles":["strategies.json data integrity"],"fullName":"strategies.json data integrity each strategy has unique family names","status":"passed","title":"each strategy has unique family names","duration":0.3520659999999225,"failureMessages":[],"meta":{}},{"ancestorTitles":["strategies.json data integrity"],"fullName":"strategies.json data integrity each strategy has house value, original mortgage, and home equity","status":"passed","title":"each strategy has house value, original mortgage, and home equity","duration":5.0668399999999565,"failureMessages":[],"meta":{}},{"ancestorTitles":["strategies.json data integrity"],"fullName":"strategies.json data integrity each strategy has 5-12 financial steps with aggressive deployments","status":"passed","title":"each strategy has 5-12 financial steps with aggressive deployments","duration":79.01113399999997,"failureMessages":[],"meta":{}},{"ancestorTitles":["strategies.json data integrity"],"fullName":"strategies.json data integrity each step has HELOC draw and mortgage balance fields","status":"passed","title":"each step has HELOC draw and mortgage balance fields","duration":36.81550299999992,"failureMessages":[],"meta":{}},{"ancestorTitles":["strategies.json data integrity"],"fullName":"strategies.json data integrity every strategy ends with mortgage at $0 (paid off)","status":"passed","title":"every strategy ends with mortgage at $0 (paid off)","duration":1.5162420000000338,"failureMessages":[],"meta":{}},{"ancestorTitles":["strategies.json data integrity"],"fullName":"strategies.json data integrity finalNetWorth equals the last step's netWorthAfter","status":"passed","title":"finalNetWorth equals the last step's netWorthAfter","duration":1.3430380000000923,"failureMessages":[],"meta":{}},{"ancestorTitles":["strategies.json data integrity"],"fullName":"strategies.json data integrity totalTaxSaved is the sum of all step taxSaved values","status":"passed","title":"totalTaxSaved is the sum of all step taxSaved values","duration":1.3549669999999878,"failureMessages":[],"meta":{}},{"ancestorTitles":["strategies.json data integrity"],"fullName":"strategies.json data integrity average deployment per step is above $750K","status":"passed","title":"average deployment per step is above $750K","duration":0.3018260000000055,"failureMessages":[],"meta":{}},{"ancestorTitles":["combos.json data integrity"],"fullName":"combos.json data integrity has exactly 100 combos","status":"passed","title":"has exactly 100 combos","duration":0.2777059999999665,"failureMessages":[],"meta":{}},{"ancestorTitles":["combos.json data integrity"],"fullName":"combos.json data integrity each combo has required fields","status":"passed","title":"each combo has required fields","duration":10.849389999999971,"failureMessages":[],"meta":{}},{"ancestorTitles":["combos.json data integrity"],"fullName":"combos.json data integrity each combo has unique family names","status":"passed","title":"each combo has unique family names","duration":0.223337000000015,"failureMessages":[],"meta":{}},{"ancestorTitles":["combos.json data integrity"],"fullName":"combos.json data integrity each combo has 8-12 sequential steps with financial data","status":"passed","title":"each combo has 8-12 sequential steps with financial data","duration":61.24086199999999,"failureMessages":[],"meta":{}}],"startTime":1787778182652,"endTime":1787778182874.241,"status":"passed","message":"","name":"/home/ubuntu/russell-capital-unified/server/data-integrity.test.ts"},{"assertionResults":[{"ancestorTitles":["Data Isolation: Workspace Ownership Verification"],"fullName":"Data Isolation: Workspace Ownership Verification should find client-accessing procedures in the codebase","status":"passed","title":"should find client-accessing procedures in the codebase","duration":1.4948060000000112,"failureMessages":[],"meta":{}},{"ancestorTitles":["Data Isolation: Workspace Ownership Verification"],"fullName":"Data Isolation: Workspace Ownership Verification every procedure accessing clientId MUST verify workspace ownership","status":"passed","title":"every procedure accessing clientId MUST verify workspace ownership","duration":1.175063999999992,"failureMessages":[],"meta":{}},{"ancestorTitles":["Data Isolation: No Direct DB Queries Without Workspace Filter"],"fullName":"Data Isolation: No Direct DB Queries Without Workspace Filter should not have unscoped clientId queries in inline DB calls","status":"passed","title":"should not have unscoped clientId queries in inline DB calls","duration":3.0914619999999786,"failureMessages":[],"meta":{}},{"ancestorTitles":["Data Isolation: DB Helper Functions Accept Workspace Parameter"],"fullName":"Data Isolation: DB Helper Functions Accept Workspace Parameter getStrategiesByClient should accept workspaceId parameter","status":"passed","title":"getStrategiesByClient should accept workspaceId parameter","duration":0.6300690000000202,"failureMessages":[],"meta":{}},{"ancestorTitles":["Data Isolation: DB Helper Functions Accept Workspace Parameter"],"fullName":"Data Isolation: DB Helper Functions Accept Workspace Parameter acknowledgeRebalanceAlert should accept workspaceId parameter","status":"passed","title":"acknowledgeRebalanceAlert should accept workspaceId parameter","duration":0.3692559999999787,"failureMessages":[],"meta":{}},{"ancestorTitles":["Data Isolation: DB Helper Functions Accept Workspace Parameter"],"fullName":"Data Isolation: DB Helper Functions Accept Workspace Parameter resolveRebalanceAlert should accept workspaceId parameter","status":"passed","title":"resolveRebalanceAlert should accept workspaceId parameter","duration":0.3069759999999917,"failureMessages":[],"meta":{}},{"ancestorTitles":["Data Isolation: DB Helper Functions Accept Workspace Parameter"],"fullName":"Data Isolation: DB Helper Functions Accept Workspace Parameter revokePortalToken should accept workspaceId parameter","status":"passed","title":"revokePortalToken should accept workspaceId parameter","duration":0.2595100000000059,"failureMessages":[],"meta":{}},{"ancestorTitles":["Data Isolation: DB Helper Functions Accept Workspace Parameter"],"fullName":"Data Isolation: DB Helper Functions Accept Workspace Parameter dismissComplianceAlert should accept workspaceId parameter","status":"passed","title":"dismissComplianceAlert should accept workspaceId par
[...]
n":0.2630499999999927,"failureMessages":[],"meta":{}},{"ancestorTitles":["Time Machine AG49 — Core Engine","Rate comparison table"],"fullName":"Time Machine AG49 — Core Engine Rate comparison table should have 16 rate entries","status":"passed","title":"should have 16 rate entries","duration":0.14173599999998032,"failureMessages":[],"meta":{}},{"ancestorTitles":["Time Machine AG49 — Core Engine","Rate comparison table"],"fullName":"Time Machine AG49 — Core Engine Rate comparison table should have rates from 0.1% to 7.5%","status":"passed","title":"should have rates from 0.1% to 7.5%","duration":0.17104599999998982,"failureMessages":[],"meta":{}},{"ancestorTitles":["Time Machine AG49 — Core Engine","Rate comparison table"],"fullName":"Time Machine AG49 — Core Engine Rate comparison table should show higher rates reaching targets faster","status":"passed","title":"should show higher rates reaching targets faster","duration":0.18288200000000643,"failureMessages":[],"meta":{}},{"ancestorTitles":["Time Machine AG49 — Core Engine","Rate comparison table"],"fullName":"Time Machine AG49 — Core Engine Rate comparison table should show 80% target takes longer than 50% which takes longer than 28%","status":"passed","title":"should show 80% target takes longer than 50% which takes longer than 28%","duration":0.20117500000000632,"failureMessages":[],"meta":{}},{"ancestorTitles":["Time Machine AG49 — Core Engine","Rate comparison table"],"fullName":"Time Machine AG49 — Core Engine Rate comparison table should return null for targets not reachable within maxYears at low rates","status":"passed","title":"should return null for targets not reachable within maxYears at low rates","duration":0.2773510000000101,"failureMessages":[],"meta":{}},{"ancestorTitles":["Time Machine AG49 — Core Engine","Rate comparison table"],"fullName":"Time Machine AG49 — Core Engine Rate comparison table should match simulation results for 6.5%","status":"passed","title":"should match simulation results for 6.5%","duration":0.2733639999999866,"failureMessages":[],"meta":{}},{"ancestorTitles":["Time Machine AG49 — Core Engine","Formula verification"],"fullName":"Time Machine AG49 — Core Engine Formula verification should satisfy: effectiveReturn = (AV * R) / totalPremiums * 100 for every row","status":"passed","title":"should satisfy: effectiveReturn = (AV * R) / totalPremiums * 100 for every row","duration":1.1754809999999907,"failureMessages":[],"meta":{}},{"ancestorTitles":["Time Machine AG49 — Core Engine","Formula verification"],"fullName":"Time Machine AG49 — Core Engine Formula verification should satisfy: interestCredit = beginningValue * rate for every row","status":"passed","title":"should satisfy: interestCredit = beginningValue * rate for every row","duration":1.1312829999999963,"failureMessages":[],"meta":{}},{"ancestorTitles":["Time Machine AG49 — Core Engine","Formula verification"],"fullName":"Time Machine AG49 — Core Engine Formula verification should satisfy: endingValue = beginningValue + interestCredit for every row","status":"passed","title":"should satisfy: endingValue = beginningValue + interestCredit for every row","duration":1.125643999999994,"failureMessages":[],"meta":{}},{"ancestorTitles":["Time Machine AG49 — Core Engine","Formula verification"],"fullName":"Time Machine AG49 — Core Engine Formula verification Rule of 72 approximation: account should roughly double every 72/rate years after funding","status":"passed","title":"Rule of 72 approximation: account should roughly double every 72/rate years after funding","duration":0.25042700000000195,"failureMessages":[],"meta":{}}],"startTime":1787778172766,"endTime":1787778172785.2505,"status":"passed","message":"","name":"/home/ubuntu/russell-capital-unified/server/time-machine-ag49.test.ts"},{"assertionResults":[{"ancestorTitles":["Time Machine Engine — Core via Dual Illustration"],"fullName":"Time Machine Engine — Core via Dual Illustration generateDualIllustration produces boring and historical illustrations","status":"passed","title":"generateDualIllustration produces boring and historical illustrations","duration":3.750526999999977,"failureMessages":[],"meta":{}},{"ancestorTitles":["Time Machine Engine — Core via Dual Illustration"],"fullName":"Time Machine Engine — Core via Dual Illustration boring illustration has constant crediting rate","status":"passed","title":"boring illustration has constant crediting rate","duration":1.5639540000000238,"failureMessages":[],"meta":{}},{"ancestorTitles":["Time Machine Engine — Core via Dual Illustration"],"fullName":"Time Machine Engine — Core via Dual Illustration historical illustration has varying crediting rates","status":"passed","title":"historical illustration has varying crediting rates","duration":0.5639850000000024,"failureMessages":[],"meta":{}},{"ancestorTitles":["Time Machine Engine — Core via Dual Illustration"],"fullName":"Time Machine Engine — Core via Dual Illustration account value grows during funding years","status":"passed","title":"account value grows during funding years","duration":0.5283450000000016,"failureMessages":[],"meta":{}},{"ancestorTitles":["Time Machine Engine — Core via Dual Illustration"],"fullName":"Time Machine Engine — Core via Dual Illustration benchmarks are computed for boring and historical","status":"passed","title":"benchmarks are computed for boring and historical","duration":3.6013130000000046,"failureMessages":[],"meta":{}},{"ancestorTitles":["Time Machine Engine — Overlay Generation"],"fullName":"Time Machine Engine — Overlay Generation generateTimeMachineOverlay returns correct length","status":"passed","title":"generateTimeMachineOverlay returns correct length","duration":0.5248629999999821,"failureMessages":[],"meta":{}},{"ancestorTitles":["Time Machine Engine — Overlay Generation"],"fullName":"Time Machine Engine — Overlay Generation overlay uses historical crediting rates","status":"passed","title":"overlay uses historical crediting rates","duration":0.3415120000000229,"failureMessages":[],"meta":{}},{"ancestorTitles":["Time Machine Engine — Overlay Generation"],"fullName":"Time Machine Engine — Overlay Generation overlay with multiple indices blends rates","status":"passed","title":"overlay with multiple indices blends rates","duration":1.0705760000000168,"failureMessages":[],"meta":{}},{"ancestorTitles":["Time Machine Engine — Overlay Generation"],"fullName":"Time Machine Engine — Overlay Generation overlay with loan parameters returns data","status":"passed","title":"overlay with loan parameters returns data","duration":1.066754000000003,"failureMessages":[],"meta":{}},{"ancestorTitles":["Time Machine Engine — Overlay Generation"],"fullName":"Time Machine Engine — Overlay Generation $400K/yr x 5 years at 6.5% eventually reaches 28% effective return","status":"passed","title":"$400K/yr x 5 years at 6.5% eventually reaches 28% effective return","duration":0.758780999999999,"failureMessages":[],"meta":{}},{"ancestorTitles":["Time Machine Engine — Index Data"],"fullName":"Time Machine Engine — Index Data ALL_INDEX_OPTIONS has entries","status":"passed","title":"ALL_INDEX_OPTIONS has entries","duration":0.1643940000000157,"failureMessages":[],"meta":{}},{"ancestorTitles":["Time Machine Engine — Index Data"],"fullName":"Time Machine Engine — Index Data getPopularIndexOptions returns subset","status":"passed","title":"getPopularIndexOptions returns subset","duration":0.39262899999999945,"failureMessages":[],"meta":{}},{"ancestorTitles":["Time Machine Engine — Index Data"],"fullName":"Time Machine Engine — Index Data getCreditingHistory returns 25+ years for SP500","status":"passed","title":"getCreditingHistory returns 25+ years for SP500","duration":0.22055100000000039,"failureMessages":[],"meta":{}},{"ancestorTitles":["Time Machine Engine — Index Data"],"fullName":"Time Machine Engine — Index Data getCreditedRate returns a number for SP500 option","status":"passed","title":"getCreditedRate returns a number for SP500 option","duration":0.3012310000000298,"failureMessages":[],"meta":{}},{"ancestorTitles":["Time Machine Engine — Index Data"],"fullName":"Time Machine Engine — Index Data getCreditedRate respects cap for high-return years","status":"passed","title":"getCreditedRate respects cap for high-return years","duration":0.21216299999997545,"failureMessages":[],"meta":{}},{"ancestorTitles":["Time Machine — Mortgage Killer Scenario"],"fullName":"Time Machine — Mortgage Killer Scenario overlay sized for typical mortgage killer premium","status":"passed","title":"overlay sized for typical mortgage killer premium","duration":0.37945599999994784,"failureMessages":[],"meta":{}},{"ancestorTitles":["Time Machine — Mortgage Killer Scenario"],"fullName":"Time Machine — Mortgage Killer Scenario overlay for large premium ($400K/yr x 5)","status":"passed","title":"overlay for large premium ($400K/yr x 5)","duration":0.22602699999998777,"failureMessages":[],"meta":{}},{"ancestorTitles":["Time Machine Engine — Edge Cases"],"fullName":"Time Machine Engine — Edge Cases handles 1-year funding via overlay","status":"passed","title":"handles 1-year funding via overlay","duration":0.3758139999999912,"failureMessages":[],"meta":{}},{"ancestorTitles":["Time Machine Engine — Edge Cases"],"fullName":"Time Machine Engine — Edge Cases handles very young age (25)","status":"passed","title":"handles very young age (25)","duration":0.5463439999999764,"failureMessages":[],"meta":{}},{"ancestorTitles":["Time Machine Engine — Edge Cases"],"fullName":"Time Machine Engine — Edge Cases handles very old age (70)","status":"passed","title":"handles very old age (70)","duration":0.27669199999996863,"failureMessages":[],"meta":{}}],"startTime":1787778176597,"endTime":1787778176615.2766,"status":"passed","message":"","name":"/home/ubuntu/russell-capital-unified/server/time-machine-integration.test.ts"},{"assertionResults":[{"ancestorTitles":["Managed OAuth — trial password API retirement"],"fullName":"Managed OAuth — trial password API retirement rejects the former trial password in the compatibility helper","status":"passed","title":"rejects the former trial password in the compatibility helper","duration":2.865854000000013,"failureMessages":[],"meta":{}},{"ancestorTitles":["Managed OAuth — trial password API retirement"],"fullName":"Managed OAuth — trial password API retirement does not mount trial login or status endpoints","status":"passed","title":"does not mount trial login or status endpoints","duration":1.3062930000000108,"failureMessages":[],"meta":{}},{"ancestorTitles":["Managed OAuth — trial password API retirement"],"fullName":"Managed OAuth — trial password API retirement keeps the public trial route as managed-OAuth guidance","status":"passed","title":"keeps the public trial route as managed-OAuth guidance","duration":0.5609279999999899,"failureMessages":[],"meta":{}},{"ancestorTitles":["Commission Tracker Data Integrity"],"fullName":"Commission Tracker Data Integrity should have exactly 14 tools","status":"passed","title":"should have exactly 14 tools","duration":0.27588600000001406,"failureMessages":[],"meta":{}},{"ancestorTitles":["Commission Tracker Data Integrity"],"fullName":"Commission Tracker Data Integrity should have unique IDs for all tools","status":"passed","title":"should have unique IDs for all tools","duration":0.19096900000002393,"failureMessages":[],"meta":{}},{"ancestorTitles":["Commission Tracker Data Integrity"],"fullName":"Commission Tracker Data Integrity should have total monthly commission of $1,570,000","status":"passed","title":"should have total monthly commission of $1,570,000","duration":0.24870999999998844,"failureMessages":[],"meta":{}},{"ancestorTitles":["Commission Tracker Data Integrity"],"fullName":"Commission Tracker Data Integrity should have Mortgage Killer at $40,000/month life commissions","status":"passed","title":"should have Mortgage Killer at $40,000/month life commissions","duration":0.28703100000001314,"failureMessages":[],"meta":{}},{"ancestorTitles":["Commission Tracker Data Integrity"],"fullName":"Commission Tracker Data Integrity should have Estate Flow Chart at $70,000/month annuity commissions","status":"passed","title":"should have Estate Flow Chart at $70,000/month annuity commissions","duration":0.2009960000000035,"failureMessages":[],"meta":{}},{"ancestorTitles":["Commission Tracker Data Integrity"],"fullName":"Commission Tracker Data Integrity should have Income Gap Analyzer at $70,000/month annuity commissions","status":"passed","title":"should have Income Gap Analyzer at $70,000/month annuity commissions","duration":0.37010499999999524,"failureMessages":[],"meta":{}},{"ancestorTitles":["Commission Tracker Data Integrity"],"fullName":"Commission Tracker Data Integrity should have Real Estate Mogul at $300,000/month life commissions","status":"passed","title":"should have Real Estate Mogul at $300,000/month life commissions","duration":0.22739099999998302,"failureMessages":[],"meta":{}},{"ancestorTitles":["Commission Tracker Data Integrity"],"fullName":"Commission Tracker Data Integrity should have House Recycling at $200,000/month life commissions","status":"passed","title":"should have House Recycling at $200,000/month life commissions","duration":0.17391600000001972,"failureMessages":[],"meta":{}},{"ancestorTitles":["Commission Tracker Data Integrity"],"fullName":"Commission Tracker Data Integrity should have all valid commission types","status":"passed","title":"should have all valid commission types","duration":1.7138549999999952,"failureMessages":[],"meta":{}},{"ancestorTitles":["Commission Tracker Data Integrity"],"fullName":"Commission Tracker Data Integrity annual potential should be 12x monthly","status":"passed","title":"annual potential should be 12x monthly","duration":0.1733289999999954,"failureMessages":[],"meta":{}}],"startTime":1787778184372,"endTime":1787778184381.7139,"status":"passed","message":"","name":"/home/ubuntu/russell-capital-unified/server/trialAndCommission.test.ts"},{"assertionResults":[{"ancestorTitles":["Video Script Generator"],"fullName":"Video Script Generator should define all 5 chapter types","status":"passed","title":"should define all 5 chapter types","duration":2.757227999999998,"failureMessages":[],"meta":{}},{"ancestorTitles":["Video Script Generator"],"fullName":"Video Script Generator should generate chapter titles from types","status":"passed","title":"should generate chapter titles from types","duration":0.7226789999999994,"failureMessages":[],"meta":{}},{"ancestorTitles":["Video Script Generator"],"fullName":"Video Script Generator should estimate duration for each chapter type","status":"passed","title":"should estimate duration for each chapter type","duration":0.41304099999999266,"failureMessages":[],"meta":{}},{"ancestorTitles":["HeyGen Service Configuration"],"fullName":"HeyGen Service Configuration should construct correct API URL for video generation","status":"passed","title":"should construct correct API URL for video generation","duration":0.26482500000000186,"failureMessages":[],"meta":{}},{"ancestorTitles":["HeyGen Service Configuration"],"fullName":"HeyGen Service Configuration should construct correct API URL for video status","status":"passed","title":"should construct correct API URL for video status","duration":0.19116800000000467,"failureMessages":[],"meta":{}},{"ancestorTitles":["HeyGen Service Configuration"],"fullName":"HeyGen Service Configuration should construct correct API URL for avatar listing","status":"passed","title":"should construct correct API URL for avatar listing","duration":0.198410999999993,"failureMessages":[],"meta":{}},{"ancestorTitles":["HeyGen Service Configuration"],"fullName":"HeyGen Service Configuration should construct correct API URL for voice listing","status":"passed","title":"should construct correct API URL for voice listing","duration":0.15983700000001022,"failureMessages":[],"meta":{}},{"ancestorTitles":["Video Proposal Data Structures"],"fullName":"Video Proposal Data Structures should validate proposal status transitions","status":"passed","title":"should validate proposal status transitions","duration":0.9825700000000097,"failureMessages":[],"meta":{}},{"ancestorTitles":["Video Proposal Data Structures"],"fullName":"Video Proposal Data Structures should validate engagement event types","status":"passed","title":"should validate engagement event types","duration":0.7155720000000088,"failureMessages":[],"meta":{}},{"ancestorTitles":["Video Proposal Data Structures"],"fullName":"Video Proposal Data Structures should calculate total duration from chapters","status":"passed","title":"should calculate total duration from chapters","duration":0.21736199999998007,"failureMessages":[],"meta":{}},{"ancestorTitles":["Video Proposal Data Structures"],"fullName":"Video Proposal Data Structures should generate a valid share token format","status":"passed","title":"should generate a valid share token format","duration":0.3841469999999845,"failureMessages":[],"meta":{}},{"ancestorTitles":["Video Proposal Data Structures"],"fullName":"Video Proposal Data Structures should validate percent watched is between 0 and 100","status":"passed","title":"should validate percent watched is between 0 and 100","duration":0.29351800000000594,"failureMessages":[],"meta":{}},{"ancestorTitles":["Script Prompt Building"],"fullName":"Script Prompt Building should build a client context string from client data","status":"passed","title":"should build a client context string from client data","duration":28.219673,"failureMessages":[],"meta":{}},{"ancestorTitles":["Script Prompt Building"],"fullName":"Script Prompt Building should build strategy data context from calculation results","status":"passed","title":"should build strategy data context from calculation results","duration":0.27427000000000135,"failureMessages":[],"meta":{}},{"ancestorTitles":["Script Prompt Building"],"fullName":"Script Prompt Building should handle missing client data gracefully","status":"passed","title":"should handle missing client data gracefully","duration":0.15181399999994483,"failureMessages":[],"meta":{}},{"ancestorTitles":["Script Prompt Building"],"fullName":"Script Prompt Building should handle missing strategy data gracefully","status":"passed","title":"should handle missing strategy data gracefully","duration":0.12604399999997895,"failureMessages":[],"meta":{}},{"ancestorTitles":["Engagement Analytics"],"fullName":"Engagement Analytics should calculate average watch time from events","status":"passed","title":"should calculate average watch time from events","duration":0.2473290000000361,"failureMessages":[],"meta":{}},{"ancestorTitles":["Engagement Analytics"],"fullName":"Engagement Analytics should calculate completion rate from events","status":"passed","title":"should calculate completion rate from events","duration":0.1785859999999957,"failureMessages":[],"meta":{}},{"ancestorTitles":["Engagement Analytics"],"fullName":"Engagement Analytics should identify most rewatched chapters","status":"passed","title":"should identify most rewatched chapters","duration":0.2452949999999987,"failureMessages":[],"meta":{}},{"ancestorTitles":["Engagement Analytics"],"fullName":"Engagement Analytics should calculate drop-off points","status":"passed","title":"should calculate drop-off points","duration":0.2183210000000031,"failureMessages":[],"meta":{}}],"startTime":1787778176853,"endTime":1787778176890.2473,"status":"passed","message":"","name":"/home/ubuntu/russell-capital-unified/server/videoProposal.test.ts"},{"assertionResults":[{"ancestorTitles":["XAI_API_KEY"],"fullName":"XAI_API_KEY authenticates with a funded xAI Grok chat completion","status":"skipped","title":"authenticates with a funded xAI Grok chat completion","failureMessages":[],"meta":{}}],"startTime":1787778167938,"endTime":1787778167938,"status":"passed","message":"","name":"/home/ubuntu/russell-capital-unified/server/xai.secret.test.ts"}]}