{"numTotalTestSuites":703,"numPassedTestSuites":703,"numFailedTestSuites":0,"numPendingTestSuites":0,"numTotalTests":2021,"numPassedTests":2011,"numFailedTests":0,"numPendingTests":10,"numTodoTests":0,"snapshot":{"added":0,"failure":false,"filesAdded":0,"filesRemoved":0,"filesRemovedList":[],"filesUnmatched":0,"filesUpdated":0,"matched":0,"total":0,"unchecked":0,"uncheckedKeysByFile":[],"unmatched":0,"updated":0,"didUpdate":false},"startTime":1787812412178,"success":true,"testResults":[{"assertionResults":[{"ancestorTitles":["Access Control — Advisor Accounts & Trial System","Access Tier Logic"],"fullName":"Access Control — Advisor Accounts & Trial System Access Tier Logic Welcome@1 password should map to 'trial' access tier","status":"passed","title":"Welcome@1 password should map to 'trial' access tier","duration":1.473320000000001,"failureMessages":[],"meta":{}},{"ancestorTitles":["Access Control — Advisor Accounts & Trial System","Access Tier Logic"],"fullName":"Access Control — Advisor Accounts & Trial System Access Tier Logic Welcome@7 password should map to 'unlimited' access tier","status":"passed","title":"Welcome@7 password should map to 'unlimited' access tier","duration":0.27206700000002115,"failureMessages":[],"meta":{}},{"ancestorTitles":["Access Control — Advisor Accounts & Trial System","Access Tier Logic"],"fullName":"Access Control — Advisor Accounts & Trial System Access Tier Logic Invalid password should be rejected","status":"passed","title":"Invalid password should be rejected","duration":0.2050739999999962,"failureMessages":[],"meta":{}},{"ancestorTitles":["Access Control — Advisor Accounts & Trial System","Access Tier Logic"],"fullName":"Access Control — Advisor Accounts & Trial System Access Tier Logic Empty password should be rejected","status":"passed","title":"Empty password should be rejected","duration":0.21590399999999477,"failureMessages":[],"meta":{}},{"ancestorTitles":["Access Control — Advisor Accounts & Trial System","Trial Time Tracking"],"fullName":"Access Control — Advisor Accounts & Trial System Trial Time Tracking should have a 3-hour (10800 second) trial limit","status":"passed","title":"should have a 3-hour (10800 second) trial limit","duration":0.2847809999999811,"failureMessages":[],"meta":{}},{"ancestorTitles":["Access Control — Advisor Accounts & Trial System","Trial Time Tracking"],"fullName":"Access Control — Advisor Accounts & Trial System Trial Time Tracking should not be expired when 0 seconds used","status":"passed","title":"should not be expired when 0 seconds used","duration":0.23096599999999512,"failureMessages":[],"meta":{}},{"ancestorTitles":["Access Control — Advisor Accounts & Trial System","Trial Time Tracking"],"fullName":"Access Control — Advisor Accounts & Trial System Trial Time Tracking should not be expired when 5400 seconds (1.5 hours) used","status":"passed","title":"should not be expired when 5400 seconds (1.5 hours) used","duration":0.18257600000001162,"failureMessages":[],"meta":{}},{"ancestorTitles":["Access Control — Advisor Accounts & Trial System","Trial Time Tracking"],"fullName":"Access Control — Advisor Accounts & Trial System Trial Time Tracking should be expired when exactly 10800 seconds used","status":"passed","title":"should be expired when exactly 10800 seconds used","duration":0.16369800000001078,"failureMessages":[],"meta":{}},{"ancestorTitles":["Access Control — Advisor Accounts & Trial System","Trial Time Tracking"],"fullName":"Access Control — Advisor Accounts & Trial System Trial Time Tracking should be expired when more than 10800 seconds used","status":"passed","title":"should be expired when more than 10800 seconds used","duration":0.3337550000000249,"failureMessages":[],"meta":{}},{"ancestorTitles":["Access Control — Advisor Accounts & Trial System","Trial Time Tracking"],"fullName":"Access Control — Advisor Accounts & Trial System Trial Time Tracking should correctly calculate remaining seconds","status":"passed","title":"should correctly calculate remaining seconds","duration":0.2328059999999823,"failureMessages":[],"meta":{}},{"ancestorTitles":["Access Control — Advisor Accounts & Trial System","Trial Time Tracking"],"fullName":"Access Control — Advisor Accounts & Trial System Trial Time Tracking should clamp remaining to 0 when over limit","status":"passed","title":"should clamp remaining to 0 when over limit","duration":0.16698800000000347,"failureMessages":[],"meta":{}},{"ancestorTitles":["Access Control — Advisor Accounts & Trial System","Trial Time Tracking"],"fullName":"Access Control — Advisor Accounts & Trial System Trial Time Tracking should accumulate heartbeat seconds correctly","status":"passed","title":"should accumulate heartbeat seconds correctly","duration":0.15486100000003944,"failureMessages":[],"meta":{}},{"ancestorTitles":["Access Control — Advisor Accounts & Trial System","30-Minute Notification Milestones"],"fullName":"Access Control — Advisor Accounts & Trial System 30-Minute Notification Milestones should trigger notification at 30-minute mark","status":"passed","title":"should trigger notification at 30-minute mark","duration":0.23149000000000797,"failureMessages":[],"meta":{}},{"ancestorTitles":["Access Control — Advisor Accounts & Trial System","30-Minute Notification Milestones"],"fullName":"Access Control — Advisor Accounts & Trial System 30-Minute Notification Milestones should not trigger notification within same 30-minute window","status":"passed","title":"should not trigger notification within same 30-minute window","duration":0.1793199999999615,"failureMessages":[],"meta":{}},{"ancestorTitles":["Access Control — Advisor Accounts & Trial System","30-Minute Notification Milestones"],"fullName":"Access Control — Advisor Accounts & Trial System 30-Minute Notification Milestones should trigger at 1-hour mark (second notification)","status":"passed","title":"should trigger at 1-hour mark (second notification)","duration":0.19009599999998272,"failureMessages":[],"meta":{}},{"ancestorTitles":["Access Control — Advisor Accounts & Trial System","30-Minute Notification Milestones"],"fullName":"Access Control — Advisor Accounts & Trial System 30-Minute Notification Milestones should trigger at 2.5-hour mark (fifth notification)","status":"passed","title":"should trigger at 2.5-hour mark (fifth notification)","duration":0.17176399999999603,"failureMessages":[],"meta":{}},{"ancestorTitles":["Access Control — Advisor Accounts & Trial System","Effective Access Tier"],"fullName":"Access Control — Advisor Accounts & Trial System Effective Access Tier Sam Russell always gets unlimited","status":"passed","title":"Sam Russell always gets unlimited","duration":0.20036399999997911,"failureMessages":[],"meta":{}},{"ancestorTitles":["Access Control — Advisor Accounts & Trial System","Effective Access Tier"],"fullName":"Access Control — Advisor Accounts & Trial System Effective Access Tier Welcome@7 user gets unlimited regardless of account state","status":"passed","title":"Welcome@7 user gets unlimited regardless of account state","duration":0.15026100000000042,"failureMessages":[],"meta":{}},{"ancestorTitles":["Access Control — Advisor Accounts & Trial System","Effective Access Tier"],"fullName":"Access Control — Advisor Accounts & Trial System Effective Access Tier Account previously upgraded to unlimited stays unlimited","status":"passed","title":"Account previously upgraded to unlimited stays unlimited","duration":0.15247499999998126,"failureMessages":[],"meta":{}},{"ancestorTitles":["Access Control — Advisor Accounts & Trial System","Effective Access Tier"],"fullName":"Access Control — Advisor Accounts & Trial System Effective Access Tier Active subscriber gets subscriber tier","status":"passed","title":"Active subscriber gets subscriber tier","duration":0.16028599999998505,"failureMessages":[],"meta":{}},{"ancestorTitles":["Access Control — Advisor Accounts & Trial System","Effective Access Tier"],"fullName":"Access Control — Advisor Accounts & Trial System Effective Access Tier Regular trial user gets trial tier","status":"passed","title":"Regular trial user gets trial tier","duration":0.14053599999999733,"failureMessages":[],"meta":{}},{"ancestorTitles":["Access Control — Advisor Accounts & Trial System","Effective Access Tier"],"fullName":"Access Control — Advisor Accounts & Trial System Effective Access Tier Canceled subscriber falls back to trial","status":"passed","title":"Canceled subscriber falls back to trial","duration":0.13589300000001003,"failureMessages":[],"meta":{}},{"ancestorTitles":["Access Control — Advisor Accounts & Trial System","Email Normalization"],"fullName":"Access Control — Advisor Accounts & Trial System Email Normalization should lowercase email","status":"passed","title":"should lowercase email","duration":0.15056400000003123,"failureMessages":[],"meta":{}},{"ancestorTitles":["Access Control — Advisor Accounts & Trial System","Email Normalization"],"fullName":"Access Control — Advisor Accounts & Trial System Email Normalization should trim whitespace","status":"passed","title":"should trim whitespace","duration":0.13832599999994954,"failureMessages":[],"meta":{}},{"ancestorTitles":["Access Control — Advisor Accounts & Trial System","Email Normalization"],"fullName":"Access Control — Advisor Accounts & Trial System Email Normalization should validate email format","status":"passed","title":"should validate email format","duration":0.3023549999999773,"failureMessages":[],"meta":{}},{"ancestorTitles":["Access Control — Advisor Accounts & Trial System","Trial Enforcement Rules"],"fullName":"Access Control — Advisor Accounts & Trial System Trial Enforcement Rules should NOT enforce trial for Sam Russell","status":"passed","title":"should NOT enforce trial for Sam Russell","duration":0.20624600000002147,"failureMessages":[],"meta":{}},{"ancestorTitles":["Access Control — Advisor Accounts & Trial System","Trial Enforcement Rules"],"fullName":"Access Control — Advisor Accounts & Trial System Trial Enforcement Rules should NOT enforce trial for Welcome@7 users","status":"passed","title":"should NOT enforce trial for Welcome@7 users","duration":0.1460040000000049,"failureMessages":[],"meta":{}},{"ancestorTitles":["Access Control — Advisor Accounts & Trial System","Trial Enforcement Rules"],"fullName":"Access Control — Advisor Accounts & Trial System Trial Enforcement Rules should NOT enforce trial for active subscribers","status":"passed","title":"should NOT enforce trial for active subscribers","duration":0.1382319999999595,"failureMessages":[],"meta":{}},{"ancestorTitles":["Access Control — Advisor Accounts & Trial System","Trial Enforcement Rules"],"fullName":"Access Control — Advisor Accounts & Trial System Trial Enforcement Rules should enforce trial for regular Welcome@1 users","status":"passed","title":"should enforce trial for regular Welcome@1 users","duration":0.13638700000001336,"failureMessages":[],"meta":{}},{"ancestorTitles":["Access Control — Advisor Accounts & Trial System","Trial Enforcement Rules"],"fullName":"Access Control — Advisor Accounts & Trial System Trial Enforcement Rules should enforce trial for canceled subscribers","status":"passed","title":"should enforce trial for canceled subscribers","duration":0.1527889999999843,"failureMessages":[],"meta":{}}],"startTime":1787812421989,"endTime":1787812421998.1528,"status":"passed","message":"","name":"/home/ubuntu/russell-capital-unified/server/accessControl.test.ts"},{"assertionResults":[{"ancestorTitles":["Admin Portal - Email Validation"],"fullName":"Admin Portal - Email Validation should accept sam@russellcapitalsystems.com as admin email","status":"passed","title":"should accept sam@russellcapitalsystems.com as admin email","duration":1.4506059999999934,"failureMessages":[],"meta":{}},{"ancestorTitles":["Admin Portal - Email Validation"],"fullName":"Admin Portal - Email Validation should accept samtheinsuranceman@gmail.com as admin email","status":"passed","title":"should accept samtheinsuranceman@gmail.com as admin email","duration":0.34502699999998754,"failureMessages":[],"meta":{}},{"ancestorTitles":["Admin Portal - Email Validation"],"fullName":"Admin Portal - Email Validation should accept emails case-insensitively","status":"passed","title":"should accept emails case-insensitively","duration":0.20443800000001033,"failureMessages":[],"meta":{}},{"ancestorTitles":["Admin Portal - Email Validation"],"fullName":"Admin Portal - Email Validation should reject non-admin emails","status":"passed","title":"should reject non-admin emails","duration":0.17668600000001788,"failureMessages":[],"meta":{}},{"ancestorTitles":["Admin Portal - Email Validation"],"fullName":"Admin Portal - Email Validation should reject empty email","status":"passed","title":"should reject empty email","duration":0.18351300000000492,"failureMessages":[],"meta":{}},{"ancestorTitles":["Admin Portal - Email Validation"],"fullName":"Admin Portal - Email Validation should reject similar but different emails","status":"passed","title":"should reject similar but different emails","duration":0.41618299999998953,"failureMessages":[],"meta":{}},{"ancestorTitles":["Admin Portal - PIN Generation"],"fullName":"Admin Portal - PIN Generation should generate a 4-digit PIN","status":"passed","title":"should generate a 4-digit PIN","duration":1.076911999999993,"failureMessages":[],"meta":{}},{"ancestorTitles":["Admin Portal - PIN Generation"],"fullName":"Admin Portal - PIN Generation should generate different PINs on subsequent calls","status":"passed","title":"should generate different PINs on subsequent calls","duration":0.27014800000000605,"failureMessages":[],"meta":{}},{"ancestorTitles":["Admin Portal - PIN Expiry"],"fullName":"Admin Portal - PIN Expiry should set expiry to 10 minutes from now","status":"passed","title":"should set expiry to 10 minutes from now","duration":0.32570499999999925,"failureMessages":[],"meta":{}},{"ancestorTitles":["Admin Portal - PIN Expiry"],"fullName":"Admin Portal - PIN Expiry should correctly detect expired PINs","status":"passed","title":"should correctly detect expired PINs","duration":0.2037570000000244,"failureMessages":[],"meta":{}},{"ancestorTitles":["Admin Portal - PIN Expiry"],"fullName":"Admin Portal - PIN Expiry should correctly detect valid PINs","status":"passed","title":"should correctly detect valid PINs","duration":0.15553500000001463,"failureMessages":[],"meta":{}},{"ancestorTitles":["Admin Portal - Attempt Limiting"],"fullName":"Admin Portal - Attempt Limiting should allow up to 5 attempts","status":"passed","title":"should allow up to 5 attempts","duration":0.22361799999998766,"failureMessages":[],"meta":{}},{"ancestorTitles":["Admin Portal - Attempt Limiting"],"fullName":"Admin Portal - Attempt Limiting should block after 5 attempts","status":"passed","title":"should block after 5 attempts","duration":0.1213780000000213,"failureMessages":[],"meta":{}},{"ancestorTitles":["Admin Portal - Owner Email Check (isOwnerEmail)"],"fullName":"Admin Portal - Owner Email Check (isOwnerEmail) should return true for sam@russellcapitalsystems.com","status":"passed","title":"should return true for sam@russellcapitalsystems.com","duration":0.14688699999999244,"failureMessages":[],"meta":{}},{"ancestorTitles":["Admin Portal - Owner Email Check (isOwnerEmail)"],"fullName":"Admin Portal - Owner Email Check (isOwnerEmail) should return true for samtheinsuranceman@gmail.com","status":"passed","title":"should return true for samtheinsuranceman@gmail.com","duration":0.13495500000001925,"failureMessages":[],"meta":{}},{"ancestorTitles":["Admin Portal - Owner Email Check (isOwnerEmail)"],"fullName":"Admin Portal - Owner Email Check (isOwnerEmail) should return true regardless of case","status":"passed","title":"should return true regardless of case","duration":0.14146800000000326,"failureMessages":[],"meta":{}},{"ancestorTitles":["Admin Portal - Owner Email Check (isOwnerEmail)"],"fullName":"Admin Portal - Owner Email Check (isOwnerEmail) should return false for non-owner emails","status":"passed","title":"should return false for non-owner emails","duration":0.1371170000000177,"failureMessages":[],"meta":{}},{"ancestorTitles":["Admin Portal - Owner Email Check (isOwnerEmail)"],"fullName":"Admin Portal - Owner Email Check (isOwnerEmail) should handle whitespace in email","status":"passed","title":"should handle whitespace in email","duration":0.11272299999998836,"failureMessages":[],"meta":{}},{"ancestorTitles":["Admin Portal - Session Duration"],"fullName":"Admin Portal - Session Duration should create session with 1-year expiry for admin","status":"passed","title":"should create session with 1-year expiry for admin","duration":0.12564599999998904,"failureMessages":[],"meta":{}},{"ancestorTitles":["Admin Portal - API Endpoint Structure"],"fullName":"Admin Portal - API Endpoint Structure should have correct admin login endpoint path","status":"passed","title":"should have correct admin login endpoint path","duration":0.15164300000000708,"failureMessages":[],"meta":{}},{"ancestorTitles":["Admin Portal - API Endpoint Structure"],"fullName":"Admin Portal - API Endpoint Structure should have correct admin verify-pin endpoint path","status":"passed","title":"should have correct admin verify-pin endpoint path","duration":0.12132400000001553,"failureMessages":[],"meta":{}},{"ancestorTitles":["Admin Portal - API Endpoint Structure"],"fullName":"Admin Portal - API Endpoint Structure should have correct admin stats endpoint path","status":"passed","title":"should have correct admin stats endpoint path","duration":0.11459500000000844,"failureMessages":[],"meta":{}},{"ancestorTitles":["Admin Portal - API Endpoint Structure"],"fullName":"Admin Portal - API Endpoint Structure should have correct admin users endpoint path","status":"passed","title":"should have correct admin users endpoint path","duration":0.124416999999994,"failureMessages":[],"meta":{}}],"startTime":1787812428545,"endTime":1787812428553.1516,"status":"passed","message":"","name":"/home/ubuntu/russell-capital-unified/server/admin-portal.test.ts"},{"assertionResults":[{"ancestorTitles":["AI Slide Generator","ai.generateSlides — tool context export"],"fullName":"AI Slide Generator ai.generateSlides — tool context export generates slides from structured tool data","status":"passed","title":"generates slides from structured tool data","duration":23.26531799999998,"failureMessages":[],"meta":{}},{"ancestorTitles":["AI Slide Generator","ai.generateSlides — tool context export"],"fullName":"AI Slide Generator ai.generateSlides — tool context export handles missing optional fields gracefully","status":"passed","title":"handles missing optional fields gracefully","duration":0.6427620000001752,"failureMessages":[],"meta":{}},{"ancestorTitles":["AI Slide Generator","ai.generateSlides — tool context export"],"fullName":"AI Slide Generator ai.generateSlides — tool context export validates slide count bounds","status":"passed","title":"validates slide count bounds","duration":3.5592639999999847,"failureMessages":[],"meta":{}},{"ancestorTitles":["AI Slide Generator","ai.generateSlides — tool context export"],"fullName":"AI Slide Generator ai.generateSlides — tool context export validates audience enum","status":"passed","title":"validates audience enum","duration":0.8240590000000338,"failureMessages":[],"meta":{}},{"ancestorTitles":["AI Slide Generator","ai.generateSlides — tool context export"],"fullName":"AI Slide Generator ai.generateSlides — tool context export returns correct layout types","status":"passed","title":"returns correct layout types","duration":1.3591679999999542,"failureMessages":[],"meta":{}},{"ancestorTitles":["AI Slide Generator","ai.generateSlidesFromPrompt — freeform generation"],"fullName":"AI Slide Generator ai.generateSlidesFromPrompt — freeform generation generates slides from a natural language prompt","status":"passed","title":"generates slides from a natural language prompt","duration":0.9643379999999979,"failureMessages":[],"meta":{}},{"ancestorTitles":["AI Slide Generator","ai.generateSlidesFromPrompt — freeform generation"],"fullName":"AI Slide Generator ai.generateSlidesFromPrompt — freeform generation accepts optional topic preset","status":"passed","title":"accepts optional topic preset","duration":0.5631889999999657,"failureMessages":[],"meta":{}},{"ancestorTitles":["AI Slide Generator","ai.generateSlidesFromPrompt — freeform generation"],"fullName":"AI Slide Generator ai.generateSlidesFromPrompt — freeform generation validates prompt minimum length","status":"passed","title":"validates prompt minimum length","duration":0.7775830000000497,"failureMessages":[],"meta":{}},{"ancestorTitles":["AI Slide Generator","ai.generateSlidesFromPrompt — freeform generation"],"fullName":"AI Slide Generator ai.generateSlidesFromPrompt — freeform generation validates prompt maximum length","status":"passed","title":"validates prompt maximum length","duration":0.832550000000083,"failureMessages":[],"meta":{}},{"ancestorTitles":["AI Slide Generator","ai.generateSlidesFromPrompt — freeform generation"],"fullName":"AI Slide Generator ai.generateSlidesFromPrompt — freeform generation handles all audience types","status":"passed","title":"handles all audience types","duration":0.7728819999999814,"failureMessages":[],"meta":{}},{"ancestorTitles":["AI Slide Generator","slide structure validation"],"fullName":"AI Slide Generator slide structure validation all slides have required fields","status":"passed","title":"all slides have required fields","duration":0.883493000000044,"failureMessages":[],"meta":{}},{"ancestorTitles":["AI Slide Generator","slide structure validation"],"fullName":"AI Slide Generator slide structure validation bullets are non-empty strings","status":"passed","title":"bullets are non-empty strings","duration":0.8227900000001682,"failureMessages":[],"meta":{}}],"startTime":1787812420710,"endTime":1787812420746.8228,"status":"passed","message":"","name":"/home/ubuntu/russell-capital-unified/server/ai-slides.test.ts"},{"assertionResults":[{"ancestorTitles":["Annuity Accumulation Database — Data Store"],"fullName":"Annuity Accumulation Database — Data Store US_STATES contains all 50 states + DC (51 entries)","status":"passed","title":"US_STATES contains all 50 states + DC (51 entries)","duration":3.6934610000000703,"failureMessages":[],"meta":{}},{"ancestorTitles":["Annuity Accumulation Database — Data Store"],"fullName":"Annuity Accumulation Database — Data Store getTopProductsForState returns up to 10 growth products for any state","status":"passed","title":"getTopProductsForState returns up to 10 growth products for any state","duration":3.403293000000076,"failureMessages":[],"meta":{}},{"ancestorTitles":["Annuity Accumulation Database — Data Store"],"fullName":"Annuity Accumulation Database — Data Store growth products for NY exclude products with NY in excludedStates","status":"passed","title":"growth products for NY exclude products with NY in excludedStates","duration":1.2577429999998913,"failureMessages":[],"meta":{}},{"ancestorTitles":["Annuity Accumulation Database — Data Store"],"fullName":"Annuity Accumulation Database — Data Store growth products have required fields for accumulation display","status":"passed","title":"growth products have required fields for accumulation display","duration":2.519290999999839,"failureMessages":[],"meta":{}},{"ancestorTitles":["Annuity Accumulation Database — Data Store"],"fullName":"Annuity Accumulation Database — Data Store getStateGuaranty returns valid guaranty data for each state","status":"passed","title":"getStateGuaranty returns valid guaranty data for each state","duration":0.9626200000000154,"failureMessages":[],"meta":{}},{"ancestorTitles":["Annuity Accumulation Database — Data Store"],"fullName":"Annuity Accumulation Database — Data Store getStateName returns correct state names","status":"passed","title":"getStateName returns correct state names","duration":0.4566029999998591,"failureMessages":[],"meta":{}},{"ancestorTitles":["Annuity Accumulation Database — Data Store"],"fullName":"Annuity Accumulation Database — Data Store getCarrierSplitRecommendation returns single carrier when under limit","status":"passed","title":"getCarrierSplitRecommendation returns single carrier when under limit","duration":26.254764999999907,"failureMessages":[],"meta":{}},{"ancestorTitles":["Annuity Accumulation Database — Data Store"],"fullName":"Annuity Accumulation Database — Data Store getCarrierSplitRecommendation recommends split when over limit","status":"passed","title":"getCarrierSplitRecommendation recommends split when over limit","duration":0.6780290000001514,"failureMessages":[],"meta":{}},{"ancestorTitles":["Annuity Accumulation Database — Data Store"],"fullName":"Annuity Accumulation Database — Data Store products are ranked in order (rank 1 first)","status":"passed","title":"products are ranked in order (rank 1 first)","duration":0.7808649999999489,"failureMessages":[],"meta":{}},{"ancestorTitles":["Annuity Accumulation Database — Managed Admin Gate"],"fullName":"Annuity Accumulation Database — Managed Admin Gate hiddenMaterial.verifyPassword confirms managed admin access","status":"passed","title":"hiddenMaterial.verifyPassword confirms managed admin access","duration":2.702587999999878,"failureMessages":[],"meta":{}},{"ancestorTitles":["Annuity Accumulation Database — Managed Admin Gate"],"fullName":"Annuity Accumulation Database — Managed Admin Gate legacy password values do not influence authorized admin access","status":"passed","title":"legacy password values do not influence authorized admin access","duration":24.333098999999947,"failureMessages":[],"meta":{}}],"startTime":1787812429745,"endTime":1787812429813.333,"status":"passed","message":"","name":"/home/ubuntu/russell-capital-unified/server/annuityAccumulationDB.test.ts"},{"assertionResults":[{"ancestorTitles":["auth.logout"],"fullName":"auth.logout clears the session cookie and reports success","status":"passed","title":"clears the session cookie and reports success","duration":4.5485459999999875,"failureMessages":[],"meta":{}}],"startTime":1787812437212,"endTime":1787812437216.5486,"status":"passed","message":"","name":"/home/ubuntu/russell-capital-unified/server/auth.logout.test.ts"},{"assertionResults":[{"ancestorTitles":["Auto-Login Bypass","Owner email detection"],"fullName":"Auto-Login Bypass Owner email detection should recognize the owner email (case-insensitive)","status":"passed","title":"should recognize the owner email (case-insensitive)","duration":1.8261779999999987,"failureMessages":[],"meta":{}},{"ancestorTitles":["Auto-Login Bypass","Owner email detection"],"fullName":"Auto-Login Bypass Owner email detection should reject non-owner emails","status":"passed","title":"should reject non-owner emails","duration":1.1023639999999943,"failureMessages":[],"meta":{}},{"ancestorTitles":["Auto-Login Bypass","Auto-login endpoint validation"],"fullName":"Auto-Login Bypass Auto-login endpoint validation should require email in request body","status":"passed","title":"should require email in request body","duration":0.30653599999999415,"failureMessages":[],"meta":{}},{"ancestorTitles":["Auto-Login Bypass","Auto-login endpoint validation"],"fullName":"Auto-Login Bypass Auto-login endpoint validation should only allow the owner email","status":"passed","title":"should only allow the owner email","duration":0.2925730000000044,"failureMessages":[],"meta":{}},{"ancestorTitles":["Auto-Login Bypass","Auto-login endpoint validation"],"fullName":"Auto-Login Bypass Auto-login endpoint validation should not require a password for the owner","status":"passed","title":"should not require a password for the owner","duration":0.768587999999994,"failureMessages":[],"meta":{}},{"ancestorTitles":["Auto-Login Bypass","Frontend login form behavior"],"fullName":"Auto-Login Bypass Frontend login form behavior should detect owner email and skip password field","status":"passed","title":"should detect owner email and skip password field","duration":0.27369099999998525,"failureMessages":[],"meta":{}},{"ancestorTitles":["Auto-Login Bypass","Frontend login form behavior"],"fullName":"Auto-Login Bypass Frontend login form behavior should show password field for non-owner emails","status":"passed","title":"should show password field for non-owner emails","duration":0.23031199999999785,"failureMessages":[],"meta":{}},{"ancestorTitles":["Auto-Login Bypass","Frontend login form behavior"],"fullName":"Auto-Login Bypass Frontend login form behavior should use /api/auto-login endpoint for owner, /api/trpc for others","status":"passed","title":"should use /api/auto-login endpoint for owner, /api/trpc for others","duration":0.24960000000001514,"failureMessages":[],"meta":{}},{"ancestorTitles":["Auto-Login Bypass","Session creation"],"fullName":"Auto-Login Bypass Session creation should create a 1-year session for the owner","status":"passed","title":"should create a 1-year session for the owner","duration":0.3751630000000148,"failureMessages":[],"meta":{}},{"ancestorTitles":["Auto-Login Bypass","Session creation"],"fullName":"Auto-Login Bypass Session creation should set the session cookie with correct name","status":"passed","title":"should set the session cookie with correct name","duration":0.236456000000004,"failureMessages":[],"meta":{}},{"ancestorTitles":["Auto-Login Bypass","Security"],"fullName":"Auto-Login Bypass Security should only allow the specific owner email, not partial matches","status":"passed","title":"should only allow the specific owner email, not partial matches","duration":0.3028419999999983,"failureMessages":[],"meta":{}},{"ancestorTitles":["Auto-Login Bypass","Security"],"fullName":"Auto-Login Bypass Security should not expose auto-login to other emails","status":"passed","title":"should not expose auto-login to other emails","duration":0.2227590000000248,"failureMessages":[],"meta":{}}],"startTime":1787812431824,"endTime":1787812431831.3027,"status":"passed","message":"","name":"/home/ubuntu/russell-capital-unified/server/autoLogin.test.ts"},{"assertionResults":[{"ancestorTitles":["Calendar Service"],"fullName":"Calendar Service should export all required functions","status":"passed","title":"should export all required functions","duration":9.639006999999992,"failureMessages":[],"meta":{}},{"ancestorTitles":["Calendar Service"],"fullName":"Calendar Service should handle MCP unavailability gracefully","status":"passed","title":"should handle MCP unavailability gracefully","duration":111.51707199999998,"failureMessages":[],"meta":{}},{"ancestorTitles":["Calendar Service"],"fullName":"Calendar Service should validate event creation parameters","status":"passed","title":"should validate event creation parameters","duration":117.80159099999997,"failureMessages":[],"meta":{}},{"ancestorTitles":["Report Generation"],"fullName":"Report Generation should define valid report section types","status":"passed","title":"should define valid report section types","duration":2.089306000000022,"failureMessages":[],"meta":{}},{"ancestorTitles":["Report Generation"],"fullName":"Report Generation should generate fallback HTML when LLM is unavailable","status":"passed","title":"should generate fallback HTML when LLM is unavailable","duration":21.20665299999996,"failureMessages":[],"meta":{}},{"ancestorTitles":["Report Generation"],"fullName":"Report Generation should limit bulk generation to 50 clients","status":"passed","title":"should limit bulk generation to 50 clients","duration":0.41811299999994844,"failureMessages":[],"meta":{}},{"ancestorTitles":["Error Tracking"],"fullName":"Error Tracking should structure error log data correctly","status":"passed","title":"should structure error log data correctly","duration":0.4865749999999025,"failureMessages":[],"meta":{}},{"ancestorTitles":["Error Tracking"],"fullName":"Error Tracking should truncate long stack traces","status":"passed","title":"should truncate long stack traces","duration":0.21785099999999602,"failureMessages":[],"meta":{}},{"ancestorTitles":["Error Tracking"],"fullName":"Error Tracking should handle error levels correctly","status":"passed","title":"should handle error levels correctly","duration":0.4216550000001007,"failureMessages":[],"meta":{}},{"ancestorTitles":["Error Tracking"],"fullName":"Error Tracking should allow public error reporting (no auth required)","status":"passed","title":"should allow public error reporting (no auth required)","duration":0.1802820000000338,"failureMessages":[],"meta":{}},{"ancestorTitles":["Deal Scoring"],"fullName":"Deal Scoring should calculate rule-based scores when LLM is unavailable","status":"passed","title":"should calculate rule-based scores when LLM is unavailable","duration":0.31320800000003146,"failureMessages":[],"meta":{}},{"ancestorTitles":["Deal Scoring"],"fullName":"Deal Scoring should limit scoring to 20 deals max","status":"passed","title":"should limit scoring to 20 deals max","duration":0.30459399999995185,"failureMessages":[],"meta":{}},{"ancestorTitles":["Deal Scoring"],"fullName":"Deal Scoring should persist score with required fields","status":"passed","title":"should persist score with required fields","duration":0.5441789999999855,"failureMessages":[],"meta":{}},{"ancestorTitles":["Monthly Report"],"fullName":"Monthly Report should format report content as markdown table","status":"passed","title":"should format report content as markdown table","duration":4.03018899999995,"failureMessages":[],"meta":{}},{"ancestorTitles":["Client Portal"],"fullName":"Client Portal should calculate scorecard correctly","status":"passed","title":"should calculate scorecard correctly","duration":0.28533900000002177,"failureMessages":[],"meta":{}},{"ancestorTitles":["Client Portal"],"fullName":"Client Portal should validate portal token format","status":"passed","title":"should validate portal token format","duration":0.21064900000010311,"failureMessages":[],"meta":{}},{"ancestorTitles":["Client Portal"],"fullName":"Client Portal should sanitize client data for portal view","status":"passed","title":"should sanitize client data for portal view","duration":0.6915099999999939,"failureMessages":[],"meta":{}},{"ancestorTitles":["Calculator Integration"],"fullName":"Calculator Integration should define all strategy types for cross-calculator sync","status":"passed","title":"should define all strategy types for cross-calculator sync","duration":0.19489800000008017,"failureMessages":[],"meta":{}},{"ancestorTitles":["Calculator Integration"],"fullName":"Calculator Integration should structure comparison slot data correctly","status":"passed","title":"should structure comparison slot data correctly","duration":0.5290340000000242,"failureMessages":[],"meta":{}}],"startTime":1787812415530,"endTime":1787812415802.529,"status":"passed","message":"","name":"/home/ubuntu/russell-capital-unified/server/batch7Features.test.ts"},{"assertionResults":[{"ancestorTitles":["Batch 8 — Wire remaining 4 experience pages","Endgame"],"fullName":"Batch 8 — Wire remaining 4 experience pages Endgame exports a default component","status":"passed","title":"exports a default component","duration":833.6409060000001,"failureMessages":[],"meta":{}},{"ancestorTitles":["Batch 8 — Wire remaining 4 experience pages","Endgame"],"fullName":"Batch 8 — Wire remaining 4 experience pages Endgame imports useCalculatorIntegration","status":"passed","title":"imports useCalculatorIntegration","duration":0.39846699999998236,"failureMessages":[],"meta":{}},{"ancestorTitles":["Batch 8 — Wire remaining 4 experience pages","Endgame"],"fullName":"Batch 8 — Wire remaining 4 experience pages Endgame imports ClientSelectorBar","status":"passed","title":"imports ClientSelectorBar","duration":0.1751409999999396,"failureMessages":[],"meta":{}},{"ancestorTitles":["Batch 8 — Wire remaining 4 experience pages","Endgame"],"fullName":"Batch 8 — Wire remaining 4 experience pages Endgame imports CalculationSyncBar","status":"passed","title":"imports CalculationSyncBar","duration":0.1703419999998914,"failureMessages":[],"meta":{}},{"ancestorTitles":["Batch 8 — Wire remaining 4 experience pages","Endgame"],"fullName":"Batch 8 — Wire remaining 4 experience pages Endgame uses strategyType \"endgame\"","status":"passed","title":"uses strategyType \"endgame\"","duration":0.26725600000008853,"failureMessages":[],"meta":{}},{"ancestorTitles":["Batch 8 — Wire remaining 4 experience pages","Endgame"],"fullName":"Batch 8 — Wire remaining 4 experience pages Endgame renders ClientSelectorBar component","status":"passed","title":"renders ClientSelectorBar component","duration":0.22702400000002854,"failureMessages":[],"meta":{}},{"ancestorTitles":["Batch 8 — Wire remaining 4 experience pages","Endgame"],"fullName":"Batch 8 — Wire remaining 4 experience pages Endgame renders CalculationSyncBar component","status":"passed","title":"renders CalculationSyncBar component","duration":0.16108200000007855,"failureMessages":[],"meta":{}},{"ancestorTitles":["Batch 8 — Wire remaining 4 experience pages","Endgame"],"fullName":"Batch 8 — Wire remaining 4 experience pages Endgame passes calcIntegration props to ClientSelectorBar","status":"passed","title":"passes calcIntegration props to ClientSelectorBar","duration":0.233592999999928,"failureMessages":[],"meta":{}},{"ancestorTitles":["Batch 8 — Wire remaining 4 experience pages","LiveCoPilot"],"fullName":"Batch 8 — Wire remaining 4 experience pages LiveCoPilot exports a default component","status":"passed","title":"exports a default component","duration":3.118842000000086,"failureMessages":[],"meta":{}},{"ancestorTitles":["Batch 8 — Wire remaining 4 experience pages","LiveCoPilot"],"fullName":"Batch 8 — Wire remaining 4 experience pages LiveCoPilot imports useCalculatorIntegration","status":"passed","title":"imports useCalculatorIntegration","duration":0.23524199999997109,"failureMessages":[],"meta":{}},{"ancestorTitles":["Batch 8 — Wire remaining 4 experience pages","LiveCoPilot"],"fullName":"Batch 8 — Wire remaining 4 experience pages LiveCoPilot imports ClientSelectorBar","status":"passed","title":"imports ClientSelectorBar","duration":0.121614000000136,"failureMessages":[],"meta":{}},{"ancestorTitles":["Batch 8 — Wire remaining 4 experience pages","LiveCoPilot"],"fullName":"Batch 8 — Wire remaining 4 experience pages LiveCoPilot imports CalculationSyncBar","status":"passed","title":"imports CalculationSyncBar","duration":0.09991899999999987,"failureMessages":[],"meta":{}},{"ancestorTitles":["Batch 8 — Wire remaining 4 experience pages","LiveCoPilot"],"fullName":"Batch 8 — Wire remaining 4 experience pages LiveCoPilot uses strategyType \"live-copilot\"","status":"passed","title":"uses strategyType \"live-copilot\"","duration":0.1005560000000969,"failureMessages":[],"meta":{}},{"ancestorTitles":["Batch 8 — Wire remaining 4 experience pages","LiveCoPilot"],"fullName":"Batch 8 — Wire remaining 4 experience pages LiveCoPilot renders ClientSelectorBar component","status":"passed","title":"renders ClientSelectorBar component","duration":0.09466999999995096,"failureMessages":[],"meta":{}},{"ancestorTitles":["Batch 8 — Wire remaining 4 experience pages","LiveCoPilot"],"fullName":"Batch 8 — Wire remaining 4 experience pages LiveCoPilot renders CalculationSyncBar component","status":"passed","title":"renders CalculationSyncBar component","duration":0.10448900000005779,"failureMessages":[],"meta":{}},{"ancestorTitles":["Batch 8 — Wire remaining 4 experience pages","LiveCoPilot"],"fullName":"Batch 8 — Wire remaining 4 experience pages LiveCoPilot passes calcIntegration props to ClientSelectorBar","status":"passed","title":"passes calcIntegration props to ClientSelectorBar","duration":0.1363969999999881,"failureMessages":[],"meta":{}},{"ancestorTitles":["Batch 8 — Wire remaining 4 experience pages","SocialNarcotic"],"fullName":"Batch 8 — Wire remaining 4 experience pages SocialNarcotic exports a default component","status":"passed","title":"exports a default component","duration":25.615338000000065,"failureMessages":[],"meta":{}},{"ancestorTitles":["Batch 8 — Wire remaining 4 experience pages","SocialNarcotic"],"fullName":"Batch 8 — Wire remaining 4 experience pages SocialNarcotic imports useCalculatorIntegration","status":"passed","title":"imports useCalculatorIntegration","duration":0.1367330000000493,"failureMessages":[],"meta":{}},{"ancestorTitles":["Batch 8 — Wire remaining 4 experience pages","SocialNarcotic"],"fullName":"Batch 8 — Wire remaining 4 experience pages SocialNarcotic imports ClientSelectorBar","status":"passed","title":"imports ClientSelectorBar","duration":0.1008839999999509,"failureMessages":[],"meta":{}},{"ancestorTitles":["Batch 8 — Wire remaining 4 experience pages","SocialNarcotic"],"fullName":"Batch 8 — Wire remaining 4 experience pages SocialNarcotic imports CalculationSyncBar","status":"passed","title":"imports CalculationSyncBar","duration":0.09926799999993818,"failureMessages":[],"meta":{}},{"ancestorTitles":["Batch 8 — Wire remaining 4 experience pages","SocialNarcotic"],"fullName":"Batch 8 — Wire remaining 4 experience pages SocialNarcotic uses strategyType \"social-narcotic\"","status":"passed","title":"uses strategyType \"social-narcotic\"","duration":0.11204400000019632,"failureMessages":[],"meta":{}},{"ancestorTitles":["Batch 8 — Wire remaining 4 experience pages","SocialNarcotic"],"fullName":"Batch 8 — Wire remaining 4 experience pages SocialNarcotic renders ClientSelectorBar component","status":"passed","title":"renders ClientSelectorBar component","duration":0.10290699999995923,"failureMessages":[],"meta":{}},{"ancestorTitles":["Batch 8 — Wire remaining 4 experience pages","SocialNarcotic"],"fullName":"Batch 8 — Wire remaining 4 experience pages SocialNarcotic renders CalculationSyncBar component","status":"passed","title":"renders CalculationSyncBar component","duration":0.09833800000001247,"failureMessages":[],"meta":{}},{"ancestorTitles":["Batch 8 — Wire remaining 4 experience pages","SocialNarcotic"],"fullName":"Batch 8 — Wire remaining 4 experience pages SocialNarcotic passes calcIntegration props to ClientSelectorBar","status":"passed","title":"passes calcIntegration props to ClientSelectorBar","duration":0.1520780000000741,"failureMessages":[],"meta":{}},{"ancestorTitles":["Batch 8 — Wire remaining 4 experience pages","WarRoom"],"fullName":"Batch 8 — Wire remaining 4 experience pages WarRoom exports a default component","status":"passed","title":"exports a default component","duration":30.17513800000006,"failureMessages":[],"meta":{}},{"ancestorTitles":["Batch 8 — Wire remaining 4 experience pages","WarRoom"],"fullName":"Batch 8 — Wire remaining 4 experience pages WarRoom imports useCalculatorIntegration","status":"passed","title":"imports useCalculatorIntegration","duration":0.12256800000000112,"failureMessages":[],"meta":{}},{"ancestorTitles":["Batch 8 — Wire remaining 4 experience pages","WarRoom"],"fullName":"Batch 8 — Wire remaining 4 experience pages WarRoom imports ClientSelectorBar","status":"passed","title":"imports ClientSelectorBar","duration":0.09858699999995224,"failureMessages":[],"meta":{}},{"ancestorTitles":["Batch 8 — Wire remaining 4 experience pages","WarRoom"],"fullName":"Batch 8 — Wire remaining 4 experience pages WarRoom imports CalculationSyncBar","status":"passed","title":"imports CalculationSyncBar","duration":0.09436700000014753,"failureMessages":[],"meta":{}},{"ancestorTitles":["Batch 8 — Wire remaining 4 experience pages","WarRoom"],"fullName":"Batch 8 — Wire remaining 4 experience pages WarRoom uses strategyType \"war-room\"","status":"passed","title":"uses strategyType \"war-room\"","duration":0.10939699999994446,"failureMessages":[],"meta":{}},{"ancestorTitles":["Batch 8 — Wire remaining 4 experience pages","WarRoom"],"fullName":"Batch 8 — Wire remaining 4 experience pages WarRoom renders ClientSelectorBar component","status":"passed","title":"renders ClientSelectorBar component","duration":0.09983199999987846,"failureMessages":[],"meta":{}},{"ancestorTitles":["Batch 8 — Wire remaining 4 experience pages","WarRoom"],"fullName":"Batch 8 — Wire remaining 4 experience pages WarRoom renders CalculationSyncBar component","status":"passed","title":"renders CalculationSyncBar component","duration":0.09909700000002886,"failureMessages":[],"meta":{}},{"ancestorTitles":["Batch 8 — Wire remaining 4 experience pages","WarRoom"],"fullName":"Batch 8 — Wire remaining 4 experience pages WarRoom passes calcIntegration props to ClientSelectorBar","status":"passed","title":"passes calcIntegration props to ClientSelectorBar","duration":0.36706500000013875,"failureMessages":[],"meta":{}},{"ancestorTitles":["Batch 8 — Wire remaining 4 experience pages","StrategyContext includes new types"],"fullName":"Batch 8 — Wire remaining 4 experience pages StrategyContext includes new types STRATEGY_LABELS includes live-copilot, social-narcotic, war-room","status":"passed","title":"STRATEGY_LABELS includes live-copilot, social-narcotic, war-room","duration":0.31208799999990333,"failureMessages":[],"meta":{}},{"ancestorTitles":["Batch 8 — Wire remaining 4 experience pages","StrategyContext includes new types"],"fullName":"Batch 8 — Wire remaining 4 experience pages StrategyContext includes new types STRATEGY_COLORS includes live-copilot, social-narcotic, war-room","status":"passed","title":"STRATEGY_COLORS includes live-copilot, social-narcotic, war-room","duration":0.2536089999998694,"failureMessages":[],"meta":{}},{"ancestorTitles":["Batch 8 — Wire remaining 4 experience pages","StrategyContext includes new types"],"fullName":"Batch 8 — Wire remaining 4 experience pages StrategyContext includes new types STRATEGY_PATHS includes live-copilot, social-narcotic, war-room","status":"passed","title":"STRATEGY_PATHS includes live-copilot, social-narcotic, war-room","duration":0.26054400000020905,"failureMessages":[],"meta":{}},{"ancestorTitles":["Batch 8 — Wire remaining 4 experience pages","GenerateOutcomeTab wiring"],"fullName":"Batch 8 — Wire remaining 4 experience pages GenerateOutcomeTab wiring SocialNarcotic has GenerateOutcomeTab","status":"passed","title":"SocialNarcotic has GenerateOutcomeTab","duration":0.4590040000000499,"failureMessages":[],"meta":{}},{"ancestorTitles":["Batch 8 — Wire remaining 4 experience pages","GenerateOutcomeTab wiring"],"fullName":"Batch 8 — Wire remaining 4 experience pages GenerateOutcomeTab wiring WarRoom has GenerateOutcomeTab","status":"passed","title":"WarRoom has GenerateOutcomeTab","duration":0.3396580000000995,"failureMessages":[],"meta":{}},{"ancestorTitles":["Batch 8 — Wire remaining 4 experience pages","GenerateOutcomeTab wiring"],"fullName":"Batch 8 — Wire remaining 4 experience pages GenerateOutcomeTab wiring Endgame has GenerateOutcomeTab","status":"passed","title":"Endgame has GenerateOutcomeTab","duration":0.3465049999999792,"failureMessages":[],"meta":{}}],"startTime":1787812430677,"endTime":1787812431577.3464,"status":"passed","message":"","name":"/home/ubuntu/russell-capital-unified/server/batch8-wiring.test.ts"},{"assertionResults":[{"ancestorTitles":["LiveCoPilot — Real LLM Integration"],"fullName":"LiveCoPilot — Real LLM Integration should have a liveCoPilot router in appRouter","status":"passed","title":"should have a liveCoPilot router in appRouter","duration":1.6254159999999729,"failureMessages":[],"meta":{}},{"ancestorTitles":["LiveCoPilot — Real LLM Integration"],"fullName":"LiveCoPilot — Real LLM Integration should have a chat mutation that calls invokeLLM","status":"passed","title":"should have a chat mutation that calls invokeLLM","duration":0.5748849999999948,"failureMessages":[],"meta":{}},{"ancestorTitles":["LiveCoPilot — Real LLM Integration"],"fullName":"LiveCoPilot — Real LLM Integration should accept messages array and mode in the chat mutation","status":"passed","title":"should accept messages array and mode in the chat mutation","duration":0.8512410000000159,"failureMessages":[],"meta":{}},{"ancestorTitles":["LiveCoPilot — Real LLM Integration"],"fullName":"LiveCoPilot — Real LLM Integration frontend should use trpc.liveCoPilot.chat mutation","status":"passed","title":"frontend should use trpc.liveCoPilot.chat mutation","duration":0.18981400000001258,"failureMessages":[],"meta":{}},{"ancestorTitles":["LiveCoPilot — Real LLM Integration"],"fullName":"LiveCoPilot — Real LLM Integration frontend should NOT have hardcoded canned responses","status":"passed","title":"frontend should NOT have hardcoded canned responses","duration":0.30114800000001196,"failureMessages":[],"meta":{}},{"ancestorTitles":["LiveCoPilot — Real LLM Integration"],"fullName":"LiveCoPilot — Real LLM Integration frontend should render messages with whitespace-pre-wrap for formatting","status":"passed","title":"frontend should render messages with whitespace-pre-wrap for formatting","duration":0.20130000000000337,"failureMessages":[],"meta":{}},{"ancestorTitles":["WarRoom — Database Persistence"],"fullName":"WarRoom — Database Persistence should have predictionQuestions table in schema","status":"passed","title":"should have predictionQuestions table in schema","duration":0.5716669999999908,"failureMessages":[],"meta":{}},{"ancestorTitles":["WarRoom — Database Persistence"],"fullName":"WarRoom — Database Persistence should have warStories table in schema","status":"passed","title":"should have warStories table in schema","duration":0.24745599999999968,"failureMessages":[],"meta":{}},{"ancestorTitles":["WarRoom — Database Persistence"],"fullName":"WarRoom — Database Persistence should have predictionBets table in schema","status":"passed","title":"should have predictionBets table in schema","duration":0.32318600000002107,"failureMessages":[],"meta":{}},{"ancestorTitles":["WarRoom — Database Persistence"],"fullName":"WarRoom — Database Persistence frontend should use trpc for war stories CRUD","status":"passed","title":"frontend should use trpc for war stories CRUD","duration":0.25800399999997126,"failureMessages":[],"meta":{}},{"ancestorTitles":["WarRoom — Database Persistence"],"fullName":"WarRoom — Database Persistence frontend should use trpc for prediction questions","status":"passed","title":"frontend should use trpc for prediction questions","duration":0.14377400000000762,"failureMessages":[],"meta":{}},{"ancestorTitles":["WarRoom — Database Persistence"],"fullName":"WarRoom — Database Persistence frontend should use trpc for prediction votes","status":"passed","title":"frontend should use trpc for prediction votes","duration":0.1267560000000003,"failureMessages":[],"meta":{}},{"ancestorTitles":["WarRoom — Database Persistence"],"fullName":"WarRoom — Database Persistence frontend should NOT have hardcoded mock war stories","status":"passed","title":"frontend should NOT have hardcoded mock war stories","duration":0.1740970000000175,"failureMessages":[],"meta":{}},{"ancestorTitles":["Open Access — All Users Get Full Access"],"fullName":"Open Access — All Users Get Full Access canAccess should be derived from managed authentication","status":"passed","title":"canAccess should be derived from managed authentication","duration":0.17399199999999837,"failureMessages":[],"meta":{}},{"ancestorTitles":["Open Access — All Users Get Full Access"],"fullName":"Open Access — All Users Get Full Access session expiry should be managed by OAuth rather than a client timer","status":"passed","title":"session expiry should be managed by OAuth rather than a client timer","duration":0.15865199999996094,"failureMessages":[],"meta":{}},{"ancestorTitles":["Open Access — All Users Get Full Access"],"fullName":"Open Access — All Users Get Full Access SubscriptionGuard should NOT show trial banner","status":"passed","title":"SubscriptionGuard should NOT show trial banner","duration":0.18338299999999208,"failureMessages":[],"meta":{}},{"ancestorTitles":["Open Access — All Users Get Full Access"],"fullName":"Open Access — All Users Get Full Access SubscriptionGuard should NOT show trial expired screen","status":"passed","title":"SubscriptionGuard should NOT show trial expired screen","duration":0.16292600000002722,"failureMessages":[],"meta":{}},{"ancestorTitles":["Open Access — All Users Get Full Access"],"fullName":"Open Access — All Users Get Full Access slide generation limit should be effectively unlimited (999)","status":"passed","title":"slide generation limit should be effectively unlimited (999)","duration":0.11902499999996508,"failureMessages":[],"meta":{}},{"ancestorTitles":["Open Access — All Users Get Full Access"],"fullName":"Open Access — All Users Get Full Access server should not block trial users from logging in","status":"passed","title":"server should not block trial users from logging in","duration":0.1831380000000422,"failureMessages":[],"meta":{}},{"ancestorTitles":["Open Access — All Users Get Full Access"],"fullName":"Open Access — All Users Get Full Access heartbeat should require managed authentication","status":"passed","title":"heartbeat should require managed authentication","duration":0.28760699999997996,"failureMessages":[],"meta":{}},{"ancestorTitles":["Open Access — All Users Get Full Access"],"fullName":"Open Access — All Users Get Full Access passwordGate should be retired in favor of secure sign in","status":"passed","title":"passwordGate should be retired in favor of secure sign in","duration":0.17134000000004335,"failureMessages":[],"meta":{}},{"ancestorTitles":["Open Access — All Users Get Full Access"],"fullName":"Open Access — All Users Get Full Access executive access should use managed OAuth with no bypass endpoint","status":"passed","title":"executive access should use managed OAuth with no bypass endpoint","duration":0.14824099999998452,"failureMessages":[],"meta":{}},{"ancestorTitles":["HeyGen — Quota Endpoint Fix"],"fullName":"HeyGen — Quota Endpoint Fix should use v2 API for quota endpoint","status":"passed","title":"should use v2 API for quota endpoint","duration":0.15651800000000549,"failureMessages":[],"meta":{}},{"ancestorTitles":["HeyGen — Quota Endpoint Fix"],"fullName":"HeyGen — Quota Endpoint Fix should handle v2 quota response with details","status":"passed","title":"should handle v2 quota response with details","duration":0.13874800000002097,"failureMessages":[],"meta":{}},{"ancestorTitles":["HeyGen — Quota Endpoint Fix"],"fullName":"HeyGen — Quota Endpoint Fix should sum generative and plan credits when remaining_quota is 0","status":"passed","title":"should sum generative and plan credits when remaining_quota is 0","duration":0.1491619999999898,"failureMessages":[],"meta":{}},{"ancestorTitles":["Strategy Types — New Experience Pages"],"fullName":"Strategy Types — New Experience Pages should include live-copilot strategy type","status":"passed","title":"should include live-copilot strategy type","duration":0.12112600000000384,"failureMessages":[],"meta":{}},{"ancestorTitles":["Strategy Types — New Experience Pages"],"fullName":"Strategy Types — New Experience Pages should include social-narcotic strategy type","status":"passed","title":"should include social-narcotic strategy type","duration":0.11926400000004378,"failureMessages":[],"meta":{}},{"ancestorTitles":["Strategy Types — New Experience Pages"],"fullName":"Strategy Types — New Experience Pages should include war-room strategy type","status":"passed","title":"should include war-room strategy type","duration":0.11155100000001994,"failureMessages":[],"meta":{}},{"ancestorTitles":["Strategy Types — New Experience Pages"],"fullName":"Strategy Types — New Experience Pages should have labels for all new strategy types","status":"passed","title":"should have labels for all new strategy types","duration":0.19760199999996075,"failureMessages":[],"meta":{}}],"startTime":1787812425479,"endTime":1787812425488.1975,"status":"passed","message":"","name":"/home/ubuntu/russell-capital-unified/server/batch9-features.test.ts"},{"assertionResults":[{"ancestorTitles":["client and dashboard UI integration"],"fullName":"client and dashboard UI integration loads the client directory and detail modules","status":"passed","title":"loads the client directory and detail modules","duration":881.473628,"failureMessages":[],"meta":{}},{"ancestorTitles":["client and dashboard UI integration"],"fullName":"client and dashboard UI integration wires the directory to real client list and create procedures with complete states","status":"passed","title":"wires the directory to real client list and create procedures with complete states","duration":1.1500120000000607,"failureMessages":[],"meta":{}},{"ancestorTitles":["client and dashboard UI integration"],"fullName":"client and dashboard UI integration wires profile load and update to persistence confirmation after refetch","status":"passed","title":"wires profile load and update to persistence confirmation after refetch","duration":1.033284999999978,"failureMessages":[],"meta":{}},{"ancestorTitles":["client and dashboard UI integration"],"fullName":"client and dashboard UI integration handles every dashboard source as loading, empty, or failed and omits live AUM","status":"passed","title":"handles every dashboard source as loading, empty, or failed and omits live AUM","duration":1.0053060000000187,"failureMessages":[],"meta":{}},{"ancestorTitles":["client and dashboard UI integration"],"fullName":"client and dashboard UI integration keeps actual client procedures protected and workspace-scoped","status":"passed","title":"keeps actual client procedures protected and workspace-scoped","duration":2.4866860000001907,"failureMessages":[],"meta":{}}],"startTime":1787812432474,"endTime":1787812433360.4866,"status":"passed","message":"","name":"/home/ubuntu/russell-capital-unified/server/client-dashboard-ui.integration.test.ts"},{"assertionResults":[{"ancestorTitles":["client workflow persistence"],"fullName":"client workflow persistence creates, reads, and updates a client inside a rolled-back transaction","status":"passed","title":"creates, reads, and updates a client inside a rolled-back transaction","duration":396.78667699999994,"failureMessages":[],"meta":{}}],"startTime":1787812436471,"endTime":1787812436867.7866,"status":"passed","message":"","name":"/home/ubuntu/russell-capital-unified/server/client-workflow.integration.test.ts"},{"assertionResults":[{"ancestorTitles":["complianceTracking","hasSignedThisSession"],"fullName":"complianceTracking hasSignedThisSession returns signed: false when no session exists","status":"passed","title":"returns signed: false when no session exists","duration":344.9900869999999,"failureMessages":[],"meta":{}},{"ancestorTitles":["complianceTracking","sign"],"fullName":"complianceTracking sign creates a compliance signature and session","status":"passed","title":"creates a compliance signature and session","duration":64.05836399999998,"failureMessages":[],"meta":{}},{"ancestorTitles":["complianceTracking","logPageVisit"],"fullName":"complianceTracking logPageVisit logs a page visit for an active session","status":"passed","title":"logs a page visit for an active session","duration":83.76237100000003,"failureMessages":[],"meta":{}},{"ancestorTitles":["complianceTracking","endSession"],"fullName":"complianceTracking endSession ends an active session","status":"passed","title":"ends an active session","duration":90.15526599999998,"failureMessages":[],"meta":{}},{"ancestorTitles":["websiteUsage","managed authorization"],"fullName":"websiteUsage managed authorization rejects non-admin users","status":"passed","title":"rejects non-admin users","duration":2.2694390000001476,"failureMessages":[],"meta":{}},{"ancestorTitles":["websiteUsage","managed authorization"],"fullName":"websiteUsage managed authorization accepts an authenticated managed admin without a secondary password","status":"passed","title":"accepts an authenticated managed admin without a secondary password","duration":0.6025200000001405,"failureMessages":[],"meta":{}},{"ancestorTitles":["websiteUsage","getSummary"],"fullName":"websiteUsage getSummary rejects non-admin users","status":"passed","title":"rejects non-admin users","duration":0.5520050000000083,"failureMessages":[],"meta":{}},{"ancestorTitles":["websiteUsage","getSummary"],"fullName":"websiteUsage getSummary returns summary stats for a managed admin","status":"passed","title":"returns summary stats for a managed admin","duration":15.664058000000068,"failureMessages":[],"meta":{}},{"ancestorTitles":["websiteUsage","listUsers"],"fullName":"websiteUsage listUsers returns a list of users for a managed admin","status":"passed","title":"returns a list of users for a managed admin","duration":7.83174699999995,"failureMessages":[],"meta":{}}],"startTime":1787812429766,"endTime":1787812430377.8318,"status":"passed","message":"","name":"/home/ubuntu/russell-capital-unified/server/complianceTracking.test.ts"},{"assertionResults":[{"ancestorTitles":["core portal table bootstrap"],"fullName":"core portal table bootstrap contains the exact reviewed 24-table creation list","status":"passed","title":"contains the exact reviewed 24-table creation list","duration":2.414217000000008,"failureMessages":[],"meta":{}},{"ancestorTitles":["core portal table bootstrap"],"fullName":"core portal table bootstrap queries every bootstrapped table without inserting data","status":"passed","title":"queries every bootstrapped table without inserting data","duration":488.55773600000003,"failureMessages":[],"meta":{}}],"startTime":1787812437083,"endTime":1787812437573.5576,"status":"passed","message":"","name":"/home/ubuntu/russell-capital-unified/server/core-table-queryability.test.ts"},{"assertionResults":[{"ancestorTitles":["Crypto Cycle Engine"],"fullName":"Crypto Cycle Engine has correct historical cycle data","status":"passed","title":"has correct historical cycle data","duration":1.8107550000000003,"failureMessages":[],"meta":{}},{"ancestorTitles":["Crypto Cycle Engine"],"fullName":"Crypto Cycle Engine calculates correct drawdown percentages","status":"passed","title":"calculates correct drawdown percentages","duration":0.5670900000000074,"failureMessages":[],"meta":{}},{"ancestorTitles":["Crypto Cycle Engine"],"fullName":"Crypto Cycle Engine predicts future cycles","status":"passed","title":"predicts future cycles","duration":1.3025510000000224,"failureMessages":[],"meta":{}},{"ancestorTitles":["Crypto Cycle Engine"],"fullName":"Crypto Cycle Engine runs accumulation simulation with default inputs","status":"passed","title":"runs accumulation simulation with default inputs","duration":2.1215779999999995,"failureMessages":[],"meta":{}},{"ancestorTitles":["Crypto Cycle Engine"],"fullName":"Crypto Cycle Engine generates real estate spreadsheets with correct structure","status":"passed","title":"generates real estate spreadsheets with correct structure","duration":0.7233679999999936,"failureMessages":[],"meta":{}},{"ancestorTitles":["Crypto Cycle Engine"],"fullName":"Crypto Cycle Engine thirty year synthesis tracks all properties","status":"passed","title":"thirty year synthesis tracks all properties","duration":0.616862999999995,"failureMessages":[],"meta":{}}],"startTime":1787812432060,"endTime":1787812432067.617,"status":"passed","message":"","name":"/home/ubuntu/russell-capital-unified/server/cryptoCycle.test.ts"},{"assertionResults":[{"ancestorTitles":["strategies.json data integrity"],"fullName":"strategies.json data integrity has exactly 100 strategies","status":"passed","title":"has exactly 100 strategies","duration":2.1815520000000106,"failureMessages":[],"meta":{}},{"ancestorTitles":["strategies.json data integrity"],"fullName":"strategies.json data integrity each strategy has required fields","status":"passed","title":"each strategy has required fields","duration":17.88450499999999,"failureMessages":[],"meta":{}},{"ancestorTitles":["strategies.json data integrity"],"fullName":"strategies.json data integrity all net worths are between $4M and $50M (randomized, independent)","status":"passed","title":"all net worths are between $4M and $50M (randomized, independent)","duration":4.182010999999989,"failureMessages":[],"meta":{}},{"ancestorTitles":["strategies.json data integrity"],"fullName":"strategies.json data integrity net worths are NOT sequential/chained — they vary wildly","status":"passed","title":"net worths are NOT sequential/chained — they vary wildly","duration":0.7608880000000227,"failureMessages":[],"meta":{}},{"ancestorTitles":["strategies.json data integrity"],"fullName":"strategies.json data integrity net worths have real variety (std dev > $5M)","status":"passed","title":"net worths have real variety (std dev > $5M)","duration":0.5226579999999785,"failureMessages":[],"meta":{}},{"ancestorTitles":["strategies.json data integrity"],"fullName":"strategies.json data integrity each strategy has unique family names","status":"passed","title":"each strategy has unique family names","duration":0.47683200000005854,"failureMessages":[],"meta":{}},{"ancestorTitles":["strategies.json data integrity"],"fullName":"strategies.json data integrity each strategy has house value, original mortgage, and home equity","status":"passed","title":"each strategy has house value, original mortgage, and home equity","duration":5.518374999999992,"failureMessages":[],"meta":{}},{"ancestorTitles":["strategies.json data integrity"],"fullName":"strategies.json data integrity each strategy has 5-12 financial steps with aggressive deployments","status":"passed","title":"each strategy has 5-12 financial steps with aggressive deployments","duration":87.86146099999996,"failureMessages":[],"meta":{}},{"ancestorTitles":["strategies.json data integrity"],"fullName":"strategies.json data integrity each step has HELOC draw and mortgage balance fields","status":"passed","title":"each step has HELOC draw and mortgage balance fields","duration":42.803809,"failureMessages":[],"meta":{}},{"ancestorTitles":["strategies.json data integrity"],"fullName":"strategies.json data integrity every strategy ends with mortgage at $0 (paid off)","status":"passed","title":"every strategy ends with mortgage at $0 (paid off)","duration":1.5521730000000389,"failureMessages":[],"meta":{}},{"ancestorTitles":["strategies.json data integrity"],"fullName":"strategies.json data integrity finalNetWorth equals the last step's netWorthAfter","status":"passed","title":"finalNetWorth equals the last step's netWorthAfter","duration":1.3628039999999828,"failureMessages":[],"meta":{}},{"ancestorTitles":["strategies.json data integrity"],"fullName":"strategies.json data integrity totalTaxSaved is the sum of all step taxSaved values","status":"passed","title":"totalTaxSaved is the sum of all step taxSaved values","duration":1.3553000000000566,"failureMessages":[],"meta":{}},{"ancestorTitles":["strategies.json data integrity"],"fullName":"strategies.json data integrity average deployment per step is above $750K","status":"passed","title":"average deployment per step is above $750K","duration":0.29298500000004424,"failureMessages":[],"meta":{}},{"ancestorTitles":["combos.json data integrity"],"fullName":"combos.json data integrity has exactly 100 combos","status":"passed","title":"has exactly 100 combos","duration":0.30451400000004014,"failureMessages":[],"meta":{}},{"ancestorTitles":["combos.json data integrity"],"fullName":"combos.json data integrity each combo has required fields","status":"passed","title":"each combo has required fields","duration":11.146674000000075,"failureMessages":[],"meta":{}},{"ancestorTitles":["combos.json data integrity"],"fullName":"combos.json data integrity each combo has unique family names","status":"passed","title":"each combo has unique family names","duration":0.264632000000006,"failureMessages":[],"meta":{}},{"ancestorTitles":["combos.json data integrity"],"fullName":"combos.json data integrity each combo has 8-12 sequential steps with financial data","status":"passed","title":"each combo has 8-12 sequential steps with financial data","duration":62.232889000000114,"failureMessages":[],"meta":{}}],"startTime":1787812428069,"endTime":1787812428310.233,"status":"passed","message":"","name":"/home/ubuntu/russell-capital-unified/server/data-integrity.test.ts"},{"assertionResults":[{"ancestorTitles":["Data Isolation: Workspace Ownership Verification"],"fullName":"Data Isolation: Workspace Ownership Verification should find client-accessing procedures in the codebase","status":"passed","title":"should find client-accessing procedures in the codebase","duration":1.579402000000016,"failureMessages":[],"meta":{}},{"ancestorTitles":["Data Isolation: Workspace Ownership Verification"],"fullName":"Data Isolation: Workspace Ownership Verification every procedure accessing clientId MUST verify workspace ownership","status":"passed","title":"every procedure accessing clientId MUST verify workspace ownership","duration":1.2340560000000096,"failureMessages":[],"meta":{}},{"ancestorTitles":["Data Isolation: No Direct DB Queries Without Workspace Filter"],"fullName":"Data Isolation: No Direct DB Queries Without Workspace Filter should not have unscoped clientId queries in inline DB calls","status":"passed","title":"should not have unscoped clientId queries in inline DB calls","duration":2.5079829999999674,"failureMessages":[],"meta":{}},{"ancestorTitles":["Data Isolation: DB Helper Functions Accept Workspace Parameter"],"fullName":"Data Isolation: DB Helper Functions Accept Workspace Parameter getStrategiesByClient should accept workspaceId parameter","status":"passed","title":"getStrategiesByClient should accept workspaceId parameter","duration":0.6180029999999874,"failureMessages":[],"meta":{}},{"ancestorTitles":["Data Isolation: DB Helper Functions Accept Workspace Parameter"],"fullName":"Data Isolation: DB Helper Functions Accept Workspace Parameter acknowledgeRebalanceAlert should accept workspaceId parameter","status":"passed","title":"acknowledgeRebalanceAlert should accept workspaceId parameter","duration":0.412208000000021,"failureMessages":[],"meta":{}},{"ancestorTitles":["Data Isolation: DB Helper Functions Accept Workspace Parameter"],"fullName":"Data Isolation: DB Helper Functions Accept Workspace Parameter resolveRebalanceAlert should accept workspaceId parameter","status":"passed","title":"resolveRebalanceAlert should accept workspaceId parameter","duration":0.3393809999999462,"failureMessages":[],"meta":{}},{"ancestorTitles":["Data Isolation: DB Helper Functions Accept Workspace Parameter"],"fullName":"Data Isolation: DB Helper Functions Accept Workspace Parameter revokePortalToken should accept workspaceId parameter","status":"passed","title":"revokePortalToken should accept workspaceId parameter","duration":0.29375699999997096,"failureMessages":[],"meta":{}},{"ancestorTitles":["Data Isolation: DB Helper Functions Accept Workspace Parameter"],"fullName":"Data Isolation: DB Helper Functions Accept Workspace Parameter dismissComplianceAlert should accept workspaceId parameter","status":"passed","title":"dismissComplianceAlert should accept workspaceId parameter","duration":0.36301400000002104,"failureMessages":[],"meta":{}},{"ancestorTitles":["Data Isolation: DB Helper Functions Accept Workspace Parameter"],"fullName":"Data Isolation: DB Helper Functions Accept Workspace Parameter resolveComplianceAlert should accept workspaceId parameter","status":"passed","title":"resolveComplianceAlert should accept workspaceId parameter","duration":0.422004999999956,"failureMessages":[],"meta":{}},{"ancestorTitles":["Data Isolation: Protected Procedures Use ctx.user"],"fullName":"Data Isolation: Protected Procedures Use ctx.user procedures with alertId should verify workspace before modifying alerts","status":"passed","title":"procedures with alertId should verify workspace before modifying alerts","duration":10.96475399999997,"failureMessages":[],"meta":{}}],"startTime":1787812429690,"endTime":1787812429709.9648,"status":"passed","message":"","name":"/home/ubuntu/russell-capital-unified/server/data-isolation.test.ts"},{"assertionResults":[{"ancestorTitles":["unified visual system"],"fullName":"unified visual system uses a persistent high-resolution city hero instead of the broken external URL","status":"passed","title":"uses a persistent high-resolution city hero instead of the broken external URL","duration":1.6392290000000003,"failureMessages":[],"meta":{}},{"ancestorTitles":["unified visual system"],"fullName":"unified visual system preserves the homepage emerald lighting and dark readability masks","status":"passed","title":"preserves the homepage emerald lighting and dark readability masks","duration":0.39346700000001533,"failureMessages":[],"meta":{}},{"ancestorTitles":["unified visual system"],"fullName":"unified visual system scopes the purple visual system to AppShell portal interiors","status":"passed","title":"scopes the purple visual system to AppShell portal interiors","duration":0.4781680000000108,"failureMessages":[],"meta":{}}],"startTime":1787812436583,"endTime":1787812436586.4783,"status":"passed","message":"","name":"/home/ubuntu/russell-capital-unified/server/design-system.test.ts"},{"assertionResults":[{"ancestorTitles":["Canonical Domain Redirect Middleware"],"fullName":"Canonical Domain Redirect Middleware redirects www.russellcap.com to canonical domain","status":"passed","title":"redirects www.russellcap.com to canonical domain","duration":1.6853979999999922,"failureMessages":[],"meta":{}},{"ancestorTitles":["Canonical Domain Redirect Middleware"],"fullName":"Canonical Domain Redirect Middleware redirects bare russellcap.com to canonical domain","status":"passed","title":"redirects bare russellcap.com to canonical domain","duration":0.3271249999999952,"failureMessages":[],"meta":{}},{"ancestorTitles":["Canonical Domain Redirect Middleware"],"fullName":"Canonical Domain Redirect Middleware redirects non-www russellcapitalsystems.com to canonical","status":"passed","title":"redirects non-www russellcapitalsystems.com to canonical","duration":0.2582879999999932,"failureMessages":[],"meta":{}},{"ancestorTitles":["Canonical Domain Redirect Middleware"],"fullName":"Canonical Domain Redirect Middleware redirects random third-party domain","status":"passed","title":"redirects random third-party domain","duration":0.16232700000000477,"failureMessages":[],"meta":{}},{"ancestorTitles":["Canonical Domain Redirect Middleware"],"fullName":"Canonical Domain Redirect Middleware preserves URL path during redirect","status":"passed","title":"preserves URL path during redirect","duration":0.30737700000000245,"failureMessages":[],"meta":{}},{"ancestorTitles":["Canonical Domain Redirect Middleware"],"fullName":"Canonical Domain Redirect Middleware preserves query strings during redirect","status":"passed","title":"preserves query strings during redirect","duration":0.23952500000001464,"failureMessages":[],"meta":{}},{"ancestorTitles":["Canonical Domain Redirect Middleware"],"fullName":"Canonical Domain Redirect Middleware handles host with port number","status":"passed","title":"handles host with port number","duration":0.16803200000001084,"failureMessages":[],"meta":{}},{"ancestorTitles":["Canonical Domain Redirect Middleware"],"fullName":"Canonical Domain Redirect Middleware is case-insensitive","status":"passed","title":"is case-insensitive","duration":0.13898900000000936,"failureMessages":[],"meta":{}},{"ancestorTitles":["Canonical Domain Redirect Middleware"],"fullName":"Canonical Domain Redirect Middleware does NOT redirect canonical domain","status":"passed","title":"does NOT redirect canonical domain","duration":0.31818000000001234,"failureMessages":[],"meta":{}},{"ancestorTitles":["Canonical Domain Redirect Middleware"],"fullName":"Canonical Domain Redirect Middleware does NOT redirect localhost","status":"passed","title":"does NOT redirect localhost","duration":0.2009220000000198,"failureMessages":[],"meta":{}},{"ancestorTitles":["Canonical Domain Redirect Middleware"],"fullName":"Canonical Domain Redirect Middleware does NOT redirect 127.0.0.1","status":"passed","title":"does NOT redirect 127.0.0.1","duration":0.15168000000002735,"failureMessages":[],"meta":{}},{"ancestorTitles":["Canonical Domain Redirect Middleware"],"fullName":"Canonical Domain Redirect Middleware does NOT redirect empty host","status":"passed","title":"does NOT redirect empty host","duration":0.12578500000000759,"failureMessages":[],"meta":{}},{"ancestorTitles":["Canonical Domain Redirect Middleware"],"fullName":"Canonical Domain Redirect Middleware does NOT redirect *.manus.computer (dev preview proxy)","status":"passed","title":"does NOT redirect *.manus.computer (dev preview proxy)","duration":0.11930700000002048,"failureMessages":[],"meta":{}},{"ancestorTitles":["Canonical Domain Redirect Middleware"],"fullName":"Canonical Domain Redirect Middleware does NOT redirect *.manus.space (published site)","status":"passed","title":"does NOT redirect *.manus.space (published site)","duration":0.11600599999999872,"failureMessages":[],"meta":{}},{"ancestorTitles":["Canonical Domain Redirect Middleware"],"fullName":"Canonical Domain Redirect Middleware does NOT redirect 169.254.* (link-local)","status":"passed","title":"does NOT redirect 169.254.* (link-local)","duration":0.11463900000001104,"failureMessages":[],"meta":{}},{"ancestorTitles":["Canonical Domain Redirect Middleware"],"fullName":"Canonical Domain Redirect Middleware does NOT redirect in development mode","status":"passed","title":"does NOT redirect in development mode","duration":0.11398199999999292,"failureMessages":[],"meta":{}}],"startTime":1787812430312,"endTime":1787812430317.114,"status":"passed","message":"","name":"/home/ubuntu/russell-capital-unified/server/domainRedirect.test.ts"},{"assertionResults":[{"ancestorTitles":["Dynamic Tax Bracket Projection Engine"],"fullName":"Dynamic Tax Bracket Projection Engine should produce 20 years of projections","status":"passed","title":"should produce 20 years of projections","duration":3.431079000000011,"failureMessages":[],"meta":{}},{"ancestorTitles":["Dynamic Tax Bracket Projection Engine"],"fullName":"Dynamic Tax Bracket Projection Engine should show income growing each year","status":"passed","title":"should show income growing each year","duration":1.0724690000000123,"failureMessages":[],"meta":{}},{"ancestorTitles":["Dynamic Tax Bracket Projection Engine"],"fullName":"Dynamic Tax Bracket Projection Engine should calculate after-tax income correctly","status":"passed","title":"should calculate after-tax income correctly","duration":0.8531509999999685,"failureMessages":[],"meta":{}},{"ancestorTitles":["Dynamic Tax Bracket Projection Engine"],"fullName":"Dynamic Tax Bracket Projection Engine should have cumulative tax savings that increase monotonically","status":"passed","title":"should have cumulative tax savings that increase monotonically","duration":0.8175730000000385,"failureMessages":[],"meta":{}},{"ancestorTitles":["Dynamic Tax Bracket Projection Engine"],"fullName":"Dynamic Tax Bracket Projection Engine should show effective rate below marginal rate","status":"passed","title":"should show effective rate below marginal rate","duration":1.2475599999999645,"failureMessages":[],"meta":{}},{"ancestorTitles":["Dynamic Tax Bracket Projection Engine","O&G Deduction Integration"],"fullName":"Dynamic Tax Bracket Projection Engine O&G Deduction Integration should reduce taxable income with O&G deductions","status":"passed","title":"should reduce taxable income with O&G deductions","duration":2.6734519999999975,"failureMessages":[],"meta":{}},{"ancestorTitles":["Dynamic Tax Bracket Projection Engine","O&G Deduction Integration"],"fullName":"Dynamic Tax Bracket Projection Engine O&G Deduction Integration should apply year 1 depreciation at 80% and ongoing at 8%","status":"passed","title":"should app
[...]
4028599999999756,"failureMessages":[],"meta":{}},{"ancestorTitles":["Time Machine AG49 — Core Engine","Rate comparison table"],"fullName":"Time Machine AG49 — Core Engine Rate comparison table should have 16 rate entries","status":"passed","title":"should have 16 rate entries","duration":0.12364800000000287,"failureMessages":[],"meta":{}},{"ancestorTitles":["Time Machine AG49 — Core Engine","Rate comparison table"],"fullName":"Time Machine AG49 — Core Engine Rate comparison table should have rates from 0.1% to 7.5%","status":"passed","title":"should have rates from 0.1% to 7.5%","duration":0.13197600000000875,"failureMessages":[],"meta":{}},{"ancestorTitles":["Time Machine AG49 — Core Engine","Rate comparison table"],"fullName":"Time Machine AG49 — Core Engine Rate comparison table should show higher rates reaching targets faster","status":"passed","title":"should show higher rates reaching targets faster","duration":0.15693999999999164,"failureMessages":[],"meta":{}},{"ancestorTitles":["Time Machine AG49 — Core Engine","Rate comparison table"],"fullName":"Time Machine AG49 — Core Engine Rate comparison table should show 80% target takes longer than 50% which takes longer than 28%","status":"passed","title":"should show 80% target takes longer than 50% which takes longer than 28%","duration":0.16535000000001787,"failureMessages":[],"meta":{}},{"ancestorTitles":["Time Machine AG49 — Core Engine","Rate comparison table"],"fullName":"Time Machine AG49 — Core Engine Rate comparison table should return null for targets not reachable within maxYears at low rates","status":"passed","title":"should return null for targets not reachable within maxYears at low rates","duration":0.1239530000000002,"failureMessages":[],"meta":{}},{"ancestorTitles":["Time Machine AG49 — Core Engine","Rate comparison table"],"fullName":"Time Machine AG49 — Core Engine Rate comparison table should match simulation results for 6.5%","status":"passed","title":"should match simulation results for 6.5%","duration":0.2158239999999978,"failureMessages":[],"meta":{}},{"ancestorTitles":["Time Machine AG49 — Core Engine","Formula verification"],"fullName":"Time Machine AG49 — Core Engine Formula verification should satisfy: effectiveReturn = (AV * R) / totalPremiums * 100 for every row","status":"passed","title":"should satisfy: effectiveReturn = (AV * R) / totalPremiums * 100 for every row","duration":0.9917830000000265,"failureMessages":[],"meta":{}},{"ancestorTitles":["Time Machine AG49 — Core Engine","Formula verification"],"fullName":"Time Machine AG49 — Core Engine Formula verification should satisfy: interestCredit = beginningValue * rate for every row","status":"passed","title":"should satisfy: interestCredit = beginningValue * rate for every row","duration":1.102546999999987,"failureMessages":[],"meta":{}},{"ancestorTitles":["Time Machine AG49 — Core Engine","Formula verification"],"fullName":"Time Machine AG49 — Core Engine Formula verification should satisfy: endingValue = beginningValue + interestCredit for every row","status":"passed","title":"should satisfy: endingValue = beginningValue + interestCredit for every row","duration":1.0477610000000084,"failureMessages":[],"meta":{}},{"ancestorTitles":["Time Machine AG49 — Core Engine","Formula verification"],"fullName":"Time Machine AG49 — Core Engine Formula verification Rule of 72 approximation: account should roughly double every 72/rate years after funding","status":"passed","title":"Rule of 72 approximation: account should roughly double every 72/rate years after funding","duration":0.9605129999999917,"failureMessages":[],"meta":{}}],"startTime":1787812417325,"endTime":1787812417347.9604,"status":"passed","message":"","name":"/home/ubuntu/russell-capital-unified/server/time-machine-ag49.test.ts"},{"assertionResults":[{"ancestorTitles":["Time Machine Engine — Core via Dual Illustration"],"fullName":"Time Machine Engine — Core via Dual Illustration generateDualIllustration produces boring and historical illustrations","status":"passed","title":"generateDualIllustration produces boring and historical illustrations","duration":3.606615000000005,"failureMessages":[],"meta":{}},{"ancestorTitles":["Time Machine Engine — Core via Dual Illustration"],"fullName":"Time Machine Engine — Core via Dual Illustration boring illustration has constant crediting rate","status":"passed","title":"boring illustration has constant crediting rate","duration":1.5230689999999925,"failureMessages":[],"meta":{}},{"ancestorTitles":["Time Machine Engine — Core via Dual Illustration"],"fullName":"Time Machine Engine — Core via Dual Illustration historical illustration has varying crediting rates","status":"passed","title":"historical illustration has varying crediting rates","duration":0.5375589999999875,"failureMessages":[],"meta":{}},{"ancestorTitles":["Time Machine Engine — Core via Dual Illustration"],"fullName":"Time Machine Engine — Core via Dual Illustration account value grows during funding years","status":"passed","title":"account value grows during funding years","duration":0.48175000000000523,"failureMessages":[],"meta":{}},{"ancestorTitles":["Time Machine Engine — Core via Dual Illustration"],"fullName":"Time Machine Engine — Core via Dual Illustration benchmarks are computed for boring and historical","status":"passed","title":"benchmarks are computed for boring and historical","duration":3.3104490000000055,"failureMessages":[],"meta":{}},{"ancestorTitles":["Time Machine Engine — Overlay Generation"],"fullName":"Time Machine Engine — Overlay Generation generateTimeMachineOverlay returns correct length","status":"passed","title":"generateTimeMachineOverlay returns correct length","duration":0.46708699999999226,"failureMessages":[],"meta":{}},{"ancestorTitles":["Time Machine Engine — Overlay Generation"],"fullName":"Time Machine Engine — Overlay Generation overlay uses historical crediting rates","status":"passed","title":"overlay uses historical crediting rates","duration":0.32283599999999524,"failureMessages":[],"meta":{}},{"ancestorTitles":["Time Machine Engine — Overlay Generation"],"fullName":"Time Machine Engine — Overlay Generation overlay with multiple indices blends rates","status":"passed","title":"overlay with multiple indices blends rates","duration":1.033316999999954,"failureMessages":[],"meta":{}},{"ancestorTitles":["Time Machine Engine — Overlay Generation"],"fullName":"Time Machine Engine — Overlay Generation overlay with loan parameters returns data","status":"passed","title":"overlay with loan parameters returns data","duration":1.048345999999981,"failureMessages":[],"meta":{}},{"ancestorTitles":["Time Machine Engine — Overlay Generation"],"fullName":"Time Machine Engine — Overlay Generation $400K/yr x 5 years at 6.5% eventually reaches 28% effective return","status":"passed","title":"$400K/yr x 5 years at 6.5% eventually reaches 28% effective return","duration":1.1152039999999488,"failureMessages":[],"meta":{}},{"ancestorTitles":["Time Machine Engine — Index Data"],"fullName":"Time Machine Engine — Index Data ALL_INDEX_OPTIONS has entries","status":"passed","title":"ALL_INDEX_OPTIONS has entries","duration":0.16472399999997833,"failureMessages":[],"meta":{}},{"ancestorTitles":["Time Machine Engine — Index Data"],"fullName":"Time Machine Engine — Index Data getPopularIndexOptions returns subset","status":"passed","title":"getPopularIndexOptions returns subset","duration":0.38697799999999916,"failureMessages":[],"meta":{}},{"ancestorTitles":["Time Machine Engine — Index Data"],"fullName":"Time Machine Engine — Index Data getCreditingHistory returns 25+ years for SP500","status":"passed","title":"getCreditingHistory returns 25+ years for SP500","duration":0.21983799999998155,"failureMessages":[],"meta":{}},{"ancestorTitles":["Time Machine Engine — Index Data"],"fullName":"Time Machine Engine — Index Data getCreditedRate returns a number for SP500 option","status":"passed","title":"getCreditedRate returns a number for SP500 option","duration":0.4506109999999808,"failureMessages":[],"meta":{}},{"ancestorTitles":["Time Machine Engine — Index Data"],"fullName":"Time Machine Engine — Index Data getCreditedRate respects cap for high-return years","status":"passed","title":"getCreditedRate respects cap for high-return years","duration":0.22850199999999177,"failureMessages":[],"meta":{}},{"ancestorTitles":["Time Machine — Mortgage Killer Scenario"],"fullName":"Time Machine — Mortgage Killer Scenario overlay sized for typical mortgage killer premium","status":"passed","title":"overlay sized for typical mortgage killer premium","duration":0.37148100000001705,"failureMessages":[],"meta":{}},{"ancestorTitles":["Time Machine — Mortgage Killer Scenario"],"fullName":"Time Machine — Mortgage Killer Scenario overlay for large premium ($400K/yr x 5)","status":"passed","title":"overlay for large premium ($400K/yr x 5)","duration":0.2280110000000377,"failureMessages":[],"meta":{}},{"ancestorTitles":["Time Machine Engine — Edge Cases"],"fullName":"Time Machine Engine — Edge Cases handles 1-year funding via overlay","status":"passed","title":"handles 1-year funding via overlay","duration":0.3573409999999626,"failureMessages":[],"meta":{}},{"ancestorTitles":["Time Machine Engine — Edge Cases"],"fullName":"Time Machine Engine — Edge Cases handles very young age (25)","status":"passed","title":"handles very young age (25)","duration":0.5271490000000085,"failureMessages":[],"meta":{}},{"ancestorTitles":["Time Machine Engine — Edge Cases"],"fullName":"Time Machine Engine — Edge Cases handles very old age (70)","status":"passed","title":"handles very old age (70)","duration":0.2706540000000359,"failureMessages":[],"meta":{}}],"startTime":1787812421422,"endTime":1787812421440.2708,"status":"passed","message":"","name":"/home/ubuntu/russell-capital-unified/server/time-machine-integration.test.ts"},{"assertionResults":[{"ancestorTitles":["Managed OAuth — trial password API retirement"],"fullName":"Managed OAuth — trial password API retirement rejects the former trial password in the compatibility helper","status":"passed","title":"rejects the former trial password in the compatibility helper","duration":2.744343999999984,"failureMessages":[],"meta":{}},{"ancestorTitles":["Managed OAuth — trial password API retirement"],"fullName":"Managed OAuth — trial password API retirement does not mount trial login or status endpoints","status":"passed","title":"does not mount trial login or status endpoints","duration":1.2378630000000044,"failureMessages":[],"meta":{}},{"ancestorTitles":["Managed OAuth — trial password API retirement"],"fullName":"Managed OAuth — trial password API retirement keeps the public trial route as managed-OAuth guidance","status":"passed","title":"keeps the public trial route as managed-OAuth guidance","duration":0.5558670000000063,"failureMessages":[],"meta":{}},{"ancestorTitles":["Commission Tracker Data Integrity"],"fullName":"Commission Tracker Data Integrity should have exactly 14 tools","status":"passed","title":"should have exactly 14 tools","duration":0.27961899999999673,"failureMessages":[],"meta":{}},{"ancestorTitles":["Commission Tracker Data Integrity"],"fullName":"Commission Tracker Data Integrity should have unique IDs for all tools","status":"passed","title":"should have unique IDs for all tools","duration":0.18494499999999903,"failureMessages":[],"meta":{}},{"ancestorTitles":["Commission Tracker Data Integrity"],"fullName":"Commission Tracker Data Integrity should have total monthly commission of $1,570,000","status":"passed","title":"should have total monthly commission of $1,570,000","duration":0.23376399999997943,"failureMessages":[],"meta":{}},{"ancestorTitles":["Commission Tracker Data Integrity"],"fullName":"Commission Tracker Data Integrity should have Mortgage Killer at $40,000/month life commissions","status":"passed","title":"should have Mortgage Killer at $40,000/month life commissions","duration":0.22785899999999515,"failureMessages":[],"meta":{}},{"ancestorTitles":["Commission Tracker Data Integrity"],"fullName":"Commission Tracker Data Integrity should have Estate Flow Chart at $70,000/month annuity commissions","status":"passed","title":"should have Estate Flow Chart at $70,000/month annuity commissions","duration":0.18582499999999413,"failureMessages":[],"meta":{}},{"ancestorTitles":["Commission Tracker Data Integrity"],"fullName":"Commission Tracker Data Integrity should have Income Gap Analyzer at $70,000/month annuity commissions","status":"passed","title":"should have Income Gap Analyzer at $70,000/month annuity commissions","duration":0.35450499999998897,"failureMessages":[],"meta":{}},{"ancestorTitles":["Commission Tracker Data Integrity"],"fullName":"Commission Tracker Data Integrity should have Real Estate Mogul at $300,000/month life commissions","status":"passed","title":"should have Real Estate Mogul at $300,000/month life commissions","duration":0.236551999999989,"failureMessages":[],"meta":{}},{"ancestorTitles":["Commission Tracker Data Integrity"],"fullName":"Commission Tracker Data Integrity should have House Recycling at $200,000/month life commissions","status":"passed","title":"should have House Recycling at $200,000/month life commissions","duration":0.1730230000000006,"failureMessages":[],"meta":{}},{"ancestorTitles":["Commission Tracker Data Integrity"],"fullName":"Commission Tracker Data Integrity should have all valid commission types","status":"passed","title":"should have all valid commission types","duration":1.7877660000000049,"failureMessages":[],"meta":{}},{"ancestorTitles":["Commission Tracker Data Integrity"],"fullName":"Commission Tracker Data Integrity annual potential should be 12x monthly","status":"passed","title":"annual potential should be 12x monthly","duration":0.19439699999998084,"failureMessages":[],"meta":{}}],"startTime":1787812429966,"endTime":1787812429975.1943,"status":"passed","message":"","name":"/home/ubuntu/russell-capital-unified/server/trialAndCommission.test.ts"},{"assertionResults":[{"ancestorTitles":["Video Script Generator"],"fullName":"Video Script Generator should define all 5 chapter types","status":"passed","title":"should define all 5 chapter types","duration":2.7413449999999955,"failureMessages":[],"meta":{}},{"ancestorTitles":["Video Script Generator"],"fullName":"Video Script Generator should generate chapter titles from types","status":"passed","title":"should generate chapter titles from types","duration":0.7236730000000193,"failureMessages":[],"meta":{}},{"ancestorTitles":["Video Script Generator"],"fullName":"Video Script Generator should estimate duration for each chapter type","status":"passed","title":"should estimate duration for each chapter type","duration":0.4422350000000108,"failureMessages":[],"meta":{}},{"ancestorTitles":["HeyGen Service Configuration"],"fullName":"HeyGen Service Configuration should construct correct API URL for video generation","status":"passed","title":"should construct correct API URL for video generation","duration":0.2535289999999861,"failureMessages":[],"meta":{}},{"ancestorTitles":["HeyGen Service Configuration"],"fullName":"HeyGen Service Configuration should construct correct API URL for video status","status":"passed","title":"should construct correct API URL for video status","duration":0.2008909999999844,"failureMessages":[],"meta":{}},{"ancestorTitles":["HeyGen Service Configuration"],"fullName":"HeyGen Service Configuration should construct correct API URL for avatar listing","status":"passed","title":"should construct correct API URL for avatar listing","duration":0.19991699999999923,"failureMessages":[],"meta":{}},{"ancestorTitles":["HeyGen Service Configuration"],"fullName":"HeyGen Service Configuration should construct correct API URL for voice listing","status":"passed","title":"should construct correct API URL for voice listing","duration":0.16269900000000348,"failureMessages":[],"meta":{}},{"ancestorTitles":["Video Proposal Data Structures"],"fullName":"Video Proposal Data Structures should validate proposal status transitions","status":"passed","title":"should validate proposal status transitions","duration":0.9754039999999975,"failureMessages":[],"meta":{}},{"ancestorTitles":["Video Proposal Data Structures"],"fullName":"Video Proposal Data Structures should validate engagement event types","status":"passed","title":"should validate engagement event types","duration":0.7104479999999853,"failureMessages":[],"meta":{}},{"ancestorTitles":["Video Proposal Data Structures"],"fullName":"Video Proposal Data Structures should calculate total duration from chapters","status":"passed","title":"should calculate total duration from chapters","duration":0.22565199999999663,"failureMessages":[],"meta":{}},{"ancestorTitles":["Video Proposal Data Structures"],"fullName":"Video Proposal Data Structures should generate a valid share token format","status":"passed","title":"should generate a valid share token format","duration":0.3936599999999828,"failureMessages":[],"meta":{}},{"ancestorTitles":["Video Proposal Data Structures"],"fullName":"Video Proposal Data Structures should validate percent watched is between 0 and 100","status":"passed","title":"should validate percent watched is between 0 and 100","duration":0.3003980000000013,"failureMessages":[],"meta":{}},{"ancestorTitles":["Script Prompt Building"],"fullName":"Script Prompt Building should build a client context string from client data","status":"passed","title":"should build a client context string from client data","duration":17.99421099999998,"failureMessages":[],"meta":{}},{"ancestorTitles":["Script Prompt Building"],"fullName":"Script Prompt Building should build strategy data context from calculation results","status":"passed","title":"should build strategy data context from calculation results","duration":0.22392499999995152,"failureMessages":[],"meta":{}},{"ancestorTitles":["Script Prompt Building"],"fullName":"Script Prompt Building should handle missing client data gracefully","status":"passed","title":"should handle missing client data gracefully","duration":0.1336289999999849,"failureMessages":[],"meta":{}},{"ancestorTitles":["Script Prompt Building"],"fullName":"Script Prompt Building should handle missing strategy data gracefully","status":"passed","title":"should handle missing strategy data gracefully","duration":0.4414270000000329,"failureMessages":[],"meta":{}},{"ancestorTitles":["Engagement Analytics"],"fullName":"Engagement Analytics should calculate average watch time from events","status":"passed","title":"should calculate average watch time from events","duration":0.4776640000000043,"failureMessages":[],"meta":{}},{"ancestorTitles":["Engagement Analytics"],"fullName":"Engagement Analytics should calculate completion rate from events","status":"passed","title":"should calculate completion rate from events","duration":0.20091100000001916,"failureMessages":[],"meta":{}},{"ancestorTitles":["Engagement Analytics"],"fullName":"Engagement Analytics should identify most rewatched chapters","status":"passed","title":"should identify most rewatched chapters","duration":0.694231000000002,"failureMessages":[],"meta":{}},{"ancestorTitles":["Engagement Analytics"],"fullName":"Engagement Analytics should calculate drop-off points","status":"passed","title":"should calculate drop-off points","duration":0.2284880000000271,"failureMessages":[],"meta":{}}],"startTime":1787812421695,"endTime":1787812421723.6943,"status":"passed","message":"","name":"/home/ubuntu/russell-capital-unified/server/videoProposal.test.ts"},{"assertionResults":[{"ancestorTitles":["XAI_API_KEY"],"fullName":"XAI_API_KEY authenticates with a funded xAI Grok chat completion","status":"skipped","title":"authenticates with a funded xAI Grok chat completion","failureMessages":[],"meta":{}}],"startTime":1787812412178,"endTime":1787812412178,"status":"passed","message":"","name":"/home/ubuntu/russell-capital-unified/server/xai.secret.test.ts"}]}